2	00:19:32.425	MyEA EURUSD,M5: modify #76263767 buy 1.00 EURUSD at 1.16187 sl: 1.16596 tp: 0.00000 ok
2	00:19:32.782	MyEA EURUSD,M5: modify #76263767 buy 1.00 EURUSD at 1.16187 sl: 1.16599 tp: 0.00000 ok
2	00:19:33.295	MyEA EURUSD,M5: modify #76263767 buy 1.00 EURUSD at 1.16187 sl: 1.16603 tp: 0.00000 ok
2	00:19:34.309	MyEA EURUSD,M5: modify #76263767 buy 1.00 EURUSD at 1.16187 sl: 1.16605 tp: 0.00000 ok
2	00:23:58.202	MyEA EURUSD,M5: modify #76263767 buy 1.00 EURUSD at 1.16187 sl: 1.16606 tp: 0.00000 ok
2	00:24:13.335	MyEA EURUSD,M5: modify #76263767 buy 1.00 EURUSD at 1.16187 sl: 1.16608 tp: 0.00000 ok
2	00:24:13.754	MyEA EURUSD,M5: modify #76263767 buy 1.00 EURUSD at 1.16187 sl: 1.16610 tp: 0.00000 ok
2	00:24:14.153	MyEA EURUSD,M5: modify #76263767 buy 1.00 EURUSD at 1.16187 sl: 1.16613 tp: 0.00000 ok
2	00:24:14.483	MyEA EURUSD,M5: modify #76263767 buy 1.00 EURUSD at 1.16187 sl: 1.16618 tp: 0.00000 ok
2	00:24:15.154	MyEA EURUSD,M5: modify #76263767 buy 1.00 EURUSD at 1.16187 sl: 1.16619 tp: 0.00000 ok
2	00:24:16.568	MyEA EURUSD,M5: modify #76263767 buy 1.00 EURUSD at 1.16187 sl: 1.16620 tp: 0.00000 ok
2	00:24:18.016	MyEA EURUSD,M5: modify #76263767 buy 1.00 EURUSD at 1.16187 sl: 1.16621 tp: 0.00000 ok
2	00:24:18.376	MyEA EURUSD,M5: modify #76263767 buy 1.00 EURUSD at 1.16187 sl: 1.16623 tp: 0.00000 ok
2	00:24:19.280	MyEA EURUSD,M5: modify #76263767 buy 1.00 EURUSD at 1.16187 sl: 1.16624 tp: 0.00000 ok
2	00:24:20.186	MyEA EURUSD,M5: modify #76263767 buy 1.00 EURUSD at 1.16187 sl: 1.16625 tp: 0.00000 ok
2	00:25:29.459	MyEA EURUSD,M5: modify #76263767 buy 1.00 EURUSD at 1.16187 sl: 1.16626 tp: 0.00000 ok
2	00:25:31.238	MyEA EURUSD,M5: modify #76263767 buy 1.00 EURUSD at 1.16187 sl: 1.16627 tp: 0.00000 ok
2	00:25:31.630	MyEA EURUSD,M5: modify #76263767 buy 1.00 EURUSD at 1.16187 sl: 1.16629 tp: 0.00000 ok
2	00:25:33.515	MyEA EURUSD,M5: modify #76263767 buy 1.00 EURUSD at 1.16187 sl: 1.16632 tp: 0.00000 ok
2	00:25:33.822	MyEA EURUSD,M5: modify #76263767 buy 1.00 EURUSD at 1.16187 sl: 1.16642 tp: 0.00000 ok
2	00:25:34.654	MyEA EURUSD,M5: modify #76263767 buy 1.00 EURUSD at 1.16187 sl: 1.16643 tp: 0.00000 ok
2	00:25:38.688	MyEA EURUSD,M5: modify #76263767 buy 1.00 EURUSD at 1.16187 sl: 1.16644 tp: 0.00000 ok
2	00:25:53.194	MyEA EURUSD,M5: modify #76263767 buy 1.00 EURUSD at 1.16187 sl: 1.16645 tp: 0.00000 ok
2	00:25:53.564	MyEA EURUSD,M5: modify #76263767 buy 1.00 EURUSD at 1.16187 sl: 1.16647 tp: 0.00000 ok
2	00:25:53.982	MyEA EURUSD,M5: modify #76263767 buy 1.00 EURUSD at 1.16187 sl: 1.16649 tp: 0.00000 ok
2	00:25:54.968	MyEA EURUSD,M5: modify #76263767 buy 1.00 EURUSD at 1.16187 sl: 1.16651 tp: 0.00000 ok
2	00:25:55.391	MyEA EURUSD,M5: modify #76263767 buy 1.00 EURUSD at 1.16187 sl: 1.16652 tp: 0.00000 ok
2	00:25:55.821	MyEA EURUSD,M5: modify #76263767 buy 1.00 EURUSD at 1.16187 sl: 1.16656 tp: 0.00000 ok
2	00:25:58.217	MyEA EURUSD,M5: modify #76263767 buy 1.00 EURUSD at 1.16187 sl: 1.16657 tp: 0.00000 ok
2	00:25:58.608	MyEA EURUSD,M5: modify #76263767 buy 1.00 EURUSD at 1.16187 sl: 1.16659 tp: 0.00000 ok
2	00:26:00.894	MyEA EURUSD,M5: modify #76263767 buy 1.00 EURUSD at 1.16187 sl: 1.16660 tp: 0.00000 ok
2	00:26:01.242	MyEA EURUSD,M5: modify #76263767 buy 1.00 EURUSD at 1.16187 sl: 1.16662 tp: 0.00000 ok
2	00:26:01.591	MyEA EURUSD,M5: modify #76263767 buy 1.00 EURUSD at 1.16187 sl: 1.16663 tp: 0.00000 ok
2	00:26:02.833	MyEA EURUSD,M5: modify #76263767 buy 1.00 EURUSD at 1.16187 sl: 1.16666 tp: 0.00000 ok
2	00:26:04.294	MyEA EURUSD,M5: modify #76263767 buy 1.00 EURUSD at 1.16187 sl: 1.16667 tp: 0.00000 ok
2	00:26:04.658	MyEA EURUSD,M5: modify #76263767 buy 1.00 EURUSD at 1.16187 sl: 1.16670 tp: 0.00000 ok
2	00:26:05.031	MyEA EURUSD,M5: modify #76263767 buy 1.00 EURUSD at 1.16187 sl: 1.16676 tp: 0.00000 ok
2	00:26:05.655	MyEA EURUSD,M5: modify #76263767 buy 1.00 EURUSD at 1.16187 sl: 1.16678 tp: 0.00000 ok
2	00:26:12.732	MyEA EURUSD,M5: modify #76263767 buy 1.00 EURUSD at 1.16187 sl: 1.16680 tp: 0.00000 ok
2	00:26:13.135	MyEA EURUSD,M5: modify #76263767 buy 1.00 EURUSD at 1.16187 sl: 1.16682 tp: 0.00000 ok
2	00:27:04.828	MyEA EURUSD,M5: modify #76263767 buy 1.00 EURUSD at 1.16187 sl: 1.16685 tp: 0.00000 ok
2	00:27:08.017	MyEA EURUSD,M5: modify #76263767 buy 1.00 EURUSD at 1.16187 sl: 1.16686 tp: 0.00000 ok
2	00:27:08.408	MyEA EURUSD,M5: modify #76263767 buy 1.00 EURUSD at 1.16187 sl: 1.16687 tp: 0.00000 ok
2	00:27:10.532	MyEA EURUSD,M5: modify #76263767 buy 1.00 EURUSD at 1.16187 sl: 1.16688 tp: 0.00000 ok
2	00:27:24.748	MyEA EURUSD,M5: modify #76263767 buy 1.00 EURUSD at 1.16187 sl: 1.16689 tp: 0.00000 ok
2	00:27:36.156	MyEA EURUSD,M5: modify #76263767 buy 1.00 EURUSD at 1.16187 sl: 1.16691 tp: 0.00000 ok
2	00:27:36.485	MyEA EURUSD,M5: modify #76263767 buy 1.00 EURUSD at 1.16187 sl: 1.16692 tp: 0.00000 ok
2	00:27:36.911	MyEA EURUSD,M5: modify #76263767 buy 1.00 EURUSD at 1.16187 sl: 1.16694 tp: 0.00000 ok
2	00:27:45.363	MyEA EURUSD,M5: modify #76263767 buy 1.00 EURUSD at 1.16187 sl: 1.16695 tp: 0.00000 ok
2	00:43:02.758	MyEA EURUSD,M5: modify #76263767 buy 1.00 EURUSD at 1.16187 sl: 1.16696 tp: 0.00000 ok
2	00:43:03.535	MyEA EURUSD,M5: modify #76263767 buy 1.00 EURUSD at 1.16187 sl: 1.16697 tp: 0.00000 ok
2	00:43:06.557	MyEA EURUSD,M5: modify #76263767 buy 1.00 EURUSD at 1.16187 sl: 1.16698 tp: 0.00000 ok
2	00:43:06.940	MyEA EURUSD,M5: modify #76263767 buy 1.00 EURUSD at 1.16187 sl: 1.16704 tp: 0.00000 ok
2	00:43:07.785	MyEA EURUSD,M5: modify #76263767 buy 1.00 EURUSD at 1.16187 sl: 1.16709 tp: 0.00000 ok
2	00:43:08.429	MyEA EURUSD,M5: modify #76263767 buy 1.00 EURUSD at 1.16187 sl: 1.16710 tp: 0.00000 ok
2	01:02:26.846	MyEA EURUSD,M5: modify #76263767 buy 1.00 EURUSD at 1.16187 sl: 1.16712 tp: 0.00000 ok
2	01:02:27.216	MyEA EURUSD,M5: modify #76263767 buy 1.00 EURUSD at 1.16187 sl: 1.16713 tp: 0.00000 ok
2	01:02:45.277	MyEA EURUSD,M5: modify #76263767 buy 1.00 EURUSD at 1.16187 sl: 1.16716 tp: 0.00000 ok
2	01:02:46.385	MyEA EURUSD,M5: modify #76263767 buy 1.00 EURUSD at 1.16187 sl: 1.16717 tp: 0.00000 ok
2	01:02:48.588	MyEA EURUSD,M5: modify #76263767 buy 1.00 EURUSD at 1.16187 sl: 1.16718 tp: 0.00000 ok
2	01:02:49.044	MyEA EURUSD,M5: modify #76263767 buy 1.00 EURUSD at 1.16187 sl: 1.16719 tp: 0.00000 ok
2	01:03:22.039	MyEA EURUSD,M5: modify #76263767 buy 1.00 EURUSD at 1.16187 sl: 1.16720 tp: 0.00000 ok
2	01:03:22.354	MyEA EURUSD,M5: modify #76263767 buy 1.00 EURUSD at 1.16187 sl: 1.16722 tp: 0.00000 ok
2	01:03:22.759	MyEA EURUSD,M5: modify #76263767 buy 1.00 EURUSD at 1.16187 sl: 1.16723 tp: 0.00000 ok
2	01:03:24.149	MyEA EURUSD,M5: modify #76263767 buy 1.00 EURUSD at 1.16187 sl: 1.16724 tp: 0.00000 ok
2	01:03:27.619	MyEA EURUSD,M5: modify #76263767 buy 1.00 EURUSD at 1.16187 sl: 1.16725 tp: 0.00000 ok
2	01:03:27.979	MyEA EURUSD,M5: modify #76263767 buy 1.00 EURUSD at 1.16187 sl: 1.16726 tp: 0.00000 ok
2	01:03:28.291	MyEA EURUSD,M5: modify #76263767 buy 1.00 EURUSD at 1.16187 sl: 1.16727 tp: 0.00000 ok
2	01:03:29.119	MyEA EURUSD,M5: modify #76263767 buy 1.00 EURUSD at 1.16187 sl: 1.16729 tp: 0.00000 ok
2	01:03:30.963	MyEA EURUSD,M5: modify #76263767 buy 1.00 EURUSD at 1.16187 sl: 1.16731 tp: 0.00000 ok
0	07:05:24.994	myMA EURUSD,M5: uninit reason 1
0	07:05:24.995	Custom indicator myMA EURUSD,M5: removed
0	07:05:30.068	myMACD EURUSD,M5: uninit reason 7
0	07:05:30.068	MyEA EURUSD,M5: uninit reason 7
0	07:05:30.102	Expert MyEA EURUSD,M5: removed
0	07:05:30.106	Custom indicator myMACD EURUSD,M5: removed
0	07:05:30.119	Custom indicator my\myMA EURUSD,M5: loaded successfully
0	07:05:30.132	Custom indicator myMACD EURUSD,M5: loaded successfully
0	07:05:30.145	Expert MyEA EURUSD,M5: loaded successfully
0	07:05:30.145	MyEA EURUSD,M5 inputs: FastEMA=12; SlowEMA=26; SignalSMA=9; orderMagic=123456; moveStopLost=200; startMoveStopLost=100; orderStopLost=200; orderTakeProfit=0; startSaveProfit=100; 
0	07:05:30.154	myMA EURUSD,M5: initialized
0	07:05:30.164	myMACD EURUSD,M5: initialized
0	07:05:30.200	MyEA EURUSD,M5: initialized
0	07:05:36.647	myMA EURUSD,M5: uninit reason 7
0	07:05:36.647	myMACD EURUSD,M5: uninit reason 7
0	07:05:36.647	MyEA EURUSD,M5: uninit reason 7
0	07:05:36.649	Expert MyEA EURUSD,M5: removed
0	07:05:36.650	Custom indicator myMA EURUSD,M5: removed
0	07:05:36.651	Custom indicator myMACD EURUSD,M5: removed
0	07:05:36.663	Custom indicator my\myMA EURUSD,M5: loaded successfully
0	07:05:36.674	Custom indicator myMACD EURUSD,M5: loaded successfully
0	07:05:36.687	Expert MyEA EURUSD,M5: loaded successfully
0	07:05:36.687	MyEA EURUSD,M5 inputs: FastEMA=12; SlowEMA=26; SignalSMA=9; orderMagic=123456; moveStopLost=200; startMoveStopLost=100; orderStopLost=200; orderTakeProfit=0; startSaveProfit=100; 
0	07:05:36.696	myMA EURUSD,M5: initialized
0	07:05:36.705	myMACD EURUSD,M5: initialized
0	07:05:36.743	MyEA EURUSD,M5: initialized
2	15:40:01.547	MyEA EURUSD,M5: open #76484448 sell 1.00 EURUSD at 1.16817 sl: 1.17017 ok
2	18:40:01.526	MyEA EURUSD,M5: open #76491086 sell 1.00 EURUSD at 1.17015 sl: 1.17215 ok
0	19:58:26.331	myMA EURUSD,M5: uninit reason 1
0	19:58:26.337	Custom indicator myMA EURUSD,M5: removed
0	19:58:29.768	Custom indicator my\myMA EURUSD,M5: loaded successfully
0	19:58:51.604	myMA EURUSD,M5: initialized
0	20:00:18.372	myMA EURUSD,M5: uninit reason 1
0	20:00:18.374	Custom indicator myMA EURUSD,M5: removed
0	20:00:24.067	Custom indicator my\myMA EURUSD,M5: loaded successfully
0	20:00:25.680	myMA EURUSD,M5: initialized
2	20:30:01.264	MyEA EURUSD,M5: open #76497785 sell 1.00 EURUSD at 1.17061 sl: 1.17261 ok
2	21:45:01.488	MyEA EURUSD,M5: open #76510613 sell 1.00 EURUSD at 1.17185 sl: 1.17385 ok
2	22:22:46.013	MyEA EURUSD,M5: modify #76510613 sell 1.00 EURUSD at 1.17185 sl: 1.17175 tp: 0.00000 ok
2	23:15:01.420	MyEA EURUSD,M5: open #76526101 buy 1.00 EURUSD at 1.17172 sl: 1.16972 ok
