2	00:25:01.497	MyEA EURUSD,M5: open #76533694 sell 1.00 EURUSD at 1.17151 sl: 1.17351 ok
2	02:16:06.961	MyEA EURUSD,M5: modify #76533694 sell 1.00 EURUSD at 1.17151 sl: 1.17141 tp: 0.00000 ok
2	02:32:47.458	MyEA EURUSD,M5: modify #76533694 sell 1.00 EURUSD at 1.17151 sl: 1.17140 tp: 0.00000 ok
2	02:34:21.639	MyEA EURUSD,M5: modify #76533694 sell 1.00 EURUSD at 1.17151 sl: 1.17134 tp: 0.00000 ok
2	02:34:22.039	MyEA EURUSD,M5: modify #76533694 sell 1.00 EURUSD at 1.17151 sl: 1.17133 tp: 0.00000 ok
2	02:51:33.889	MyEA EURUSD,M5: modify #76533694 sell 1.00 EURUSD at 1.17151 sl: 1.17132 tp: 0.00000 ok
2	02:55:21.482	MyEA EURUSD,M5: modify #76533694 sell 1.00 EURUSD at 1.17151 sl: 1.17131 tp: 0.00000 ok
2	02:56:23.137	MyEA EURUSD,M5: modify #76533694 sell 1.00 EURUSD at 1.17151 sl: 1.17129 tp: 0.00000 ok
2	02:56:42.181	MyEA EURUSD,M5: modify #76533694 sell 1.00 EURUSD at 1.17151 sl: 1.17128 tp: 0.00000 ok
2	02:56:42.523	MyEA EURUSD,M5: modify #76533694 sell 1.00 EURUSD at 1.17151 sl: 1.17127 tp: 0.00000 ok
2	02:56:42.885	MyEA EURUSD,M5: modify #76533694 sell 1.00 EURUSD at 1.17151 sl: 1.17124 tp: 0.00000 ok
2	02:56:43.228	MyEA EURUSD,M5: modify #76533694 sell 1.00 EURUSD at 1.17151 sl: 1.17121 tp: 0.00000 ok
2	02:57:01.611	MyEA EURUSD,M5: modify #76533694 sell 1.00 EURUSD at 1.17151 sl: 1.17120 tp: 0.00000 ok
2	02:57:02.013	MyEA EURUSD,M5: modify #76533694 sell 1.00 EURUSD at 1.17151 sl: 1.17119 tp: 0.00000 ok
2	02:57:02.303	MyEA EURUSD,M5: modify #76533694 sell 1.00 EURUSD at 1.17151 sl: 1.17118 tp: 0.00000 ok
2	02:57:05.247	MyEA EURUSD,M5: modify #76533694 sell 1.00 EURUSD at 1.17151 sl: 1.17117 tp: 0.00000 ok
2	02:57:06.741	MyEA EURUSD,M5: modify #76533694 sell 1.00 EURUSD at 1.17151 sl: 1.17116 tp: 0.00000 ok
2	02:57:07.061	MyEA EURUSD,M5: modify #76533694 sell 1.00 EURUSD at 1.17151 sl: 1.17115 tp: 0.00000 ok
2	02:57:27.014	MyEA EURUSD,M5: modify #76533694 sell 1.00 EURUSD at 1.17151 sl: 1.17114 tp: 0.00000 ok
2	02:57:27.551	MyEA EURUSD,M5: modify #76533694 sell 1.00 EURUSD at 1.17151 sl: 1.17113 tp: 0.00000 ok
2	03:33:40.708	MyEA EURUSD,M5: modify #76533694 sell 1.00 EURUSD at 1.17151 sl: 1.17112 tp: 0.00000 ok
2	07:48:29.523	MyEA EURUSD,M5: modify #76533694 sell 1.00 EURUSD at 1.17151 sl: 1.17110 tp: 0.00000 ok
2	07:48:29.852	MyEA EURUSD,M5: modify #76533694 sell 1.00 EURUSD at 1.17151 sl: 1.17109 tp: 0.00000 ok
2	07:48:31.325	MyEA EURUSD,M5: modify #76533694 sell 1.00 EURUSD at 1.17151 sl: 1.17108 tp: 0.00000 ok
2	07:48:31.666	MyEA EURUSD,M5: modify #76533694 sell 1.00 EURUSD at 1.17151 sl: 1.17107 tp: 0.00000 ok
2	07:48:40.871	MyEA EURUSD,M5: modify #76533694 sell 1.00 EURUSD at 1.17151 sl: 1.17106 tp: 0.00000 ok
2	07:48:41.222	MyEA EURUSD,M5: modify #76533694 sell 1.00 EURUSD at 1.17151 sl: 1.17104 tp: 0.00000 ok
2	07:48:42.288	MyEA EURUSD,M5: modify #76533694 sell 1.00 EURUSD at 1.17151 sl: 1.17103 tp: 0.00000 ok
2	07:54:09.647	MyEA EURUSD,M5: modify #76533694 sell 1.00 EURUSD at 1.17151 sl: 1.17102 tp: 0.00000 ok
2	07:54:10.853	MyEA EURUSD,M5: modify #76533694 sell 1.00 EURUSD at 1.17151 sl: 1.17101 tp: 0.00000 ok
2	07:54:12.564	MyEA EURUSD,M5: modify #76533694 sell 1.00 EURUSD at 1.17151 sl: 1.17099 tp: 0.00000 ok
2	07:54:14.770	MyEA EURUSD,M5: modify #76533694 sell 1.00 EURUSD at 1.17151 sl: 1.17098 tp: 0.00000 ok
2	07:54:15.056	MyEA EURUSD,M5: modify #76533694 sell 1.00 EURUSD at 1.17151 sl: 1.17097 tp: 0.00000 ok
2	07:54:15.731	MyEA EURUSD,M5: modify #76533694 sell 1.00 EURUSD at 1.17151 sl: 1.17096 tp: 0.00000 ok
2	07:54:17.104	MyEA EURUSD,M5: modify #76533694 sell 1.00 EURUSD at 1.17151 sl: 1.17094 tp: 0.00000 ok
2	07:54:20.100	MyEA EURUSD,M5: modify #76533694 sell 1.00 EURUSD at 1.17151 sl: 1.17093 tp: 0.00000 ok
2	07:54:21.369	MyEA EURUSD,M5: modify #76533694 sell 1.00 EURUSD at 1.17151 sl: 1.17090 tp: 0.00000 ok
2	07:54:21.668	MyEA EURUSD,M5: modify #76533694 sell 1.00 EURUSD at 1.17151 sl: 1.17089 tp: 0.00000 ok
2	07:54:22.540	MyEA EURUSD,M5: modify #76533694 sell 1.00 EURUSD at 1.17151 sl: 1.17088 tp: 0.00000 ok
2	07:54:23.166	MyEA EURUSD,M5: modify #76533694 sell 1.00 EURUSD at 1.17151 sl: 1.17087 tp: 0.00000 ok
2	07:54:23.671	MyEA EURUSD,M5: modify #76533694 sell 1.00 EURUSD at 1.17151 sl: 1.17086 tp: 0.00000 ok
2	07:54:24.034	MyEA EURUSD,M5: modify #76533694 sell 1.00 EURUSD at 1.17151 sl: 1.17085 tp: 0.00000 ok
2	07:54:24.354	MyEA EURUSD,M5: modify #76533694 sell 1.00 EURUSD at 1.17151 sl: 1.17078 tp: 0.00000 ok
2	07:54:24.730	MyEA EURUSD,M5: modify #76533694 sell 1.00 EURUSD at 1.17151 sl: 1.17076 tp: 0.00000 ok
2	08:29:40.505	MyEA EURUSD,M5: modify #76533694 sell 1.00 EURUSD at 1.17151 sl: 1.17075 tp: 0.00000 ok
2	08:29:55.880	MyEA EURUSD,M5: modify #76533694 sell 1.00 EURUSD at 1.17151 sl: 1.17074 tp: 0.00000 ok
2	08:29:56.238	MyEA EURUSD,M5: modify #76533694 sell 1.00 EURUSD at 1.17151 sl: 1.17073 tp: 0.00000 ok
2	08:31:16.723	MyEA EURUSD,M5: modify #76533694 sell 1.00 EURUSD at 1.17151 sl: 1.17072 tp: 0.00000 ok
2	08:31:22.225	MyEA EURUSD,M5: modify #76533694 sell 1.00 EURUSD at 1.17151 sl: 1.17071 tp: 0.00000 ok
2	08:31:22.587	MyEA EURUSD,M5: modify #76533694 sell 1.00 EURUSD at 1.17151 sl: 1.17069 tp: 0.00000 ok
2	08:31:23.570	MyEA EURUSD,M5: modify #76533694 sell 1.00 EURUSD at 1.17151 sl: 1.17068 tp: 0.00000 ok
2	08:31:23.953	MyEA EURUSD,M5: modify #76533694 sell 1.00 EURUSD at 1.17151 sl: 1.17067 tp: 0.00000 ok
2	08:31:24.600	MyEA EURUSD,M5: modify #76533694 sell 1.00 EURUSD at 1.17151 sl: 1.17065 tp: 0.00000 ok
2	08:31:26.036	MyEA EURUSD,M5: modify #76533694 sell 1.00 EURUSD at 1.17151 sl: 1.17064 tp: 0.00000 ok
2	08:36:05.840	MyEA EURUSD,M5: modify #76533694 sell 1.00 EURUSD at 1.17151 sl: 1.17063 tp: 0.00000 ok
2	08:36:06.699	MyEA EURUSD,M5: modify #76533694 sell 1.00 EURUSD at 1.17151 sl: 1.17057 tp: 0.00000 ok
2	08:36:08.615	MyEA EURUSD,M5: modify #76533694 sell 1.00 EURUSD at 1.17151 sl: 1.17056 tp: 0.00000 ok
2	08:36:08.900	MyEA EURUSD,M5: modify #76533694 sell 1.00 EURUSD at 1.17151 sl: 1.17055 tp: 0.00000 ok
2	08:36:09.828	MyEA EURUSD,M5: modify #76533694 sell 1.00 EURUSD at 1.17151 sl: 1.17054 tp: 0.00000 ok
2	08:36:10.130	MyEA EURUSD,M5: modify #76533694 sell 1.00 EURUSD at 1.17151 sl: 1.17053 tp: 0.00000 ok
2	08:36:10.491	MyEA EURUSD,M5: modify #76533694 sell 1.00 EURUSD at 1.17151 sl: 1.17052 tp: 0.00000 ok
2	08:36:12.819	MyEA EURUSD,M5: modify #76533694 sell 1.00 EURUSD at 1.17151 sl: 1.17051 tp: 0.00000 ok
2	08:58:47.640	MyEA EURUSD,M5: modify #76533694 sell 1.00 EURUSD at 1.17151 sl: 1.17049 tp: 0.00000 ok
2	08:58:48.000	MyEA EURUSD,M5: modify #76533694 sell 1.00 EURUSD at 1.17151 sl: 1.17047 tp: 0.00000 ok
2	08:58:59.983	MyEA EURUSD,M5: modify #76533694 sell 1.00 EURUSD at 1.17151 sl: 1.17046 tp: 0.00000 ok
2	08:59:03.233	MyEA EURUSD,M5: modify #76533694 sell 1.00 EURUSD at 1.17151 sl: 1.17045 tp: 0.00000 ok
2	08:59:03.594	MyEA EURUSD,M5: modify #76533694 sell 1.00 EURUSD at 1.17151 sl: 1.17044 tp: 0.00000 ok
2	09:51:45.674	MyEA EURUSD,M5: modify #76533694 sell 1.00 EURUSD at 1.17151 sl: 1.17043 tp: 0.00000 ok
2	09:51:46.037	MyEA EURUSD,M5: modify #76533694 sell 1.00 EURUSD at 1.17151 sl: 1.17040 tp: 0.00000 ok
2	13:33:15.629	MyEA EURUSD,M5: modify #76533694 sell 1.00 EURUSD at 1.17151 sl: 1.17039 tp: 0.00000 ok
2	13:33:15.895	MyEA EURUSD,M5: modify #76533694 sell 1.00 EURUSD at 1.17151 sl: 1.17030 tp: 0.00000 ok
2	13:36:16.279	MyEA EURUSD,M5: modify #76533694 sell 1.00 EURUSD at 1.17151 sl: 1.17029 tp: 0.00000 ok
2	13:36:16.675	MyEA EURUSD,M5: modify #76533694 sell 1.00 EURUSD at 1.17151 sl: 1.17026 tp: 0.00000 ok
2	13:36:18.764	MyEA EURUSD,M5: modify #76533694 sell 1.00 EURUSD at 1.17151 sl: 1.17023 tp: 0.00000 ok
2	13:36:19.040	MyEA EURUSD,M5: modify #76533694 sell 1.00 EURUSD at 1.17151 sl: 1.17020 tp: 0.00000 ok
2	13:36:19.473	MyEA EURUSD,M5: modify #76533694 sell 1.00 EURUSD at 1.17151 sl: 1.17019 tp: 0.00000 ok
2	13:36:19.781	MyEA EURUSD,M5: modify #76533694 sell 1.00 EURUSD at 1.17151 sl: 1.17012 tp: 0.00000 ok
2	13:36:20.760	MyEA EURUSD,M5: modify #76533694 sell 1.00 EURUSD at 1.17151 sl: 1.17011 tp: 0.00000 ok
2	13:36:21.049	MyEA EURUSD,M5: modify #76533694 sell 1.00 EURUSD at 1.17151 sl: 1.17009 tp: 0.00000 ok
2	13:36:21.475	MyEA EURUSD,M5: modify #76533694 sell 1.00 EURUSD at 1.17151 sl: 1.17008 tp: 0.00000 ok
2	13:37:18.947	MyEA EURUSD,M5: modify #76533694 sell 1.00 EURUSD at 1.17151 sl: 1.17006 tp: 0.00000 ok
2	13:37:23.974	MyEA EURUSD,M5: modify #76533694 sell 1.00 EURUSD at 1.17151 sl: 1.17005 tp: 0.00000 ok
2	13:37:24.266	MyEA EURUSD,M5: modify #76533694 sell 1.00 EURUSD at 1.17151 sl: 1.16999 tp: 0.00000 ok
2	13:37:26.161	MyEA EURUSD,M5: modify #76533694 sell 1.00 EURUSD at 1.17151 sl: 1.16997 tp: 0.00000 ok
2	13:37:58.623	MyEA EURUSD,M5: modify #76533694 sell 1.00 EURUSD at 1.17151 sl: 1.16995 tp: 0.00000 ok
2	13:37:58.897	MyEA EURUSD,M5: modify #76533694 sell 1.00 EURUSD at 1.17151 sl: 1.16993 tp: 0.00000 ok
2	13:37:59.176	MyEA EURUSD,M5: modify #76533694 sell 1.00 EURUSD at 1.17151 sl: 1.16990 tp: 0.00000 ok
2	13:38:00.384	MyEA EURUSD,M5: modify #76533694 sell 1.00 EURUSD at 1.17151 sl: 1.16989 tp: 0.00000 ok
2	13:38:01.629	MyEA EURUSD,M5: modify #76533694 sell 1.00 EURUSD at 1.17151 sl: 1.16988 tp: 0.00000 ok
2	13:42:43.443	MyEA EURUSD,M5: modify #76533694 sell 1.00 EURUSD at 1.17151 sl: 1.16987 tp: 0.00000 ok
2	13:42:45.671	MyEA EURUSD,M5: modify #76533694 sell 1.00 EURUSD at 1.17151 sl: 1.16986 tp: 0.00000 ok
2	13:42:48.982	MyEA EURUSD,M5: modify #76533694 sell 1.00 EURUSD at 1.17151 sl: 1.16982 tp: 0.00000 ok
2	13:42:49.257	MyEA EURUSD,M5: modify #76533694 sell 1.00 EURUSD at 1.17151 sl: 1.16974 tp: 0.00000 ok
2	13:42:50.799	MyEA EURUSD,M5: modify #76533694 sell 1.00 EURUSD at 1.17151 sl: 1.16973 tp: 0.00000 ok
2	13:42:51.072	MyEA EURUSD,M5: modify #76533694 sell 1.00 EURUSD at 1.17151 sl: 1.16969 tp: 0.00000 ok
2	13:42:51.442	MyEA EURUSD,M5: modify #76533694 sell 1.00 EURUSD at 1.17151 sl: 1.16968 tp: 0.00000 ok
2	13:42:52.565	MyEA EURUSD,M5: modify #76533694 sell 1.00 EURUSD at 1.17151 sl: 1.16967 tp: 0.00000 ok
2	13:42:53.482	MyEA EURUSD,M5: modify #76533694 sell 1.00 EURUSD at 1.17151 sl: 1.16966 tp: 0.00000 ok
2	13:42:53.744	MyEA EURUSD,M5: modify #76533694 sell 1.00 EURUSD at 1.17151 sl: 1.16960 tp: 0.00000 ok
2	13:42:54.099	MyEA EURUSD,M5: modify #76533694 sell 1.00 EURUSD at 1.17151 sl: 1.16957 tp: 0.00000 ok
2	13:45:33.790	MyEA EURUSD,M5: modify #76533694 sell 1.00 EURUSD at 1.17151 sl: 1.16956 tp: 0.00000 ok
2	13:45:34.873	MyEA EURUSD,M5: modify #76533694 sell 1.00 EURUSD at 1.17151 sl: 1.16955 tp: 0.00000 ok
2	13:57:15.467	MyEA EURUSD,M5: modify #76533694 sell 1.00 EURUSD at 1.17151 sl: 1.16951 tp: 0.00000 ok
2	13:57:16.581	MyEA EURUSD,M5: modify #76533694 sell 1.00 EURUSD at 1.17151 sl: 1.16949 tp: 0.00000 ok
2	13:57:16.943	MyEA EURUSD,M5: modify #76533694 sell 1.00 EURUSD at 1.17151 sl: 1.16947 tp: 0.00000 ok
2	13:57:17.914	MyEA EURUSD,M5: modify #76533694 sell 1.00 EURUSD at 1.17151 sl: 1.16945 tp: 0.00000 ok
2	13:57:59.384	MyEA EURUSD,M5: modify #76533694 sell 1.00 EURUSD at 1.17151 sl: 1.16944 tp: 0.00000 ok
2	13:57:59.837	MyEA EURUSD,M5: modify #76533694 sell 1.00 EURUSD at 1.17151 sl: 1.16943 tp: 0.00000 ok
2	13:59:54.074	MyEA EURUSD,M5: modify #76533694 sell 1.00 EURUSD at 1.17151 sl: 1.16942 tp: 0.00000 ok
2	13:59:57.506	MyEA EURUSD,M5: modify #76533694 sell 1.00 EURUSD at 1.17151 sl: 1.16941 tp: 0.00000 ok
2	14:00:30.265	MyEA EURUSD,M5: modify #76533694 sell 1.00 EURUSD at 1.17151 sl: 1.16940 tp: 0.00000 ok
2	14:00:31.420	MyEA EURUSD,M5: modify #76533694 sell 1.00 EURUSD at 1.17151 sl: 1.16939 tp: 0.00000 ok
2	14:33:55.550	MyEA EURUSD,M5: modify #76533694 sell 1.00 EURUSD at 1.17151 sl: 1.16938 tp: 0.00000 ok
2	14:33:55.850	MyEA EURUSD,M5: modify #76533694 sell 1.00 EURUSD at 1.17151 sl: 1.16935 tp: 0.00000 ok
2	14:33:57.869	MyEA EURUSD,M5: modify #76533694 sell 1.00 EURUSD at 1.17151 sl: 1.16934 tp: 0.00000 ok
2	14:33:58.552	MyEA EURUSD,M5: modify #76533694 sell 1.00 EURUSD at 1.17151 sl: 1.16932 tp: 0.00000 ok
2	14:33:59.619	MyEA EURUSD,M5: modify #76533694 sell 1.00 EURUSD at 1.17151 sl: 1.16931 tp: 0.00000 ok
2	14:34:00.173	MyEA EURUSD,M5: modify #76533694 sell 1.00 EURUSD at 1.17151 sl: 1.16928 tp: 0.00000 ok
2	14:34:01.315	MyEA EURUSD,M5: modify #76533694 sell 1.00 EURUSD at 1.17151 sl: 1.16927 tp: 0.00000 ok
2	14:34:01.581	MyEA EURUSD,M5: modify #76533694 sell 1.00 EURUSD at 1.17151 sl: 1.16926 tp: 0.00000 ok
2	14:34:03.098	MyEA EURUSD,M5: modify #76533694 sell 1.00 EURUSD at 1.17151 sl: 1.16924 tp: 0.00000 ok
2	14:34:03.407	MyEA EURUSD,M5: modify #76533694 sell 1.00 EURUSD at 1.17151 sl: 1.16923 tp: 0.00000 ok
2	14:34:03.717	MyEA EURUSD,M5: modify #76533694 sell 1.00 EURUSD at 1.17151 sl: 1.16919 tp: 0.00000 ok
2	14:36:21.104	MyEA EURUSD,M5: modify #76533694 sell 1.00 EURUSD at 1.17151 sl: 1.16917 tp: 0.00000 ok
2	14:36:29.202	MyEA EURUSD,M5: modify #76533694 sell 1.00 EURUSD at 1.17151 sl: 1.16916 tp: 0.00000 ok
2	14:36:37.989	MyEA EURUSD,M5: modify #76533694 sell 1.00 EURUSD at 1.17151 sl: 1.16915 tp: 0.00000 ok
2	14:36:38.935	MyEA EURUSD,M5: modify #76533694 sell 1.00 EURUSD at 1.17151 sl: 1.16914 tp: 0.00000 ok
2	14:37:09.349	MyEA EURUSD,M5: modify #76533694 sell 1.00 EURUSD at 1.17151 sl: 1.16912 tp: 0.00000 ok
2	14:37:31.810	MyEA EURUSD,M5: modify #76533694 sell 1.00 EURUSD at 1.17151 sl: 1.16910 tp: 0.00000 ok
2	14:37:33.390	MyEA EURUSD,M5: modify #76533694 sell 1.00 EURUSD at 1.17151 sl: 1.16909 tp: 0.00000 ok
2	14:37:33.730	MyEA EURUSD,M5: modify #76533694 sell 1.00 EURUSD at 1.17151 sl: 1.16908 tp: 0.00000 ok
2	14:37:44.772	MyEA EURUSD,M5: modify #76533694 sell 1.00 EURUSD at 1.17151 sl: 1.16907 tp: 0.00000 ok
2	14:37:47.201	MyEA EURUSD,M5: modify #76533694 sell 1.00 EURUSD at 1.17151 sl: 1.16906 tp: 0.00000 ok
2	14:37:47.527	MyEA EURUSD,M5: modify #76533694 sell 1.00 EURUSD at 1.17151 sl: 1.16902 tp: 0.00000 ok
2	14:39:00.272	MyEA EURUSD,M5: modify #76533694 sell 1.00 EURUSD at 1.17151 sl: 1.16901 tp: 0.00000 ok
2	14:40:18.453	MyEA EURUSD,M5: modify #76533694 sell 1.00 EURUSD at 1.17151 sl: 1.16900 tp: 0.00000 ok
2	14:40:21.730	MyEA EURUSD,M5: modify #76533694 sell 1.00 EURUSD at 1.17151 sl: 1.16899 tp: 0.00000 ok
2	14:40:22.959	MyEA EURUSD,M5: modify #76533694 sell 1.00 EURUSD at 1.17151 sl: 1.16898 tp: 0.00000 ok
2	14:40:23.931	MyEA EURUSD,M5: modify #76533694 sell 1.00 EURUSD at 1.17151 sl: 1.16897 tp: 0.00000 ok
2	14:40:24.830	MyEA EURUSD,M5: modify #76533694 sell 1.00 EURUSD at 1.17151 sl: 1.16896 tp: 0.00000 ok
2	14:40:26.834	MyEA EURUSD,M5: modify #76533694 sell 1.00 EURUSD at 1.17151 sl: 1.16895 tp: 0.00000 ok
2	14:40:27.124	MyEA EURUSD,M5: modify #76533694 sell 1.00 EURUSD at 1.17151 sl: 1.16894 tp: 0.00000 ok
2	14:40:30.902	MyEA EURUSD,M5: modify #76533694 sell 1.00 EURUSD at 1.17151 sl: 1.16893 tp: 0.00000 ok
2	14:40:31.195	MyEA EURUSD,M5: modify #76533694 sell 1.00 EURUSD at 1.17151 sl: 1.16892 tp: 0.00000 ok
2	14:40:31.489	MyEA EURUSD,M5: modify #76533694 sell 1.00 EURUSD at 1.17151 sl: 1.16891 tp: 0.00000 ok
2	14:40:50.837	MyEA EURUSD,M5: modify #76533694 sell 1.00 EURUSD at 1.17151 sl: 1.16890 tp: 0.00000 ok
2	14:40:52.381	MyEA EURUSD,M5: modify #76533694 sell 1.00 EURUSD at 1.17151 sl: 1.16889 tp: 0.00000 ok
2	14:40:54.102	MyEA EURUSD,M5: modify #76533694 sell 1.00 EURUSD at 1.17151 sl: 1.16888 tp: 0.00000 ok
2	14:40:54.415	MyEA EURUSD,M5: modify #76533694 sell 1.00 EURUSD at 1.17151 sl: 1.16887 tp: 0.00000 ok
2	14:41:05.786	MyEA EURUSD,M5: modify #76533694 sell 1.00 EURUSD at 1.17151 sl: 1.16886 tp: 0.00000 ok
2	14:41:06.171	MyEA EURUSD,M5: modify #76533694 sell 1.00 EURUSD at 1.17151 sl: 1.16885 tp: 0.00000 ok
2	14:41:30.164	MyEA EURUSD,M5: modify #76533694 sell 1.00 EURUSD at 1.17151 sl: 1.16884 tp: 0.00000 ok
2	14:41:32.221	MyEA EURUSD,M5: modify #76533694 sell 1.00 EURUSD at 1.17151 sl: 1.16882 tp: 0.00000 ok
2	14:41:33.383	MyEA EURUSD,M5: modify #76533694 sell 1.00 EURUSD at 1.17151 sl: 1.16879 tp: 0.00000 ok
2	14:41:33.673	MyEA EURUSD,M5: modify #76533694 sell 1.00 EURUSD at 1.17151 sl: 1.16878 tp: 0.00000 ok
2	14:41:36.842	MyEA EURUSD,M5: modify #76533694 sell 1.00 EURUSD at 1.17151 sl: 1.16876 tp: 0.00000 ok
2	14:41:37.496	MyEA EURUSD,M5: modify #76533694 sell 1.00 EURUSD at 1.17151 sl: 1.16874 tp: 0.00000 ok
2	15:05:01.890	MyEA EURUSD,M5: open #76559465 buy 1.00 EURUSD at 1.16780 sl: 1.16580 ok
2	19:40:02.212	MyEA EURUSD,M5: open #76568839 buy 1.00 EURUSD at 1.16685 sl: 1.16485 ok
0	19:56:00.559	Custom indicator CCI EURUSD,M5: loaded successfully
0	19:56:10.860	CCI EURUSD,M5: initialized
0	20:56:59.407	Custom indicator RSI EURUSD,M5: loaded successfully
0	20:57:01.108	RSI EURUSD,M5: initialized
0	20:57:12.952	CCI EURUSD,M5: uninit reason 1
0	20:57:12.953	Custom indicator CCI EURUSD,M5: removed
0	20:57:17.118	RSI EURUSD,M5: uninit reason 1
0	20:57:17.119	Custom indicator RSI EURUSD,M5: removed
0	20:57:23.201	myMA GBPUSD,M1: uninit reason 9
0	20:57:23.201	MyEA EURUSD,M5: uninit reason 9
0	20:57:23.205	myMA EURUSD,M5: uninit reason 9
0	20:57:23.205	myMACD EURUSD,M5: uninit reason 9
0	20:57:23.237	Custom indicator myMA GBPUSD,M1: removed
0	20:57:23.242	Expert MyEA EURUSD,M5: removed
0	20:57:23.249	Custom indicator myMA EURUSD,M5: removed
0	20:57:23.250	Custom indicator myMACD EURUSD,M5: removed
0	20:57:30.818	Custom indicator my\myMA GBPUSD,M1: loaded successfully
0	20:57:30.830	myMA GBPUSD,M1: initialized
0	20:57:30.862	Custom indicator my\myMA EURUSD,M5: loaded successfully
0	20:57:30.876	Custom indicator myMACD EURUSD,M5: loaded successfully
0	20:57:30.887	Expert MyEA EURUSD,M5: loaded successfully
0	20:57:30.887	MyEA EURUSD,M5 inputs: FastEMA=12; SlowEMA=26; SignalSMA=9; orderMagic=123456; moveStopLost=200; startMoveStopLost=100; orderStopLost=200; orderTakeProfit=0; startSaveProfit=100; 
0	20:57:30.897	myMA EURUSD,M5: initialized
0	20:57:30.909	myMACD EURUSD,M5: initialized
0	20:57:35.467	MyEA EURUSD,M5: initialized
0	20:59:52.968	myMA GBPUSD,M1: uninit reason 9
0	20:59:52.968	MyEA EURUSD,M5: uninit reason 9
0	20:59:52.970	myMA EURUSD,M5: uninit reason 9
0	20:59:52.970	myMACD EURUSD,M5: uninit reason 9
0	20:59:53.003	Custom indicator myMA GBPUSD,M1: removed
0	20:59:53.010	Expert MyEA EURUSD,M5: removed
0	20:59:53.014	Custom indicator myMA EURUSD,M5: removed
0	20:59:53.016	Custom indicator myMACD EURUSD,M5: removed
0	20:59:59.748	Custom indicator my\myMA GBPUSD,M1: loaded successfully
0	20:59:59.760	myMA GBPUSD,M1: initialized
0	20:59:59.793	Custom indicator my\myMA EURUSD,M5: loaded successfully
0	20:59:59.806	Custom indicator myMACD EURUSD,M5: loaded successfully
0	20:59:59.819	Expert MyEA EURUSD,M5: loaded successfully
0	20:59:59.819	MyEA EURUSD,M5 inputs: FastEMA=12; SlowEMA=26; SignalSMA=9; orderMagic=123456; moveStopLost=200; startMoveStopLost=100; orderStopLost=200; orderTakeProfit=0; startSaveProfit=100; 
0	20:59:59.829	myMA EURUSD,M5: initialized
0	20:59:59.840	myMACD EURUSD,M5: initialized
0	21:00:04.519	MyEA EURUSD,M5: initialized
2	21:57:40.409	MyEA EURUSD,M5: modify #76568839 buy 1.00 EURUSD at 1.16685 sl: 1.16695 tp: 0.00000 ok
2	22:00:30.136	MyEA EURUSD,M5: modify #76568839 buy 1.00 EURUSD at 1.16685 sl: 1.16696 tp: 0.00000 ok
2	22:00:30.484	MyEA EURUSD,M5: modify #76568839 buy 1.00 EURUSD at 1.16685 sl: 1.16700 tp: 0.00000 ok
2	22:00:30.801	MyEA EURUSD,M5: modify #76568839 buy 1.00 EURUSD at 1.16685 sl: 1.16712 tp: 0.00000 ok
2	22:00:35.050	MyEA EURUSD,M5: modify #76568839 buy 1.00 EURUSD at 1.16685 sl: 1.16713 tp: 0.00000 ok
2	22:00:36.531	MyEA EURUSD,M5: modify #76568839 buy 1.00 EURUSD at 1.16685 sl: 1.16714 tp: 0.00000 ok
2	22:00:36.860	MyEA EURUSD,M5: modify #76568839 buy 1.00 EURUSD at 1.16685 sl: 1.16722 tp: 0.00000 ok
2	22:00:37.193	MyEA EURUSD,M5: modify #76568839 buy 1.00 EURUSD at 1.16685 sl: 1.16731 tp: 0.00000 ok
2	22:00:37.976	MyEA EURUSD,M5: modify #76568839 buy 1.00 EURUSD at 1.16685 sl: 1.16732 tp: 0.00000 ok
2	22:00:38.306	MyEA EURUSD,M5: modify #76568839 buy 1.00 EURUSD at 1.16685 sl: 1.16733 tp: 0.00000 ok
2	22:00:38.630	MyEA EURUSD,M5: modify #76568839 buy 1.00 EURUSD at 1.16685 sl: 1.16741 tp: 0.00000 ok
2	22:00:38.968	MyEA EURUSD,M5: modify #76568839 buy 1.00 EURUSD at 1.16685 sl: 1.16748 tp: 0.00000 ok
2	22:00:39.357	MyEA EURUSD,M5: modify #76568839 buy 1.00 EURUSD at 1.16685 sl: 1.16751 tp: 0.00000 ok
2	22:00:42.026	MyEA EURUSD,M5: modify #76568839 buy 1.00 EURUSD at 1.16685 sl: 1.16752 tp: 0.00000 ok
2	22:00:43.591	MyEA EURUSD,M5: modify #76568839 buy 1.00 EURUSD at 1.16685 sl: 1.16754 tp: 0.00000 ok
2	22:00:43.934	MyEA EURUSD,M5: modify #76568839 buy 1.00 EURUSD at 1.16685 sl: 1.16755 tp: 0.00000 ok
2	22:00:44.287	MyEA EURUSD,M5: modify #76568839 buy 1.00 EURUSD at 1.16685 sl: 1.16761 tp: 0.00000 ok
2	22:00:48.040	MyEA EURUSD,M5: modify #76568839 buy 1.00 EURUSD at 1.16685 sl: 1.16762 tp: 0.00000 ok
2	22:00:48.357	MyEA EURUSD,M5: modify #76568839 buy 1.00 EURUSD at 1.16685 sl: 1.16763 tp: 0.00000 ok
2	22:00:48.858	MyEA EURUSD,M5: modify #76568839 buy 1.00 EURUSD at 1.16685 sl: 1.16764 tp: 0.00000 ok
2	22:01:45.104	MyEA EURUSD,M5: modify #76568839 buy 1.00 EURUSD at 1.16685 sl: 1.16765 tp: 0.00000 ok
2	22:01:45.459	MyEA EURUSD,M5: modify #76568839 buy 1.00 EURUSD at 1.16685 sl: 1.16766 tp: 0.00000 ok
2	22:01:46.528	MyEA EURUSD,M5: modify #76568839 buy 1.00 EURUSD at 1.16685 sl: 1.16768 tp: 0.00000 ok
2	22:01:48.510	MyEA EURUSD,M5: modify #76568839 buy 1.00 EURUSD at 1.16685 sl: 1.16772 tp: 0.00000 ok
2	22:12:52.946	MyEA EURUSD,M5: modify #76568839 buy 1.00 EURUSD at 1.16685 sl: 1.16773 tp: 0.00000 ok
2	22:12:53.306	MyEA EURUSD,M5: modify #76568839 buy 1.00 EURUSD at 1.16685 sl: 1.16776 tp: 0.00000 ok
2	22:12:53.645	MyEA EURUSD,M5: modify #76568839 buy 1.00 EURUSD at 1.16685 sl: 1.16780 tp: 0.00000 ok
2	22:12:55.082	MyEA EURUSD,M5: modify #76568839 buy 1.00 EURUSD at 1.16685 sl: 1.16781 tp: 0.00000 ok
2	22:12:56.007	MyEA EURUSD,M5: modify #76568839 buy 1.00 EURUSD at 1.16685 sl: 1.16782 tp: 0.00000 ok
2	22:13:01.603	MyEA EURUSD,M5: modify #76568839 buy 1.00 EURUSD at 1.16685 sl: 1.16783 tp: 0.00000 ok
2	22:13:01.879	MyEA EURUSD,M5: modify #76568839 buy 1.00 EURUSD at 1.16685 sl: 1.16785 tp: 0.00000 ok
2	22:13:02.587	MyEA EURUSD,M5: modify #76568839 buy 1.00 EURUSD at 1.16685 sl: 1.16787 tp: 0.00000 ok
2	22:13:02.917	MyEA EURUSD,M5: modify #76568839 buy 1.00 EURUSD at 1.16685 sl: 1.16798 tp: 0.00000 ok
2	22:15:22.381	MyEA EURUSD,M5: modify #76568839 buy 1.00 EURUSD at 1.16685 sl: 1.16799 tp: 0.00000 ok
2	22:15:23.375	MyEA EURUSD,M5: modify #76568839 buy 1.00 EURUSD at 1.16685 sl: 1.16801 tp: 0.00000 ok
2	22:15:23.705	MyEA EURUSD,M5: modify #76568839 buy 1.00 EURUSD at 1.16685 sl: 1.16803 tp: 0.00000 ok
2	22:15:33.914	MyEA EURUSD,M5: modify #76568839 buy 1.00 EURUSD at 1.16685 sl: 1.16809 tp: 0.00000 ok
2	22:15:34.379	MyEA EURUSD,M5: modify #76568839 buy 1.00 EURUSD at 1.16685 sl: 1.16810 tp: 0.00000 ok
2	22:15:50.339	MyEA EURUSD,M5: modify #76568839 buy 1.00 EURUSD at 1.16685 sl: 1.16815 tp: 0.00000 ok
2	22:15:51.141	MyEA EURUSD,M5: modify #76568839 buy 1.00 EURUSD at 1.16685 sl: 1.16816 tp: 0.00000 ok
2	22:15:51.501	MyEA EURUSD,M5: modify #76568839 buy 1.00 EURUSD at 1.16685 sl: 1.16820 tp: 0.00000 ok
2	22:15:52.219	MyEA EURUSD,M5: modify #76568839 buy 1.00 EURUSD at 1.16685 sl: 1.16821 tp: 0.00000 ok
2	22:15:52.570	MyEA EURUSD,M5: modify #76568839 buy 1.00 EURUSD at 1.16685 sl: 1.16823 tp: 0.00000 ok
2	22:15:52.888	MyEA EURUSD,M5: modify #76568839 buy 1.00 EURUSD at 1.16685 sl: 1.16828 tp: 0.00000 ok
2	22:15:53.368	MyEA EURUSD,M5: modify #76568839 buy 1.00 EURUSD at 1.16685 sl: 1.16829 tp: 0.00000 ok
2	22:15:56.273	MyEA EURUSD,M5: modify #76568839 buy 1.00 EURUSD at 1.16685 sl: 1.16834 tp: 0.00000 ok
2	22:15:56.675	MyEA EURUSD,M5: modify #76568839 buy 1.00 EURUSD at 1.16685 sl: 1.16835 tp: 0.00000 ok
2	22:15:58.407	MyEA EURUSD,M5: modify #76568839 buy 1.00 EURUSD at 1.16685 sl: 1.16836 tp: 0.00000 ok
2	22:16:00.034	MyEA EURUSD,M5: modify #76568839 buy 1.00 EURUSD at 1.16685 sl: 1.16840 tp: 0.00000 ok
2	22:16:00.371	MyEA EURUSD,M5: modify #76568839 buy 1.00 EURUSD at 1.16685 sl: 1.16841 tp: 0.00000 ok
2	22:16:03.304	MyEA EURUSD,M5: modify #76568839 buy 1.00 EURUSD at 1.16685 sl: 1.16842 tp: 0.00000 ok
2	22:16:03.611	MyEA EURUSD,M5: modify #76568839 buy 1.00 EURUSD at 1.16685 sl: 1.16855 tp: 0.00000 ok
2	22:16:04.737	MyEA EURUSD,M5: modify #76568839 buy 1.00 EURUSD at 1.16685 sl: 1.16866 tp: 0.00000 ok
2	22:16:06.728	MyEA EURUSD,M5: modify #76568839 buy 1.00 EURUSD at 1.16685 sl: 1.16867 tp: 0.00000 ok
2	22:16:07.322	MyEA EURUSD,M5: modify #76568839 buy 1.00 EURUSD at 1.16685 sl: 1.16869 tp: 0.00000 ok
2	22:16:07.650	MyEA EURUSD,M5: modify #76568839 buy 1.00 EURUSD at 1.16685 sl: 1.16870 tp: 0.00000 ok
2	22:16:08.638	MyEA EURUSD,M5: modify #76568839 buy 1.00 EURUSD at 1.16685 sl: 1.16871 tp: 0.00000 ok
2	22:16:48.715	MyEA EURUSD,M5: modify #76568839 buy 1.00 EURUSD at 1.16685 sl: 1.16872 tp: 0.00000 ok
2	22:55:01.767	MyEA EURUSD,M5: open #76620195 sell 1.00 EURUSD at 1.16882 sl: 1.17082 ok
