0	09:19:05.450	Custom indicator my\myMA EURUSD,M15: loaded successfully
0	09:19:05.472	Custom indicator myMACD EURUSD,M15: loaded successfully
0	09:19:05.515	myMA EURUSD,M15: initialized
0	09:19:05.532	myMACD EURUSD,M15: initialized
0	09:19:05.921	Custom indicator my\myMA EURUSD,Daily: loaded successfully
0	09:19:05.938	Custom indicator ZigZag EURUSD,Daily: loaded successfully
0	09:19:05.955	Custom indicator myMACD EURUSD,Daily: loaded successfully
0	09:19:05.973	Expert MyEA EURUSD,Daily: loaded successfully
0	09:19:05.973	MyEA EURUSD,Daily inputs: FastEMA=12; SlowEMA=26; SignalSMA=9; orderMagic=123456; moveStopLost=200; startMoveStopLost=100; orderStopLost=200; orderTakeProfit=0; startSaveProfit=100; MA1=7; MA2=17; MA3=34; 
0	09:19:05.990	myMA EURUSD,Daily: initialized
0	09:19:06.007	ZigZag EURUSD,Daily: initialized
0	09:19:06.024	myMACD EURUSD,Daily: initialized
0	09:19:10.897	MyEA EURUSD,Daily: initialized
0	09:19:35.696	MyEA EURUSD,Daily: uninit reason 3
0	09:19:35.697	myMA EURUSD,Daily: uninit reason 3
0	09:19:35.697	ZigZag EURUSD,Daily: uninit reason 3
0	09:19:35.697	myMACD EURUSD,Daily: uninit reason 3
0	09:19:35.733	myMA EURUSD,M5: initialized
0	09:19:35.733	ZigZag EURUSD,M5: initialized
0	09:19:35.733	myMACD EURUSD,M5: initialized
0	09:19:36.675	MyEA EURUSD,M5: initialized
0	15:35:01.425	MyEA EURUSD,M5: Alert: ½ð²æ
0	16:17:21.224	MyEA EURUSD,M5: uninit reason 3
0	16:17:21.225	myMA EURUSD,M5: uninit reason 3
0	16:17:21.225	ZigZag EURUSD,M5: uninit reason 3
0	16:17:21.225	myMACD EURUSD,M5: uninit reason 3
0	16:17:21.246	myMA EURUSD,M1: initialized
0	16:17:21.251	ZigZag EURUSD,M1: initialized
0	16:17:21.254	myMACD EURUSD,M1: initialized
0	16:17:22.309	MyEA EURUSD,M1: initialized
0	16:18:30.039	MyEA EURUSD,M1: uninit reason 3
0	16:18:30.040	myMA EURUSD,M1: uninit reason 3
0	16:18:30.042	ZigZag EURUSD,M1: uninit reason 3
0	16:18:30.042	myMACD EURUSD,M1: uninit reason 3
0	16:18:30.050	myMA EURUSD,M5: initialized
0	16:18:30.060	ZigZag EURUSD,M5: initialized
0	16:18:30.065	myMACD EURUSD,M5: initialized
0	16:18:31.072	MyEA EURUSD,M5: initialized
0	16:18:36.494	myMA EURUSD,M15: uninit reason 3
0	16:18:36.495	myMACD EURUSD,M15: uninit reason 3
0	16:18:36.507	myMA EURUSD,M1: initialized
0	16:18:36.512	myMACD EURUSD,M1: initialized
0	16:18:41.136	Custom indicator ZigZag EURUSD,M1: loaded successfully
0	16:18:43.031	ZigZag EURUSD,M1: initialized
0	16:18:57.340	myMA EURUSD,M1: uninit reason 3
0	16:18:57.342	ZigZag EURUSD,M1: uninit reason 3
0	16:18:57.342	myMACD EURUSD,M1: uninit reason 3
0	16:18:57.347	myMA EURUSD,M5: initialized
0	16:18:57.356	ZigZag EURUSD,M5: initialized
0	16:18:57.360	myMACD EURUSD,M5: initialized
0	16:18:58.551	myMA EURUSD,M5: uninit reason 3
0	16:18:58.552	ZigZag EURUSD,M5: uninit reason 3
0	16:18:58.552	myMACD EURUSD,M5: uninit reason 3
0	16:18:58.559	myMA EURUSD,M1: initialized
0	16:18:58.566	ZigZag EURUSD,M1: initialized
0	16:18:58.569	myMACD EURUSD,M1: initialized
0	16:19:12.906	MyEA EURUSD,M5: uninit reason 3
0	16:19:12.907	myMA EURUSD,M5: uninit reason 3
0	16:19:12.907	ZigZag EURUSD,M5: uninit reason 3
0	16:19:12.907	myMACD EURUSD,M5: uninit reason 3
0	16:19:12.912	myMA EURUSD,M1: initialized
0	16:19:12.915	ZigZag EURUSD,M1: initialized
0	16:19:12.917	myMACD EURUSD,M1: initialized
0	16:19:13.259	MyEA EURUSD,M1: initialized
0	16:22:12.208	MyEA EURUSD,M1: uninit reason 3
0	16:22:12.209	myMA EURUSD,M1: uninit reason 3
0	16:22:12.210	ZigZag EURUSD,M1: uninit reason 3
0	16:22:12.210	myMACD EURUSD,M1: uninit reason 3
0	16:22:12.217	myMA EURUSD,M5: initialized
0	16:22:12.228	ZigZag EURUSD,M5: initialized
0	16:22:12.233	myMACD EURUSD,M5: initialized
0	16:22:13.199	MyEA EURUSD,M5: initialized
0	18:15:02.474	MyEA EURUSD,M5: Alert: ËÀ²æ
0	20:20:01.104	MyEA EURUSD,M5: Alert: ½ð²æ
0	21:45:01.217	MyEA EURUSD,M5: Alert: ½ð²æ
