0	07:16:01.388	MyEA EURUSD,M15: uninit reason 2
0	07:16:01.396	Expert MyEA EURUSD,M15: removed
0	07:16:01.426	Expert MyEA EURUSD,M15: loaded successfully
0	07:16:01.452	MyEA EURUSD,M5: uninit reason 2
0	07:16:01.458	Expert MyEA EURUSD,M5: removed
0	07:16:01.474	MyEA EURUSD,M15: initialized
0	07:16:01.486	Expert MyEA EURUSD,M5: loaded successfully
0	07:16:01.520	MyEA EURUSD,M5: initialized
0	07:30:35.363	Script my\买一手 EURUSD,M5: loaded successfully
0	07:30:35.383	买一手 EURUSD,M5: initialized
2	07:30:35.686	买一手 EURUSD,M5: open #80149777 buy 1.00 EURUSD at 1.16239 sl: 1.16039 ok
0	07:30:35.686	买一手 EURUSD,M5: uninit reason 0
0	07:30:35.688	Script 买一手 EURUSD,M5: removed
0	07:30:38.273	Script my\买一手 EURUSD,M5: loaded successfully
0	07:30:38.294	买一手 EURUSD,M5: initialized
2	07:30:38.603	买一手 EURUSD,M5: open #80149778 buy 1.00 EURUSD at 1.16239 sl: 1.16039 ok
0	07:30:38.603	买一手 EURUSD,M5: uninit reason 0
0	07:30:38.605	Script 买一手 EURUSD,M5: removed
0	07:30:39.765	Script my\买一手 EURUSD,M5: loaded successfully
0	07:30:39.786	买一手 EURUSD,M5: initialized
2	07:30:40.087	买一手 EURUSD,M5: open #80149779 buy 1.00 EURUSD at 1.16241 sl: 1.16041 ok
0	07:30:40.087	买一手 EURUSD,M5: uninit reason 0
0	07:30:40.089	Script 买一手 EURUSD,M5: removed
0	07:34:43.479	Script my\空一手 EURUSD,M5: loaded successfully
0	07:34:43.496	空一手 EURUSD,M5: initialized
2	07:34:43.786	空一手 EURUSD,M5: open #80149862 sell 1.00 EURUSD at 1.16233 sl: 1.16433 ok
0	07:34:43.786	空一手 EURUSD,M5: uninit reason 0
0	07:34:43.788	Script 空一手 EURUSD,M5: removed
0	07:36:24.255	MyEA EURUSD,M15: uninit reason 2
0	07:36:24.257	Expert MyEA EURUSD,M15: removed
0	07:36:24.274	Expert MyEA EURUSD,M15: loaded successfully
0	07:36:24.275	MyEA EURUSD,M5: uninit reason 2
0	07:36:24.278	Expert MyEA EURUSD,M5: removed
0	07:36:24.292	MyEA EURUSD,M15: initialized
0	07:36:24.293	Expert MyEA EURUSD,M5: loaded successfully
0	07:36:24.317	MyEA EURUSD,M5: initialized
0	07:36:26.575	MyEA EURUSD,M15: uninit reason 2
0	07:36:26.580	Expert MyEA EURUSD,M15: removed
0	07:36:26.617	Expert MyEA EURUSD,M15: loaded successfully
0	07:36:26.621	MyEA EURUSD,M5: uninit reason 2
0	07:36:26.626	Expert MyEA EURUSD,M5: removed
0	07:36:26.667	Expert MyEA EURUSD,M5: loaded successfully
0	07:36:26.723	MyEA EURUSD,M5: initialized
0	07:36:26.728	MyEA EURUSD,M15: initialized
2	15:20:01.066	MyEA EURUSD,M5: open #80169563 buy 1.00 EURUSD at 1.16319 sl: 1.16119 ok
0	15:20:01.066	MyEA EURUSD,M5: Alert: 金叉
2	15:56:19.916	MyEA EURUSD,M15: modify #80169563 buy 1.00 EURUSD at 1.16319 sl: 1.16329 tp: 0.00000 ok
2	15:56:19.930	MyEA EURUSD,M5: modify #0 buy 0.00  at 0.00000 sl: 0.00000 tp: 0.00000 ok
2	16:16:04.922	MyEA EURUSD,M5: modify #80169563 buy 1.00 EURUSD at 1.16319 sl: 1.16330 tp: 0.00000 ok
2	16:16:04.934	MyEA EURUSD,M15: modify #0 buy 0.00  at 0.00000 sl: 0.00000 tp: 0.00000 ok
2	16:16:05.515	MyEA EURUSD,M15: modify #80169563 buy 1.00 EURUSD at 1.16319 sl: 1.16331 tp: 0.00000 ok
2	16:16:05.541	MyEA EURUSD,M5: modify #0 buy 0.00  at 0.00000 sl: 0.00000 tp: 0.00000 ok
2	16:16:05.795	MyEA EURUSD,M15: modify #80169563 buy 1.00 EURUSD at 1.16319 sl: 1.16332 tp: 0.00000 ok
2	16:16:05.870	MyEA EURUSD,M5: modify #0 buy 0.00  at 0.00000 sl: 0.00000 tp: 0.00000 ok
2	16:16:06.341	MyEA EURUSD,M5: modify #80169563 buy 1.00 EURUSD at 1.16319 sl: 1.16333 tp: 0.00000 ok
2	16:16:06.367	MyEA EURUSD,M15: modify #0 buy 0.00  at 0.00000 sl: 0.00000 tp: 0.00000 ok
2	16:16:06.622	MyEA EURUSD,M5: modify #80169563 buy 1.00 EURUSD at 1.16319 sl: 1.16334 tp: 0.00000 ok
2	16:16:06.635	MyEA EURUSD,M15: modify #0 buy 0.00  at 0.00000 sl: 0.00000 tp: 0.00000 ok
2	16:16:14.748	MyEA EURUSD,M15: modify #80169563 buy 1.00 EURUSD at 1.16319 sl: 1.16335 tp: 0.00000 ok
2	16:16:14.771	MyEA EURUSD,M5: modify #0 buy 0.00  at 0.00000 sl: 0.00000 tp: 0.00000 ok
2	16:16:15.025	MyEA EURUSD,M15: modify #80169563 buy 1.00 EURUSD at 1.16319 sl: 1.16336 tp: 0.00000 ok
2	16:16:15.046	MyEA EURUSD,M5: modify #0 buy 0.00  at 0.00000 sl: 0.00000 tp: 0.00000 ok
2	16:16:15.669	MyEA EURUSD,M15: modify #80169563 buy 1.00 EURUSD at 1.16319 sl: 1.16337 tp: 0.00000 ok
2	16:16:15.698	MyEA EURUSD,M5: modify #0 buy 0.00  at 0.00000 sl: 0.00000 tp: 0.00000 ok
2	16:16:15.950	MyEA EURUSD,M15: modify #80169563 buy 1.00 EURUSD at 1.16319 sl: 1.16338 tp: 0.00000 ok
2	16:16:15.981	MyEA EURUSD,M5: modify #0 buy 0.00  at 0.00000 sl: 0.00000 tp: 0.00000 ok
2	16:16:16.231	MyEA EURUSD,M15: modify #80169563 buy 1.00 EURUSD at 1.16319 sl: 1.16341 tp: 0.00000 ok
2	16:16:16.262	MyEA EURUSD,M5: modify #0 buy 0.00  at 0.00000 sl: 0.00000 tp: 0.00000 ok
2	16:16:16.497	MyEA EURUSD,M15: modify #80169563 buy 1.00 EURUSD at 1.16319 sl: 1.16342 tp: 0.00000 ok
2	16:16:16.541	MyEA EURUSD,M5: modify #0 buy 0.00  at 0.00000 sl: 0.00000 tp: 0.00000 ok
2	16:16:16.963	MyEA EURUSD,M15: modify #80169563 buy 1.00 EURUSD at 1.16319 sl: 1.16343 tp: 0.00000 ok
2	16:16:16.986	MyEA EURUSD,M5: modify #0 buy 0.00  at 0.00000 sl: 0.00000 tp: 0.00000 ok
2	16:16:17.228	MyEA EURUSD,M15: modify #80169563 buy 1.00 EURUSD at 1.16319 sl: 1.16344 tp: 0.00000 ok
2	16:16:17.261	MyEA EURUSD,M5: modify #0 buy 0.00  at 0.00000 sl: 0.00000 tp: 0.00000 ok
2	16:16:17.511	MyEA EURUSD,M15: modify #80169563 buy 1.00 EURUSD at 1.16319 sl: 1.16346 tp: 0.00000 ok
2	16:16:17.541	MyEA EURUSD,M5: modify #0 buy 0.00  at 0.00000 sl: 0.00000 tp: 0.00000 ok
2	16:16:26.902	MyEA EURUSD,M5: modify #80169563 buy 1.00 EURUSD at 1.16319 sl: 1.16347 tp: 0.00000 ok
2	16:16:26.917	MyEA EURUSD,M15: modify #0 buy 0.00  at 0.00000 sl: 0.00000 tp: 0.00000 ok
2	16:16:27.556	MyEA EURUSD,M15: modify #80169563 buy 1.00 EURUSD at 1.16319 sl: 1.16349 tp: 0.00000 ok
2	16:16:27.570	MyEA EURUSD,M5: modify #0 buy 0.00  at 0.00000 sl: 0.00000 tp: 0.00000 ok
2	16:16:34.637	MyEA EURUSD,M5: modify #80169563 buy 1.00 EURUSD at 1.16319 sl: 1.16350 tp: 0.00000 ok
2	16:16:34.653	MyEA EURUSD,M15: modify #0 buy 0.00  at 0.00000 sl: 0.00000 tp: 0.00000 ok
2	16:16:40.844	MyEA EURUSD,M15: modify #80169563 buy 1.00 EURUSD at 1.16319 sl: 1.16351 tp: 0.00000 ok
2	16:16:40.868	MyEA EURUSD,M5: modify #0 buy 0.00  at 0.00000 sl: 0.00000 tp: 0.00000 ok
2	16:16:41.112	MyEA EURUSD,M15: modify #80169563 buy 1.00 EURUSD at 1.16319 sl: 1.16353 tp: 0.00000 ok
2	16:16:41.141	MyEA EURUSD,M5: modify #0 buy 0.00  at 0.00000 sl: 0.00000 tp: 0.00000 ok
2	16:16:41.394	MyEA EURUSD,M15: modify #80169563 buy 1.00 EURUSD at 1.16319 sl: 1.16355 tp: 0.00000 ok
2	16:16:41.418	MyEA EURUSD,M5: modify #0 buy 0.00  at 0.00000 sl: 0.00000 tp: 0.00000 ok
2	16:16:41.674	MyEA EURUSD,M15: modify #80169563 buy 1.00 EURUSD at 1.16319 sl: 1.16356 tp: 0.00000 ok
2	16:16:41.691	MyEA EURUSD,M5: modify #0 buy 0.00  at 0.00000 sl: 0.00000 tp: 0.00000 ok
2	16:16:59.036	MyEA EURUSD,M15: modify #80169563 buy 1.00 EURUSD at 1.16319 sl: 1.16359 tp: 0.00000 ok
2	16:16:59.051	MyEA EURUSD,M5: modify #0 buy 0.00  at 0.00000 sl: 0.00000 tp: 0.00000 ok
2	16:17:04.092	MyEA EURUSD,M5: modify #80169563 buy 1.00 EURUSD at 1.16319 sl: 1.16360 tp: 0.00000 ok
2	16:17:04.107	MyEA EURUSD,M15: modify #0 buy 0.00  at 0.00000 sl: 0.00000 tp: 0.00000 ok
2	16:21:10.755	MyEA EURUSD,M15: modify #80169563 buy 1.00 EURUSD at 1.16319 sl: 1.16361 tp: 0.00000 ok
2	16:21:10.785	MyEA EURUSD,M5: modify #0 buy 0.00  at 0.00000 sl: 0.00000 tp: 0.00000 ok
2	16:33:01.731	MyEA EURUSD,M15: modify #80169563 buy 1.00 EURUSD at 1.16319 sl: 1.16363 tp: 0.00000 ok
2	16:33:01.744	MyEA EURUSD,M5: modify #0 buy 0.00  at 0.00000 sl: 0.00000 tp: 0.00000 ok
2	16:33:02.440	MyEA EURUSD,M15: modify #80169563 buy 1.00 EURUSD at 1.16319 sl: 1.16366 tp: 0.00000 ok
2	16:33:02.479	MyEA EURUSD,M5: modify #0 buy 0.00  at 0.00000 sl: 0.00000 tp: 0.00000 ok
2	16:33:02.728	MyEA EURUSD,M15: modify #80169563 buy 1.00 EURUSD at 1.16319 sl: 1.16368 tp: 0.00000 ok
2	16:33:02.761	MyEA EURUSD,M5: modify #0 buy 0.00  at 0.00000 sl: 0.00000 tp: 0.00000 ok
2	16:33:03.007	MyEA EURUSD,M15: modify #80169563 buy 1.00 EURUSD at 1.16319 sl: 1.16369 tp: 0.00000 ok
2	16:33:03.056	MyEA EURUSD,M5: modify #0 buy 0.00  at 0.00000 sl: 0.00000 tp: 0.00000 ok
2	16:33:05.176	MyEA EURUSD,M15: modify #80169563 buy 1.00 EURUSD at 1.16319 sl: 1.16371 tp: 0.00000 ok
2	16:33:05.194	MyEA EURUSD,M5: modify #0 buy 0.00  at 0.00000 sl: 0.00000 tp: 0.00000 ok
2	16:33:10.386	MyEA EURUSD,M15: modify #80169563 buy 1.00 EURUSD at 1.16319 sl: 1.16372 tp: 0.00000 ok
2	16:33:10.406	MyEA EURUSD,M5: modify #0 buy 0.00  at 0.00000 sl: 0.00000 tp: 0.00000 ok
2	16:33:10.785	MyEA EURUSD,M15: modify #80169563 buy 1.00 EURUSD at 1.16319 sl: 1.16373 tp: 0.00000 ok
2	16:33:10.785	MyEA EURUSD,M5: modify #0 buy 0.00  at 0.00000 sl: 0.00000 tp: 0.00000 ok
2	16:33:12.820	MyEA EURUSD,M15: modify #80169563 buy 1.00 EURUSD at 1.16319 sl: 1.16374 tp: 0.00000 ok
2	16:33:12.839	MyEA EURUSD,M5: modify #0 buy 0.00  at 0.00000 sl: 0.00000 tp: 0.00000 ok
2	16:33:16.454	MyEA EURUSD,M15: modify #80169563 buy 1.00 EURUSD at 1.16319 sl: 1.16375 tp: 0.00000 ok
2	16:33:16.470	MyEA EURUSD,M5: modify #0 buy 0.00  at 0.00000 sl: 0.00000 tp: 0.00000 ok
2	16:33:17.029	MyEA EURUSD,M15: modify #80169563 buy 1.00 EURUSD at 1.16319 sl: 1.16376 tp: 0.00000 ok
2	16:33:17.035	MyEA EURUSD,M5: modify #0 buy 0.00  at 0.00000 sl: 0.00000 tp: 0.00000 ok
2	16:33:17.328	MyEA EURUSD,M15: modify #80169563 buy 1.00 EURUSD at 1.16319 sl: 1.16378 tp: 0.00000 ok
2	16:33:17.345	MyEA EURUSD,M5: modify #0 buy 0.00  at 0.00000 sl: 0.00000 tp: 0.00000 ok
2	16:33:18.810	MyEA EURUSD,M15: modify #80169563 buy 1.00 EURUSD at 1.16319 sl: 1.16379 tp: 0.00000 ok
2	16:33:18.834	MyEA EURUSD,M5: modify #0 buy 0.00  at 0.00000 sl: 0.00000 tp: 0.00000 ok
2	16:33:19.091	MyEA EURUSD,M15: modify #80169563 buy 1.00 EURUSD at 1.16319 sl: 1.16381 tp: 0.00000 ok
2	16:33:19.116	MyEA EURUSD,M5: modify #0 buy 0.00  at 0.00000 sl: 0.00000 tp: 0.00000 ok
2	16:33:19.372	MyEA EURUSD,M15: modify #80169563 buy 1.00 EURUSD at 1.16319 sl: 1.16383 tp: 0.00000 ok
2	16:33:19.406	MyEA EURUSD,M5: modify #0 buy 0.00  at 0.00000 sl: 0.00000 tp: 0.00000 ok
2	16:33:20.824	MyEA EURUSD,M15: modify #80169563 buy 1.00 EURUSD at 1.16319 sl: 1.16384 tp: 0.00000 ok
2	16:33:20.853	MyEA EURUSD,M5: modify #0 buy 0.00  at 0.00000 sl: 0.00000 tp: 0.00000 ok
2	16:33:25.411	MyEA EURUSD,M5: modify #80169563 buy 1.00 EURUSD at 1.16319 sl: 1.16385 tp: 0.00000 ok
2	16:33:25.426	MyEA EURUSD,M15: modify #0 buy 0.00  at 0.00000 sl: 0.00000 tp: 0.00000 ok
2	16:33:26.393	MyEA EURUSD,M15: modify #80169563 buy 1.00 EURUSD at 1.16319 sl: 1.16386 tp: 0.00000 ok
2	16:33:26.418	MyEA EURUSD,M5: modify #0 buy 0.00  at 0.00000 sl: 0.00000 tp: 0.00000 ok
2	16:33:26.674	MyEA EURUSD,M15: modify #80169563 buy 1.00 EURUSD at 1.16319 sl: 1.16388 tp: 0.00000 ok
2	16:33:26.705	MyEA EURUSD,M5: modify #0 buy 0.00  at 0.00000 sl: 0.00000 tp: 0.00000 ok
2	16:33:26.952	MyEA EURUSD,M15: modify #80169563 buy 1.00 EURUSD at 1.16319 sl: 1.16389 tp: 0.00000 ok
2	16:33:26.986	MyEA EURUSD,M5: modify #0 buy 0.00  at 0.00000 sl: 0.00000 tp: 0.00000 ok
2	16:33:28.559	MyEA EURUSD,M15: modify #80169563 buy 1.00 EURUSD at 1.16319 sl: 1.16390 tp: 0.00000 ok
2	16:33:28.590	MyEA EURUSD,M5: modify #0 buy 0.00  at 0.00000 sl: 0.00000 tp: 0.00000 ok
2	16:33:28.842	MyEA EURUSD,M15: modify #80169563 buy 1.00 EURUSD at 1.16319 sl: 1.16391 tp: 0.00000 ok
2	16:33:36.640	MyEA EURUSD,M15: modify #80169563 buy 1.00 EURUSD at 1.16319 sl: 1.16392 tp: 0.00000 ok
2	16:33:36.656	MyEA EURUSD,M5: modify #0 buy 0.00  at 0.00000 sl: 0.00000 tp: 0.00000 ok
2	16:33:42.009	MyEA EURUSD,M15: modify #80169563 buy 1.00 EURUSD at 1.16319 sl: 1.16393 tp: 0.00000 ok
2	16:33:42.023	MyEA EURUSD,M5: modify #0 buy 0.00  at 0.00000 sl: 0.00000 tp: 0.00000 ok
2	16:33:46.358	MyEA EURUSD,M15: modify #80169563 buy 1.00 EURUSD at 1.16319 sl: 1.16395 tp: 0.00000 ok
2	16:33:46.375	MyEA EURUSD,M5: modify #0 buy 0.00  at 0.00000 sl: 0.00000 tp: 0.00000 ok
2	16:33:46.685	MyEA EURUSD,M15: modify #80169563 buy 1.00 EURUSD at 1.16319 sl: 1.16397 tp: 0.00000 ok
2	16:33:46.703	MyEA EURUSD,M5: modify #0 buy 0.00  at 0.00000 sl: 0.00000 tp: 0.00000 ok
2	16:33:47.383	MyEA EURUSD,M5: modify #80169563 buy 1.00 EURUSD at 1.16319 sl: 1.16398 tp: 0.00000 ok
2	16:33:47.383	MyEA EURUSD,M15: modify #0 buy 0.00  at 0.00000 sl: 0.00000 tp: 0.00000 ok
2	16:33:48.357	MyEA EURUSD,M15: modify #80169563 buy 1.00 EURUSD at 1.16319 sl: 1.16399 tp: 0.00000 ok
2	16:33:48.380	MyEA EURUSD,M5: modify #0 buy 0.00  at 0.00000 sl: 0.00000 tp: 0.00000 ok
2	16:33:48.638	MyEA EURUSD,M15: modify #80169563 buy 1.00 EURUSD at 1.16319 sl: 1.16400 tp: 0.00000 ok
2	16:33:48.653	MyEA EURUSD,M5: modify #0 buy 0.00  at 0.00000 sl: 0.00000 tp: 0.00000 ok
2	16:33:51.944	MyEA EURUSD,M15: modify #80169563 buy 1.00 EURUSD at 1.16319 sl: 1.16401 tp: 0.00000 ok
2	16:33:51.960	MyEA EURUSD,M5: modify #0 buy 0.00  at 0.00000 sl: 0.00000 tp: 0.00000 ok
2	16:33:52.817	MyEA EURUSD,M15: modify #80169563 buy 1.00 EURUSD at 1.16319 sl: 1.16402 tp: 0.00000 ok
2	16:33:52.835	MyEA EURUSD,M5: modify #0 buy 0.00  at 0.00000 sl: 0.00000 tp: 0.00000 ok
2	16:55:01.788	MyEA EURUSD,M5: open #80182867 sell 1.00 EURUSD at 1.16482 sl: 1.16682 ok
0	16:55:01.788	MyEA EURUSD,M5: Alert: 死叉
2	18:39:23.792	MyEA EURUSD,M15: modify #80169563 buy 1.00 EURUSD at 1.16319 sl: 1.16403 tp: 0.00000 ok
2	18:39:23.809	MyEA EURUSD,M5: modify #0 buy 0.00  at 0.00000 sl: 0.00000 tp: 0.00000 ok
2	18:39:24.433	MyEA EURUSD,M15: modify #0 buy 0.00  at 0.00000 sl: 0.00000 tp: 0.00000 ok
2	18:39:24.434	MyEA EURUSD,M5: modify #80169563 buy 1.00 EURUSD at 1.16319 sl: 1.16404 tp: 0.00000 ok
2	18:39:24.775	MyEA EURUSD,M15: modify #80169563 buy 1.00 EURUSD at 1.16319 sl: 1.16405 tp: 0.00000 ok
2	18:39:24.791	MyEA EURUSD,M5: modify #0 buy 0.00  at 0.00000 sl: 0.00000 tp: 0.00000 ok
2	18:40:05.681	MyEA EURUSD,M15: modify #80169563 buy 1.00 EURUSD at 1.16319 sl: 1.16406 tp: 0.00000 ok
2	18:40:05.693	MyEA EURUSD,M5: modify #0 buy 0.00  at 0.00000 sl: 0.00000 tp: 0.00000 ok
2	18:40:06.144	MyEA EURUSD,M15: modify #80169563 buy 1.00 EURUSD at 1.16319 sl: 1.16408 tp: 0.00000 ok
2	18:40:06.160	MyEA EURUSD,M5: modify #0 buy 0.00  at 0.00000 sl: 0.00000 tp: 0.00000 ok
2	18:40:07.081	MyEA EURUSD,M15: modify #80169563 buy 1.00 EURUSD at 1.16319 sl: 1.16410 tp: 0.00000 ok
2	18:40:07.096	MyEA EURUSD,M5: modify #0 buy 0.00  at 0.00000 sl: 0.00000 tp: 0.00000 ok
2	18:40:07.347	MyEA EURUSD,M15: modify #80169563 buy 1.00 EURUSD at 1.16319 sl: 1.16413 tp: 0.00000 ok
2	18:40:07.362	MyEA EURUSD,M5: modify #0 buy 0.00  at 0.00000 sl: 0.00000 tp: 0.00000 ok
2	18:46:01.540	MyEA EURUSD,M15: modify #80169563 buy 1.00 EURUSD at 1.16319 sl: 1.16415 tp: 0.00000 ok
2	18:46:01.554	MyEA EURUSD,M5: modify #0 buy 0.00  at 0.00000 sl: 0.00000 tp: 0.00000 ok
2	18:46:02.335	MyEA EURUSD,M15: modify #80169563 buy 1.00 EURUSD at 1.16319 sl: 1.16421 tp: 0.00000 ok
2	18:46:02.350	MyEA EURUSD,M5: modify #0 buy 0.00  at 0.00000 sl: 0.00000 tp: 0.00000 ok
2	18:46:06.984	MyEA EURUSD,M15: modify #80169563 buy 1.00 EURUSD at 1.16319 sl: 1.16422 tp: 0.00000 ok
2	18:46:06.999	MyEA EURUSD,M5: modify #0 buy 0.00  at 0.00000 sl: 0.00000 tp: 0.00000 ok
2	18:46:20.074	MyEA EURUSD,M15: modify #80169563 buy 1.00 EURUSD at 1.16319 sl: 1.16423 tp: 0.00000 ok
2	18:46:20.087	MyEA EURUSD,M5: modify #0 buy 0.00  at 0.00000 sl: 0.00000 tp: 0.00000 ok
2	18:46:29.446	MyEA EURUSD,M15: modify #80169563 buy 1.00 EURUSD at 1.16319 sl: 1.16429 tp: 0.00000 ok
2	18:46:29.471	MyEA EURUSD,M5: modify #0 buy 0.00  at 0.00000 sl: 0.00000 tp: 0.00000 ok
2	18:46:29.718	MyEA EURUSD,M15: modify #80169563 buy 1.00 EURUSD at 1.16319 sl: 1.16430 tp: 0.00000 ok
2	18:46:29.741	MyEA EURUSD,M5: modify #0 buy 0.00  at 0.00000 sl: 0.00000 tp: 0.00000 ok
2	18:46:30.911	MyEA EURUSD,M15: modify #80169563 buy 1.00 EURUSD at 1.16319 sl: 1.16431 tp: 0.00000 ok
2	18:46:30.927	MyEA EURUSD,M5: modify #0 buy 0.00  at 0.00000 sl: 0.00000 tp: 0.00000 ok
2	18:57:40.119	MyEA EURUSD,M15: modify #80169563 buy 1.00 EURUSD at 1.16319 sl: 1.16432 tp: 0.00000 ok
2	18:57:40.133	MyEA EURUSD,M5: modify #0 buy 0.00  at 0.00000 sl: 0.00000 tp: 0.00000 ok
2	18:57:40.381	MyEA EURUSD,M15: modify #80169563 buy 1.00 EURUSD at 1.16319 sl: 1.16438 tp: 0.00000 ok
2	18:57:40.392	MyEA EURUSD,M5: modify #0 buy 0.00  at 0.00000 sl: 0.00000 tp: 0.00000 ok
2	18:57:45.340	MyEA EURUSD,M15: modify #80169563 buy 1.00 EURUSD at 1.16319 sl: 1.16439 tp: 0.00000 ok
2	18:57:45.354	MyEA EURUSD,M5: modify #0 buy 0.00  at 0.00000 sl: 0.00000 tp: 0.00000 ok
0	19:15:00.959	MyEA EURUSD,M5: Alert: 死叉
0	19:42:43.985	MyEA EURUSD,M15: uninit reason 1
0	19:42:43.988	Expert MyEA EURUSD,M15: removed
2	19:50:03.121	MyEA EURUSD,M5: modify #80169563 buy 1.00 EURUSD at 1.16319 sl: 1.16440 tp: 0.00000 ok
2	19:50:03.976	MyEA EURUSD,M5: modify #80169563 buy 1.00 EURUSD at 1.16319 sl: 1.16443 tp: 0.00000 ok
2	19:50:04.306	MyEA EURUSD,M5: modify #80169563 buy 1.00 EURUSD at 1.16319 sl: 1.16444 tp: 0.00000 ok
2	19:50:04.573	MyEA EURUSD,M5: modify #80169563 buy 1.00 EURUSD at 1.16319 sl: 1.16446 tp: 0.00000 ok
2	19:50:04.839	MyEA EURUSD,M5: modify #80169563 buy 1.00 EURUSD at 1.16319 sl: 1.16447 tp: 0.00000 ok
2	19:50:05.107	MyEA EURUSD,M5: modify #80169563 buy 1.00 EURUSD at 1.16319 sl: 1.16452 tp: 0.00000 ok
2	19:50:05.791	MyEA EURUSD,M5: modify #80169563 buy 1.00 EURUSD at 1.16319 sl: 1.16453 tp: 0.00000 ok
2	19:50:10.938	MyEA EURUSD,M5: modify #80169563 buy 1.00 EURUSD at 1.16319 sl: 1.16454 tp: 0.00000 ok
2	19:50:11.203	MyEA EURUSD,M5: modify #80169563 buy 1.00 EURUSD at 1.16319 sl: 1.16456 tp: 0.00000 ok
2	19:59:40.125	MyEA EURUSD,M5: modify #80169563 buy 1.00 EURUSD at 1.16319 sl: 1.16457 tp: 0.00000 ok
2	19:59:40.391	MyEA EURUSD,M5: modify #80169563 buy 1.00 EURUSD at 1.16319 sl: 1.16460 tp: 0.00000 ok
2	19:59:50.280	MyEA EURUSD,M5: modify #80169563 buy 1.00 EURUSD at 1.16319 sl: 1.16461 tp: 0.00000 ok
2	20:00:17.160	MyEA EURUSD,M5: modify #80169563 buy 1.00 EURUSD at 1.16319 sl: 1.16462 tp: 0.00000 ok
2	20:00:23.106	MyEA EURUSD,M5: modify #80169563 buy 1.00 EURUSD at 1.16319 sl: 1.16463 tp: 0.00000 ok
2	20:00:23.368	MyEA EURUSD,M5: modify #80169563 buy 1.00 EURUSD at 1.16319 sl: 1.16468 tp: 0.00000 ok
2	20:00:24.525	MyEA EURUSD,M5: modify #80169563 buy 1.00 EURUSD at 1.16319 sl: 1.16471 tp: 0.00000 ok
2	20:00:43.383	MyEA EURUSD,M5: modify #80169563 buy 1.00 EURUSD at 1.16319 sl: 1.16472 tp: 0.00000 ok
2	20:00:44.145	MyEA EURUSD,M5: modify #80169563 buy 1.00 EURUSD at 1.16319 sl: 1.16473 tp: 0.00000 ok
2	20:00:44.412	MyEA EURUSD,M5: modify #80169563 buy 1.00 EURUSD at 1.16319 sl: 1.16477 tp: 0.00000 ok
2	20:00:44.676	MyEA EURUSD,M5: modify #80169563 buy 1.00 EURUSD at 1.16319 sl: 1.16482 tp: 0.00000 ok
2	20:00:45.254	MyEA EURUSD,M5: modify #80169563 buy 1.00 EURUSD at 1.16319 sl: 1.16484 tp: 0.00000 ok
2	20:00:45.520	MyEA EURUSD,M5: modify #80169563 buy 1.00 EURUSD at 1.16319 sl: 1.16487 tp: 0.00000 ok
2	20:00:46.191	MyEA EURUSD,M5: modify #80169563 buy 1.00 EURUSD at 1.16319 sl: 1.16488 tp: 0.00000 ok
2	20:00:46.569	MyEA EURUSD,M5: modify #80169563 buy 1.00 EURUSD at 1.16319 sl: 1.16490 tp: 0.00000 ok
2	20:00:47.740	MyEA EURUSD,M5: modify #80169563 buy 1.00 EURUSD at 1.16319 sl: 1.16491 tp: 0.00000 ok
2	20:00:48.015	MyEA EURUSD,M5: modify #80169563 buy 1.00 EURUSD at 1.16319 sl: 1.16493 tp: 0.00000 ok
2	20:00:48.485	MyEA EURUSD,M5: modify #80169563 buy 1.00 EURUSD at 1.16319 sl: 1.16494 tp: 0.00000 ok
2	20:00:48.878	MyEA EURUSD,M5: modify #80169563 buy 1.00 EURUSD at 1.16319 sl: 1.16495 tp: 0.00000 ok
2	20:00:49.391	MyEA EURUSD,M5: modify #80169563 buy 1.00 EURUSD at 1.16319 sl: 1.16496 tp: 0.00000 ok
2	20:00:49.671	MyEA EURUSD,M5: modify #80169563 buy 1.00 EURUSD at 1.16319 sl: 1.16497 tp: 0.00000 ok
2	20:00:50.483	MyEA EURUSD,M5: modify #80169563 buy 1.00 EURUSD at 1.16319 sl: 1.16498 tp: 0.00000 ok
2	20:02:37.873	MyEA EURUSD,M5: modify #80169563 buy 1.00 EURUSD at 1.16319 sl: 1.16499 tp: 0.00000 ok
2	20:02:38.150	MyEA EURUSD,M5: modify #80169563 buy 1.00 EURUSD at 1.16319 sl: 1.16501 tp: 0.00000 ok
2	20:02:40.508	MyEA EURUSD,M5: modify #80169563 buy 1.00 EURUSD at 1.16319 sl: 1.16502 tp: 0.00000 ok
2	20:02:40.773	MyEA EURUSD,M5: modify #80169563 buy 1.00 EURUSD at 1.16319 sl: 1.16503 tp: 0.00000 ok
2	20:02:58.413	MyEA EURUSD,M5: modify #80169563 buy 1.00 EURUSD at 1.16319 sl: 1.16504 tp: 0.00000 ok
2	20:03:08.929	MyEA EURUSD,M5: modify #80169563 buy 1.00 EURUSD at 1.16319 sl: 1.16505 tp: 0.00000 ok
2	20:03:09.195	MyEA EURUSD,M5: modify #80169563 buy 1.00 EURUSD at 1.16319 sl: 1.16510 tp: 0.00000 ok
2	20:03:09.804	MyEA EURUSD,M5: modify #80169563 buy 1.00 EURUSD at 1.16319 sl: 1.16512 tp: 0.00000 ok
2	20:03:10.100	MyEA EURUSD,M5: modify #80169563 buy 1.00 EURUSD at 1.16319 sl: 1.16513 tp: 0.00000 ok
2	20:03:10.581	MyEA EURUSD,M5: modify #80169563 buy 1.00 EURUSD at 1.16319 sl: 1.16514 tp: 0.00000 ok
2	20:03:10.849	MyEA EURUSD,M5: modify #80169563 buy 1.00 EURUSD at 1.16319 sl: 1.16518 tp: 0.00000 ok
2	20:03:26.247	MyEA EURUSD,M5: modify #80169563 buy 1.00 EURUSD at 1.16319 sl: 1.16519 tp: 0.00000 ok
2	20:03:28.911	MyEA EURUSD,M5: modify #80169563 buy 1.00 EURUSD at 1.16319 sl: 1.16520 tp: 0.00000 ok
2	20:03:29.178	MyEA EURUSD,M5: modify #80169563 buy 1.00 EURUSD at 1.16319 sl: 1.16522 tp: 0.00000 ok
2	20:03:30.737	MyEA EURUSD,M5: modify #80169563 buy 1.00 EURUSD at 1.16319 sl: 1.16523 tp: 0.00000 ok
2	20:03:31.018	MyEA EURUSD,M5: modify #80169563 buy 1.00 EURUSD at 1.16319 sl: 1.16525 tp: 0.00000 ok
2	20:03:32.246	MyEA EURUSD,M5: modify #80169563 buy 1.00 EURUSD at 1.16319 sl: 1.16526 tp: 0.00000 ok
2	20:05:05.006	MyEA EURUSD,M5: modify #80169563 buy 1.00 EURUSD at 1.16319 sl: 1.16527 tp: 0.00000 ok
2	20:05:54.388	MyEA EURUSD,M5: modify #80169563 buy 1.00 EURUSD at 1.16319 sl: 1.16529 tp: 0.00000 ok
2	20:05:54.676	MyEA EURUSD,M5: modify #80169563 buy 1.00 EURUSD at 1.16319 sl: 1.16530 tp: 0.00000 ok
2	20:06:44.846	MyEA EURUSD,M5: modify #80169563 buy 1.00 EURUSD at 1.16319 sl: 1.16531 tp: 0.00000 ok
2	20:06:45.111	MyEA EURUSD,M5: modify #80169563 buy 1.00 EURUSD at 1.16319 sl: 1.16532 tp: 0.00000 ok
2	20:06:45.643	MyEA EURUSD,M5: modify #80169563 buy 1.00 EURUSD at 1.16319 sl: 1.16534 tp: 0.00000 ok
2	20:06:52.413	MyEA EURUSD,M5: modify #80169563 buy 1.00 EURUSD at 1.16319 sl: 1.16535 tp: 0.00000 ok
2	20:07:00.209	MyEA EURUSD,M5: modify #80169563 buy 1.00 EURUSD at 1.16319 sl: 1.16536 tp: 0.00000 ok
2	20:08:45.088	MyEA EURUSD,M5: modify #80169563 buy 1.00 EURUSD at 1.16319 sl: 1.16537 tp: 0.00000 ok
2	20:08:45.367	MyEA EURUSD,M5: modify #80169563 buy 1.00 EURUSD at 1.16319 sl: 1.16541 tp: 0.00000 ok
2	20:09:04.269	MyEA EURUSD,M5: modify #80169563 buy 1.00 EURUSD at 1.16319 sl: 1.16542 tp: 0.00000 ok
2	20:30:31.692	MyEA EURUSD,M5: modify #80169563 buy 1.00 EURUSD at 1.16319 sl: 1.16543 tp: 0.00000 ok
2	20:33:07.377	MyEA EURUSD,M5: modify #80169563 buy 1.00 EURUSD at 1.16319 sl: 1.16544 tp: 0.00000 ok
2	20:33:07.659	MyEA EURUSD,M5: modify #80169563 buy 1.00 EURUSD at 1.16319 sl: 1.16546 tp: 0.00000 ok
2	20:33:07.922	MyEA EURUSD,M5: modify #80169563 buy 1.00 EURUSD at 1.16319 sl: 1.16552 tp: 0.00000 ok
2	20:33:49.188	MyEA EURUSD,M5: modify #80169563 buy 1.00 EURUSD at 1.16319 sl: 1.16553 tp: 0.00000 ok
2	20:33:49.561	MyEA EURUSD,M5: modify #80169563 buy 1.00 EURUSD at 1.16319 sl: 1.16554 tp: 0.00000 ok
2	20:33:49.825	MyEA EURUSD,M5: modify #80169563 buy 1.00 EURUSD at 1.16319 sl: 1.16558 tp: 0.00000 ok
2	20:33:54.198	MyEA EURUSD,M5: modify #80169563 buy 1.00 EURUSD at 1.16319 sl: 1.16559 tp: 0.00000 ok
2	20:33:56.177	MyEA EURUSD,M5: modify #80169563 buy 1.00 EURUSD at 1.16319 sl: 1.16560 tp: 0.00000 ok
2	20:33:56.453	MyEA EURUSD,M5: modify #80169563 buy 1.00 EURUSD at 1.16319 sl: 1.16561 tp: 0.00000 ok
2	20:33:56.722	MyEA EURUSD,M5: modify #80169563 buy 1.00 EURUSD at 1.16319 sl: 1.16562 tp: 0.00000 ok
2	20:33:56.988	MyEA EURUSD,M5: modify #80169563 buy 1.00 EURUSD at 1.16319 sl: 1.16563 tp: 0.00000 ok
2	20:33:58.280	MyEA EURUSD,M5: modify #80169563 buy 1.00 EURUSD at 1.16319 sl: 1.16564 tp: 0.00000 ok
2	20:34:25.017	MyEA EURUSD,M5: modify #80169563 buy 1.00 EURUSD at 1.16319 sl: 1.16565 tp: 0.00000 ok
2	20:34:25.625	MyEA EURUSD,M5: modify #80169563 buy 1.00 EURUSD at 1.16319 sl: 1.16566 tp: 0.00000 ok
2	20:34:25.891	MyEA EURUSD,M5: modify #80169563 buy 1.00 EURUSD at 1.16319 sl: 1.16568 tp: 0.00000 ok
2	20:34:26.156	MyEA EURUSD,M5: modify #80169563 buy 1.00 EURUSD at 1.16319 sl: 1.16573 tp: 0.00000 ok
2	20:34:45.157	MyEA EURUSD,M5: modify #80169563 buy 1.00 EURUSD at 1.16319 sl: 1.16574 tp: 0.00000 ok
2	20:36:18.274	MyEA EURUSD,M5: modify #80169563 buy 1.00 EURUSD at 1.16319 sl: 1.16575 tp: 0.00000 ok
2	20:36:18.539	MyEA EURUSD,M5: modify #80169563 buy 1.00 EURUSD at 1.16319 sl: 1.16582 tp: 0.00000 ok
2	20:36:19.425	MyEA EURUSD,M5: modify #80169563 buy 1.00 EURUSD at 1.16319 sl: 1.16585 tp: 0.00000 ok
2	20:37:50.108	MyEA EURUSD,M5: modify #80169563 buy 1.00 EURUSD at 1.16319 sl: 1.16586 tp: 0.00000 ok
2	20:38:01.025	MyEA EURUSD,M5: modify #80169563 buy 1.00 EURUSD at 1.16319 sl: 1.16590 tp: 0.00000 ok
2	20:38:01.293	MyEA EURUSD,M5: modify #80169563 buy 1.00 EURUSD at 1.16319 sl: 1.16593 tp: 0.00000 ok
2	20:38:01.809	MyEA EURUSD,M5: modify #80169563 buy 1.00 EURUSD at 1.16319 sl: 1.16600 tp: 0.00000 ok
2	20:38:02.072	MyEA EURUSD,M5: modify #80169563 buy 1.00 EURUSD at 1.16319 sl: 1.16602 tp: 0.00000 ok
2	20:38:02.337	MyEA EURUSD,M5: modify #80169563 buy 1.00 EURUSD at 1.16319 sl: 1.16603 tp: 0.00000 ok
2	20:38:02.807	MyEA EURUSD,M5: modify #80169563 buy 1.00 EURUSD at 1.16319 sl: 1.16604 tp: 0.00000 ok
2	20:56:40.033	MyEA EURUSD,M5: modify #80169563 buy 1.00 EURUSD at 1.16319 sl: 1.16607 tp: 0.00000 ok
2	20:56:42.293	MyEA EURUSD,M5: modify #80169563 buy 1.00 EURUSD at 1.16319 sl: 1.16608 tp: 0.00000 ok
2	20:56:43.042	MyEA EURUSD,M5: modify #80169563 buy 1.00 EURUSD at 1.16319 sl: 1.16611 tp: 0.00000 ok
2	20:56:43.434	MyEA EURUSD,M5: modify #80169563 buy 1.00 EURUSD at 1.16319 sl: 1.16613 tp: 0.00000 ok
2	20:56:43.696	MyEA EURUSD,M5: modify #80169563 buy 1.00 EURUSD at 1.16319 sl: 1.16616 tp: 0.00000 ok
2	20:56:43.962	MyEA EURUSD,M5: modify #80169563 buy 1.00 EURUSD at 1.16319 sl: 1.16621 tp: 0.00000 ok
2	20:56:44.399	MyEA EURUSD,M5: modify #80169563 buy 1.00 EURUSD at 1.16319 sl: 1.16622 tp: 0.00000 ok
2	20:56:45.056	MyEA EURUSD,M5: modify #80169563 buy 1.00 EURUSD at 1.16319 sl: 1.16624 tp: 0.00000 ok
2	20:56:45.676	MyEA EURUSD,M5: modify #80169563 buy 1.00 EURUSD at 1.16319 sl: 1.16626 tp: 0.00000 ok
2	20:56:45.942	MyEA EURUSD,M5: modify #80169563 buy 1.00 EURUSD at 1.16319 sl: 1.16628 tp: 0.00000 ok
2	20:56:46.208	MyEA EURUSD,M5: modify #80169563 buy 1.00 EURUSD at 1.16319 sl: 1.16634 tp: 0.00000 ok
2	20:56:46.475	MyEA EURUSD,M5: modify #80169563 buy 1.00 EURUSD at 1.16319 sl: 1.16641 tp: 0.00000 ok
2	20:56:46.739	MyEA EURUSD,M5: modify #80169563 buy 1.00 EURUSD at 1.16319 sl: 1.16654 tp: 0.00000 ok
2	20:56:47.004	MyEA EURUSD,M5: modify #80169563 buy 1.00 EURUSD at 1.16319 sl: 1.16655 tp: 0.00000 ok
0	20:57:35.143	MyEA EURUSD,M5: uninit reason 2
0	20:57:35.148	Expert MyEA EURUSD,M5: removed
0	20:57:35.164	Expert MyEA EURUSD,M5: loaded successfully
0	20:57:35.183	MyEA EURUSD,M5: initialized
0	20:57:36.556	MyEA EURUSD,M5: uninit reason 2
0	20:57:36.559	Expert MyEA EURUSD,M5: removed
0	20:57:36.573	Expert MyEA EURUSD,M5: loaded successfully
0	20:57:36.593	MyEA EURUSD,M5: initialized
2	21:02:08.171	MyEA EURUSD,M5: modify #80169563 buy 1.00 EURUSD at 1.16319 sl: 1.16657 tp: 0.00000 ok
2	21:12:20.619	MyEA EURUSD,M5: modify #80169563 buy 1.00 EURUSD at 1.16319 sl: 1.16658 tp: 0.00000 ok
2	21:12:20.885	MyEA EURUSD,M5: modify #80169563 buy 1.00 EURUSD at 1.16319 sl: 1.16660 tp: 0.00000 ok
2	21:14:04.296	MyEA EURUSD,M5: modify #80169563 buy 1.00 EURUSD at 1.16319 sl: 1.16662 tp: 0.00000 ok
2	21:14:42.998	MyEA EURUSD,M5: modify #80169563 buy 1.00 EURUSD at 1.16319 sl: 1.16663 tp: 0.00000 ok
2	21:14:46.526	MyEA EURUSD,M5: modify #80169563 buy 1.00 EURUSD at 1.16319 sl: 1.16664 tp: 0.00000 ok
2	21:14:46.791	MyEA EURUSD,M5: modify #80169563 buy 1.00 EURUSD at 1.16319 sl: 1.16668 tp: 0.00000 ok
2	21:14:47.055	MyEA EURUSD,M5: modify #80169563 buy 1.00 EURUSD at 1.16319 sl: 1.16674 tp: 0.00000 ok
2	21:15:27.301	MyEA EURUSD,M5: modify #80169563 buy 1.00 EURUSD at 1.16319 sl: 1.16675 tp: 0.00000 ok
2	21:16:35.706	MyEA EURUSD,M5: modify #80169563 buy 1.00 EURUSD at 1.16319 sl: 1.16678 tp: 0.00000 ok
2	21:16:35.987	MyEA EURUSD,M5: modify #80169563 buy 1.00 EURUSD at 1.16319 sl: 1.16679 tp: 0.00000 ok
2	21:16:36.424	MyEA EURUSD,M5: modify #80169563 buy 1.00 EURUSD at 1.16319 sl: 1.16680 tp: 0.00000 ok
2	21:16:36.811	MyEA EURUSD,M5: modify #80169563 buy 1.00 EURUSD at 1.16319 sl: 1.16681 tp: 0.00000 ok
2	21:17:35.124	MyEA EURUSD,M5: modify #80169563 buy 1.00 EURUSD at 1.16319 sl: 1.16682 tp: 0.00000 ok
2	21:17:41.413	MyEA EURUSD,M5: modify #80169563 buy 1.00 EURUSD at 1.16319 sl: 1.16683 tp: 0.00000 ok
2	21:18:44.247	MyEA EURUSD,M5: modify #80169563 buy 1.00 EURUSD at 1.16319 sl: 1.16685 tp: 0.00000 ok
2	21:18:45.622	MyEA EURUSD,M5: modify #80169563 buy 1.00 EURUSD at 1.16319 sl: 1.16686 tp: 0.00000 ok
2	21:18:45.885	MyEA EURUSD,M5: modify #80169563 buy 1.00 EURUSD at 1.16319 sl: 1.16693 tp: 0.00000 ok
2	21:18:46.152	MyEA EURUSD,M5: modify #80169563 buy 1.00 EURUSD at 1.16319 sl: 1.16695 tp: 0.00000 ok
2	21:18:52.703	MyEA EURUSD,M5: modify #80169563 buy 1.00 EURUSD at 1.16319 sl: 1.16697 tp: 0.00000 ok
2	21:18:52.967	MyEA EURUSD,M5: modify #80169563 buy 1.00 EURUSD at 1.16319 sl: 1.16707 tp: 0.00000 ok
2	21:18:53.233	MyEA EURUSD,M5: modify #80169563 buy 1.00 EURUSD at 1.16319 sl: 1.16711 tp: 0.00000 ok
2	21:18:58.911	MyEA EURUSD,M5: modify #80169563 buy 1.00 EURUSD at 1.16319 sl: 1.16717 tp: 0.00000 ok
2	21:24:08.302	MyEA EURUSD,M5: modify #80169563 buy 1.00 EURUSD at 1.16319 sl: 1.16721 tp: 0.00000 ok
2	21:24:10.985	MyEA EURUSD,M5: modify #80169563 buy 1.00 EURUSD at 1.16319 sl: 1.16722 tp: 0.00000 ok
2	21:24:11.272	MyEA EURUSD,M5: modify #80169563 buy 1.00 EURUSD at 1.16319 sl: 1.16724 tp: 0.00000 ok
2	21:24:11.531	MyEA EURUSD,M5: modify #80169563 buy 1.00 EURUSD at 1.16319 sl: 1.16725 tp: 0.00000 ok
2	21:41:18.900	MyEA EURUSD,M5: modify #80169563 buy 1.00 EURUSD at 1.16319 sl: 1.16726 tp: 0.00000 ok
2	21:41:19.164	MyEA EURUSD,M5: modify #80169563 buy 1.00 EURUSD at 1.16319 sl: 1.16730 tp: 0.00000 ok
2	21:41:20.082	MyEA EURUSD,M5: modify #80169563 buy 1.00 EURUSD at 1.16319 sl: 1.16732 tp: 0.00000 ok
0	21:50:01.374	MyEA EURUSD,M5: Alert: 死叉
2	21:57:20.607	MyEA EURUSD,M5: modify #80169563 buy 1.00 EURUSD at 1.16319 sl: 1.16733 tp: 0.00000 ok
2	21:57:46.942	MyEA EURUSD,M5: modify #80169563 buy 1.00 EURUSD at 1.16319 sl: 1.16734 tp: 0.00000 ok
2	21:57:47.209	MyEA EURUSD,M5: modify #80169563 buy 1.00 EURUSD at 1.16319 sl: 1.16739 tp: 0.00000 ok
2	21:57:47.690	MyEA EURUSD,M5: modify #80169563 buy 1.00 EURUSD at 1.16319 sl: 1.16744 tp: 0.00000 ok
