0	06:03:36.090	MyEA EURUSD,M15: uninit reason 2
0	06:03:36.094	Expert MyEA EURUSD,M15: removed
0	06:03:36.108	Expert MyEA EURUSD,M15: loaded successfully
0	06:03:36.132	MyEA EURUSD,M15: initialized
0	07:00:03.392	myMA EURUSD,M15: uninit reason 1
0	07:00:03.394	Custom indicator myMA EURUSD,M15: removed
0	07:00:08.065	Custom indicator my\myMAColor EURUSD,M15: loaded successfully
0	07:00:09.597	myMAColor EURUSD,M15: initialized
0	07:01:21.623	MyEA EURUSD,M15: uninit reason 1
0	07:01:21.626	Expert MyEA EURUSD,M15: removed
0	07:01:45.033	Expert MyEA EURUSD,M15: loaded successfully
0	07:02:04.341	MyEA EURUSD,M15 inputs: FastEMA=12; SlowEMA=26; SignalSMA=9; orderMagic=123456; moveStopLost=200; startMoveStopLost=100; orderStopLost=200; orderTakeProfit=300; startSaveProfit=100; MA1=7; MA2=17; MA3=34; 
0	07:02:04.378	MyEA EURUSD,M15: initialized
0	19:32:31.807	myMAColor EURUSD,M15: uninit reason 3
0	19:32:31.811	myMAColor EURUSD,M5: initialized
0	19:33:18.957	myMAColor EURUSD,M5: uninit reason 3
0	19:33:18.962	myMAColor EURUSD,M15: initialized
0	20:18:58.030	myMAColor EURUSD,M15: uninit reason 3
0	20:18:58.035	myMAColor EURUSD,M5: initialized
0	20:19:04.193	myMAColor EURUSD,M5: uninit reason 3
0	20:19:04.199	myMAColor EURUSD,M15: initialized
0	20:19:44.182	myMAColor EURUSD,M15: uninit reason 3
0	20:19:44.188	myMAColor EURUSD,M5: initialized
0	20:19:54.688	myMAColor EURUSD,M5: uninit reason 3
0	20:19:54.694	myMAColor EURUSD,M15: initialized
0	20:20:06.610	myMAColor EURUSD,M15: uninit reason 3
0	20:20:06.616	myMAColor EURUSD,M5: initialized
0	20:20:10.466	myMAColor EURUSD,M5: uninit reason 3
0	20:20:10.472	myMAColor EURUSD,M15: initialized
0	20:20:12.574	myMAColor EURUSD,M15: uninit reason 3
0	20:20:12.580	myMAColor EURUSD,M5: initialized
0	20:20:15.788	myMAColor EURUSD,M5: uninit reason 3
0	20:20:15.794	myMAColor EURUSD,M15: initialized
0	20:20:20.833	myMAColor EURUSD,M15: uninit reason 3
0	20:20:20.839	myMAColor EURUSD,M5: initialized
0	20:20:55.016	myMAColor EURUSD,M5: uninit reason 3
0	20:20:55.040	myMAColor EURUSD,M1: initialized
0	20:20:58.142	myMAColor EURUSD,M1: uninit reason 3
0	20:20:58.148	myMAColor EURUSD,M15: initialized
0	20:21:00.128	myMAColor EURUSD,M15: uninit reason 3
0	20:21:00.135	myMAColor EURUSD,M5: initialized
0	20:21:03.120	myMAColor EURUSD,M5: uninit reason 3
0	20:21:03.126	myMAColor EURUSD,M1: initialized
0	20:21:20.512	myMAColor EURUSD,M1: uninit reason 3
0	20:21:20.518	myMAColor EURUSD,M15: initialized
0	20:21:25.972	myMAColor EURUSD,M15: uninit reason 3
0	20:21:25.978	myMAColor EURUSD,M1: initialized
0	20:22:28.599	myMAColor EURUSD,M1: uninit reason 3
0	20:22:28.606	myMAColor EURUSD,M5: initialized
0	20:22:32.280	myMAColor EURUSD,M5: uninit reason 3
0	20:22:32.286	myMAColor EURUSD,M15: initialized
2	20:45:01.826	MyEA EURUSD,M15: open #85160886 buy 1.00 EURUSD at 1.14787 sl: 1.14587 tp: 1.15087 ok
2	21:15:01.819	MyEA EURUSD,M15: close #85160886 buy 1.00 EURUSD at 1.14787 sl: 1.14587 tp: 1.15087 at price 1.14651
0	21:15:01.819	MyEA EURUSD,M15: =======¿ª¿Õµ¥Ê§°Ü,´íÎóÂë=====129
2	21:15:02.225	MyEA EURUSD,M15: open #85170370 sell 1.00 EURUSD at 1.14649 sl: 1.14849 tp: 1.14349 ok
2	23:00:01.816	MyEA EURUSD,M15: open #85175576 buy 1.00 EURUSD at 1.14748 sl: 1.14548 tp: 1.15048 ok
