2	15:15:01.177	MyEA EURUSD,M5: open #76227273 buy 1.00 EURUSD at 1.16092 sl: 1.15892 ok
2	17:05:01.079	MyEA EURUSD,M5: open #76245235 sell 1.00 EURUSD at 1.16112 sl: 1.16312 ok
2	17:40:53.589	MyEA EURUSD,M5: modify #76227273 buy 1.00 EURUSD at 1.16092 sl: 1.16102 tp: 0.00000 ok
2	19:15:01.926	MyEA EURUSD,M5: open #76263767 buy 1.00 EURUSD at 1.16187 sl: 1.15987 ok
2	19:57:40.676	MyEA EURUSD,M5: modify #76263767 buy 1.00 EURUSD at 1.16187 sl: 1.16197 tp: 0.00000 ok
2	20:10:01.296	MyEA EURUSD,M5: open #76272631 sell 1.00 EURUSD at 1.16279 sl: 1.16479 ok
2	20:20:03.615	MyEA EURUSD,M5: modify #76263767 buy 1.00 EURUSD at 1.16187 sl: 1.16199 tp: 0.00000 ok
2	20:20:04.013	MyEA EURUSD,M5: modify #76263767 buy 1.00 EURUSD at 1.16187 sl: 1.16200 tp: 0.00000 ok
2	20:20:04.584	MyEA EURUSD,M5: modify #76263767 buy 1.00 EURUSD at 1.16187 sl: 1.16201 tp: 0.00000 ok
2	20:20:04.995	MyEA EURUSD,M5: modify #76263767 buy 1.00 EURUSD at 1.16187 sl: 1.16203 tp: 0.00000 ok
2	20:20:05.384	MyEA EURUSD,M5: modify #76263767 buy 1.00 EURUSD at 1.16187 sl: 1.16204 tp: 0.00000 ok
2	20:20:05.802	MyEA EURUSD,M5: modify #76263767 buy 1.00 EURUSD at 1.16187 sl: 1.16205 tp: 0.00000 ok
2	20:20:06.142	MyEA EURUSD,M5: modify #76263767 buy 1.00 EURUSD at 1.16187 sl: 1.16208 tp: 0.00000 ok
2	20:20:06.591	MyEA EURUSD,M5: modify #76263767 buy 1.00 EURUSD at 1.16187 sl: 1.16209 tp: 0.00000 ok
2	20:20:10.937	MyEA EURUSD,M5: modify #76263767 buy 1.00 EURUSD at 1.16187 sl: 1.16213 tp: 0.00000 ok
2	20:20:13.290	MyEA EURUSD,M5: modify #76263767 buy 1.00 EURUSD at 1.16187 sl: 1.16214 tp: 0.00000 ok
2	20:20:14.540	MyEA EURUSD,M5: modify #76263767 buy 1.00 EURUSD at 1.16187 sl: 1.16216 tp: 0.00000 ok
2	20:20:14.928	MyEA EURUSD,M5: modify #76263767 buy 1.00 EURUSD at 1.16187 sl: 1.16217 tp: 0.00000 ok
2	20:20:15.336	MyEA EURUSD,M5: modify #76263767 buy 1.00 EURUSD at 1.16187 sl: 1.16218 tp: 0.00000 ok
2	20:20:46.446	MyEA EURUSD,M5: modify #76263767 buy 1.00 EURUSD at 1.16187 sl: 1.16220 tp: 0.00000 ok
2	20:20:49.477	MyEA EURUSD,M5: modify #76263767 buy 1.00 EURUSD at 1.16187 sl: 1.16221 tp: 0.00000 ok
2	20:20:49.860	MyEA EURUSD,M5: modify #76263767 buy 1.00 EURUSD at 1.16187 sl: 1.16224 tp: 0.00000 ok
0	20:47:05.017	myMACD EURUSD,M5: uninit reason 1
0	20:47:05.024	Custom indicator myMACD EURUSD,M5: removed
0	20:47:07.274	myMACD EURUSD,M5: uninit reason 1
0	20:47:07.279	Custom indicator myMACD EURUSD,M5: removed
0	20:47:09.052	myMA EURUSD,M5: uninit reason 1
0	20:47:09.071	Custom indicator myMA EURUSD,M5: removed
0	20:47:29.972	Custom indicator myMACD EURUSD,M5: loaded successfully
0	20:47:35.255	myMACD EURUSD,M5: initialized
0	20:49:48.924	myMA EURUSD,M5: uninit reason 1
0	20:49:48.928	Custom indicator myMA EURUSD,M5: removed
0	20:49:52.728	Custom indicator my\myMA EURUSD,M5: loaded successfully
0	20:49:54.080	myMA EURUSD,M5: initialized
0	20:51:04.452	myMA EURUSD,M5: uninit reason 1
0	20:51:04.453	Custom indicator myMA EURUSD,M5: removed
0	20:51:08.983	Custom indicator my\myMA EURUSD,M5: loaded successfully
0	20:51:11.122	myMA EURUSD,M5: initialized
2	21:24:31.414	MyEA EURUSD,M5: modify #76263767 buy 1.00 EURUSD at 1.16187 sl: 1.16225 tp: 0.00000 ok
2	21:24:45.879	MyEA EURUSD,M5: modify #76263767 buy 1.00 EURUSD at 1.16187 sl: 1.16226 tp: 0.00000 ok
2	21:24:49.504	MyEA EURUSD,M5: modify #76263767 buy 1.00 EURUSD at 1.16187 sl: 1.16227 tp: 0.00000 ok
2	21:24:49.919	MyEA EURUSD,M5: modify #76263767 buy 1.00 EURUSD at 1.16187 sl: 1.16229 tp: 0.00000 ok
2	21:24:50.378	MyEA EURUSD,M5: modify #76263767 buy 1.00 EURUSD at 1.16187 sl: 1.16232 tp: 0.00000 ok
2	21:24:50.741	MyEA EURUSD,M5: modify #76263767 buy 1.00 EURUSD at 1.16187 sl: 1.16243 tp: 0.00000 ok
2	21:24:51.116	MyEA EURUSD,M5: modify #76263767 buy 1.00 EURUSD at 1.16187 sl: 1.16244 tp: 0.00000 ok
2	21:26:04.945	MyEA EURUSD,M5: modify #76263767 buy 1.00 EURUSD at 1.16187 sl: 1.16245 tp: 0.00000 ok
2	21:26:05.454	MyEA EURUSD,M5: modify #76263767 buy 1.00 EURUSD at 1.16187 sl: 1.16247 tp: 0.00000 ok
2	21:26:05.778	MyEA EURUSD,M5: modify #76263767 buy 1.00 EURUSD at 1.16187 sl: 1.16250 tp: 0.00000 ok
2	21:26:06.169	MyEA EURUSD,M5: modify #76263767 buy 1.00 EURUSD at 1.16187 sl: 1.16255 tp: 0.00000 ok
2	21:26:07.124	MyEA EURUSD,M5: modify #76263767 buy 1.00 EURUSD at 1.16187 sl: 1.16256 tp: 0.00000 ok
2	21:26:07.545	MyEA EURUSD,M5: modify #76263767 buy 1.00 EURUSD at 1.16187 sl: 1.16257 tp: 0.00000 ok
2	21:26:48.894	MyEA EURUSD,M5: modify #76263767 buy 1.00 EURUSD at 1.16187 sl: 1.16258 tp: 0.00000 ok
2	21:26:49.223	MyEA EURUSD,M5: modify #76263767 buy 1.00 EURUSD at 1.16187 sl: 1.16262 tp: 0.00000 ok
2	21:31:07.366	MyEA EURUSD,M5: modify #76263767 buy 1.00 EURUSD at 1.16187 sl: 1.16263 tp: 0.00000 ok
2	21:31:09.219	MyEA EURUSD,M5: modify #76263767 buy 1.00 EURUSD at 1.16187 sl: 1.16265 tp: 0.00000 ok
2	21:31:09.692	MyEA EURUSD,M5: modify #76263767 buy 1.00 EURUSD at 1.16187 sl: 1.16268 tp: 0.00000 ok
2	21:31:10.205	MyEA EURUSD,M5: modify #76263767 buy 1.00 EURUSD at 1.16187 sl: 1.16271 tp: 0.00000 ok
2	21:31:10.599	MyEA EURUSD,M5: modify #76263767 buy 1.00 EURUSD at 1.16187 sl: 1.16272 tp: 0.00000 ok
2	21:31:11.057	MyEA EURUSD,M5: modify #76263767 buy 1.00 EURUSD at 1.16187 sl: 1.16273 tp: 0.00000 ok
2	21:31:11.404	MyEA EURUSD,M5: modify #76263767 buy 1.00 EURUSD at 1.16187 sl: 1.16274 tp: 0.00000 ok
2	21:31:12.485	MyEA EURUSD,M5: modify #76263767 buy 1.00 EURUSD at 1.16187 sl: 1.16276 tp: 0.00000 ok
2	21:31:12.833	MyEA EURUSD,M5: modify #76263767 buy 1.00 EURUSD at 1.16187 sl: 1.16278 tp: 0.00000 ok
2	21:31:13.202	MyEA EURUSD,M5: modify #76263767 buy 1.00 EURUSD at 1.16187 sl: 1.16283 tp: 0.00000 ok
2	21:31:14.138	MyEA EURUSD,M5: modify #76263767 buy 1.00 EURUSD at 1.16187 sl: 1.16289 tp: 0.00000 ok
2	21:31:15.423	MyEA EURUSD,M5: modify #76263767 buy 1.00 EURUSD at 1.16187 sl: 1.16290 tp: 0.00000 ok
2	21:31:51.418	MyEA EURUSD,M5: modify #76263767 buy 1.00 EURUSD at 1.16187 sl: 1.16291 tp: 0.00000 ok
2	21:31:52.280	MyEA EURUSD,M5: modify #76263767 buy 1.00 EURUSD at 1.16187 sl: 1.16293 tp: 0.00000 ok
2	21:31:52.799	MyEA EURUSD,M5: modify #76263767 buy 1.00 EURUSD at 1.16187 sl: 1.16294 tp: 0.00000 ok
2	21:31:53.338	MyEA EURUSD,M5: modify #76263767 buy 1.00 EURUSD at 1.16187 sl: 1.16295 tp: 0.00000 ok
2	21:32:18.449	MyEA EURUSD,M5: modify #76263767 buy 1.00 EURUSD at 1.16187 sl: 1.16298 tp: 0.00000 ok
2	21:32:18.834	MyEA EURUSD,M5: modify #76263767 buy 1.00 EURUSD at 1.16187 sl: 1.16300 tp: 0.00000 ok
2	21:32:20.800	MyEA EURUSD,M5: modify #76263767 buy 1.00 EURUSD at 1.16187 sl: 1.16301 tp: 0.00000 ok
2	21:32:21.192	MyEA EURUSD,M5: modify #76263767 buy 1.00 EURUSD at 1.16187 sl: 1.16307 tp: 0.00000 ok
2	21:32:21.621	MyEA EURUSD,M5: modify #76263767 buy 1.00 EURUSD at 1.16187 sl: 1.16322 tp: 0.00000 ok
2	21:32:21.995	MyEA EURUSD,M5: modify #76263767 buy 1.00 EURUSD at 1.16187 sl: 1.16329 tp: 0.00000 ok
2	21:32:33.465	MyEA EURUSD,M5: modify #76263767 buy 1.00 EURUSD at 1.16187 sl: 1.16330 tp: 0.00000 ok
2	21:32:35.669	MyEA EURUSD,M5: modify #76263767 buy 1.00 EURUSD at 1.16187 sl: 1.16331 tp: 0.00000 ok
2	21:32:36.381	MyEA EURUSD,M5: modify #76263767 buy 1.00 EURUSD at 1.16187 sl: 1.16332 tp: 0.00000 ok
2	21:32:36.835	MyEA EURUSD,M5: modify #76263767 buy 1.00 EURUSD at 1.16187 sl: 1.16335 tp: 0.00000 ok
2	21:32:37.215	MyEA EURUSD,M5: modify #76263767 buy 1.00 EURUSD at 1.16187 sl: 1.16338 tp: 0.00000 ok
2	21:32:37.668	MyEA EURUSD,M5: modify #76263767 buy 1.00 EURUSD at 1.16187 sl: 1.16339 tp: 0.00000 ok
2	21:48:12.970	MyEA EURUSD,M5: modify #76263767 buy 1.00 EURUSD at 1.16187 sl: 1.16342 tp: 0.00000 ok
2	21:48:13.843	MyEA EURUSD,M5: modify #76263767 buy 1.00 EURUSD at 1.16187 sl: 1.16343 tp: 0.00000 ok
2	21:48:14.266	MyEA EURUSD,M5: modify #76263767 buy 1.00 EURUSD at 1.16187 sl: 1.16350 tp: 0.00000 ok
2	21:48:15.009	MyEA EURUSD,M5: modify #76263767 buy 1.00 EURUSD at 1.16187 sl: 1.16353 tp: 0.00000 ok
2	21:48:15.496	MyEA EURUSD,M5: modify #76263767 buy 1.00 EURUSD at 1.16187 sl: 1.16358 tp: 0.00000 ok
2	21:48:15.914	MyEA EURUSD,M5: modify #76263767 buy 1.00 EURUSD at 1.16187 sl: 1.16360 tp: 0.00000 ok
2	21:48:16.270	MyEA EURUSD,M5: modify #76263767 buy 1.00 EURUSD at 1.16187 sl: 1.16370 tp: 0.00000 ok
2	21:48:16.637	MyEA EURUSD,M5: modify #76263767 buy 1.00 EURUSD at 1.16187 sl: 1.16371 tp: 0.00000 ok
2	22:15:01.062	MyEA EURUSD,M5: open #76294005 sell 1.00 EURUSD at 1.16535 sl: 1.16735 ok
2	22:23:38.582	MyEA EURUSD,M5: modify #76263767 buy 1.00 EURUSD at 1.16187 sl: 1.16372 tp: 0.00000 ok
2	22:23:41.104	MyEA EURUSD,M5: modify #76263767 buy 1.00 EURUSD at 1.16187 sl: 1.16374 tp: 0.00000 ok
2	22:23:44.464	MyEA EURUSD,M5: modify #76263767 buy 1.00 EURUSD at 1.16187 sl: 1.16375 tp: 0.00000 ok
2	22:23:47.798	MyEA EURUSD,M5: modify #76263767 buy 1.00 EURUSD at 1.16187 sl: 1.16376 tp: 0.00000 ok
2	22:23:48.179	MyEA EURUSD,M5: modify #76263767 buy 1.00 EURUSD at 1.16187 sl: 1.16388 tp: 0.00000 ok
2	22:23:48.636	MyEA EURUSD,M5: modify #76263767 buy 1.00 EURUSD at 1.16187 sl: 1.16392 tp: 0.00000 ok
2	22:23:49.006	MyEA EURUSD,M5: modify #76263767 buy 1.00 EURUSD at 1.16187 sl: 1.16398 tp: 0.00000 ok
2	22:23:49.380	MyEA EURUSD,M5: modify #76263767 buy 1.00 EURUSD at 1.16187 sl: 1.16403 tp: 0.00000 ok
2	22:23:49.757	MyEA EURUSD,M5: modify #76263767 buy 1.00 EURUSD at 1.16187 sl: 1.16414 tp: 0.00000 ok
2	22:23:52.865	MyEA EURUSD,M5: modify #76263767 buy 1.00 EURUSD at 1.16187 sl: 1.16415 tp: 0.00000 ok
2	22:23:57.360	MyEA EURUSD,M5: modify #76263767 buy 1.00 EURUSD at 1.16187 sl: 1.16416 tp: 0.00000 ok
2	22:24:01.701	MyEA EURUSD,M5: modify #76263767 buy 1.00 EURUSD at 1.16187 sl: 1.16417 tp: 0.00000 ok
2	22:24:08.849	MyEA EURUSD,M5: modify #76263767 buy 1.00 EURUSD at 1.16187 sl: 1.16418 tp: 0.00000 ok
2	22:24:09.256	MyEA EURUSD,M5: modify #76263767 buy 1.00 EURUSD at 1.16187 sl: 1.16423 tp: 0.00000 ok
2	22:24:13.418	MyEA EURUSD,M5: modify #76263767 buy 1.00 EURUSD at 1.16187 sl: 1.16424 tp: 0.00000 ok
2	22:24:15.465	MyEA EURUSD,M5: modify #76263767 buy 1.00 EURUSD at 1.16187 sl: 1.16425 tp: 0.00000 ok
2	22:24:18.459	MyEA EURUSD,M5: modify #76263767 buy 1.00 EURUSD at 1.16187 sl: 1.16426 tp: 0.00000 ok
2	22:24:18.850	MyEA EURUSD,M5: modify #76263767 buy 1.00 EURUSD at 1.16187 sl: 1.16428 tp: 0.00000 ok
2	22:24:21.125	MyEA EURUSD,M5: modify #76263767 buy 1.00 EURUSD at 1.16187 sl: 1.16429 tp: 0.00000 ok
2	22:24:21.746	MyEA EURUSD,M5: modify #76263767 buy 1.00 EURUSD at 1.16187 sl: 1.16430 tp: 0.00000 ok
2	22:24:22.113	MyEA EURUSD,M5: modify #76263767 buy 1.00 EURUSD at 1.16187 sl: 1.16433 tp: 0.00000 ok
2	22:24:23.348	MyEA EURUSD,M5: modify #76263767 buy 1.00 EURUSD at 1.16187 sl: 1.16434 tp: 0.00000 ok
2	22:24:23.705	MyEA EURUSD,M5: modify #76263767 buy 1.00 EURUSD at 1.16187 sl: 1.16436 tp: 0.00000 ok
2	22:24:24.370	MyEA EURUSD,M5: modify #76263767 buy 1.00 EURUSD at 1.16187 sl: 1.16437 tp: 0.00000 ok
2	22:24:25.096	MyEA EURUSD,M5: modify #76263767 buy 1.00 EURUSD at 1.16187 sl: 1.16438 tp: 0.00000 ok
2	22:24:26.548	MyEA EURUSD,M5: modify #76263767 buy 1.00 EURUSD at 1.16187 sl: 1.16439 tp: 0.00000 ok
2	22:24:37.084	MyEA EURUSD,M5: modify #76263767 buy 1.00 EURUSD at 1.16187 sl: 1.16440 tp: 0.00000 ok
2	22:24:37.497	MyEA EURUSD,M5: modify #76263767 buy 1.00 EURUSD at 1.16187 sl: 1.16442 tp: 0.00000 ok
2	22:50:33.978	MyEA EURUSD,M5: modify #76263767 buy 1.00 EURUSD at 1.16187 sl: 1.16443 tp: 0.00000 ok
2	22:50:59.062	MyEA EURUSD,M5: modify #76263767 buy 1.00 EURUSD at 1.16187 sl: 1.16444 tp: 0.00000 ok
2	22:52:00.181	MyEA EURUSD,M5: modify #76263767 buy 1.00 EURUSD at 1.16187 sl: 1.16445 tp: 0.00000 ok
2	22:52:19.548	MyEA EURUSD,M5: modify #76263767 buy 1.00 EURUSD at 1.16187 sl: 1.16446 tp: 0.00000 ok
2	22:52:21.030	MyEA EURUSD,M5: modify #76263767 buy 1.00 EURUSD at 1.16187 sl: 1.16447 tp: 0.00000 ok
2	22:52:22.755	MyEA EURUSD,M5: modify #76263767 buy 1.00 EURUSD at 1.16187 sl: 1.16448 tp: 0.00000 ok
2	22:52:23.091	MyEA EURUSD,M5: modify #76263767 buy 1.00 EURUSD at 1.16187 sl: 1.16451 tp: 0.00000 ok
2	22:52:23.528	MyEA EURUSD,M5: modify #76263767 buy 1.00 EURUSD at 1.16187 sl: 1.16452 tp: 0.00000 ok
2	22:55:54.567	MyEA EURUSD,M5: modify #76263767 buy 1.00 EURUSD at 1.16187 sl: 1.16453 tp: 0.00000 ok
2	22:55:55.320	MyEA EURUSD,M5: modify #76263767 buy 1.00 EURUSD at 1.16187 sl: 1.16457 tp: 0.00000 ok
2	22:55:57.924	MyEA EURUSD,M5: modify #76263767 buy 1.00 EURUSD at 1.16187 sl: 1.16458 tp: 0.00000 ok
2	22:55:58.479	MyEA EURUSD,M5: modify #76263767 buy 1.00 EURUSD at 1.16187 sl: 1.16460 tp: 0.00000 ok
2	22:55:59.393	MyEA EURUSD,M5: modify #76263767 buy 1.00 EURUSD at 1.16187 sl: 1.16461 tp: 0.00000 ok
2	22:55:59.789	MyEA EURUSD,M5: modify #76263767 buy 1.00 EURUSD at 1.16187 sl: 1.16463 tp: 0.00000 ok
2	22:56:06.550	MyEA EURUSD,M5: modify #76263767 buy 1.00 EURUSD at 1.16187 sl: 1.16464 tp: 0.00000 ok
2	22:56:06.979	MyEA EURUSD,M5: modify #76263767 buy 1.00 EURUSD at 1.16187 sl: 1.16467 tp: 0.00000 ok
2	22:56:07.420	MyEA EURUSD,M5: modify #76263767 buy 1.00 EURUSD at 1.16187 sl: 1.16470 tp: 0.00000 ok
2	22:56:15.567	MyEA EURUSD,M5: modify #76263767 buy 1.00 EURUSD at 1.16187 sl: 1.16471 tp: 0.00000 ok
2	22:56:18.045	MyEA EURUSD,M5: modify #76263767 buy 1.00 EURUSD at 1.16187 sl: 1.16472 tp: 0.00000 ok
2	22:56:19.316	MyEA EURUSD,M5: modify #76263767 buy 1.00 EURUSD at 1.16187 sl: 1.16473 tp: 0.00000 ok
2	22:56:19.710	MyEA EURUSD,M5: modify #76263767 buy 1.00 EURUSD at 1.16187 sl: 1.16480 tp: 0.00000 ok
2	22:56:20.419	MyEA EURUSD,M5: modify #76263767 buy 1.00 EURUSD at 1.16187 sl: 1.16481 tp: 0.00000 ok
2	22:56:21.642	MyEA EURUSD,M5: modify #76263767 buy 1.00 EURUSD at 1.16187 sl: 1.16482 tp: 0.00000 ok
2	22:56:22.779	MyEA EURUSD,M5: modify #76263767 buy 1.00 EURUSD at 1.16187 sl: 1.16483 tp: 0.00000 ok
2	22:56:28.647	MyEA EURUSD,M5: modify #76263767 buy 1.00 EURUSD at 1.16187 sl: 1.16485 tp: 0.00000 ok
2	22:56:44.742	MyEA EURUSD,M5: modify #76263767 buy 1.00 EURUSD at 1.16187 sl: 1.16486 tp: 0.00000 ok
2	22:56:45.289	MyEA EURUSD,M5: modify #76263767 buy 1.00 EURUSD at 1.16187 sl: 1.16488 tp: 0.00000 ok
2	22:56:45.679	MyEA EURUSD,M5: modify #76263767 buy 1.00 EURUSD at 1.16187 sl: 1.16496 tp: 0.00000 ok
2	22:56:46.098	MyEA EURUSD,M5: modify #76263767 buy 1.00 EURUSD at 1.16187 sl: 1.16510 tp: 0.00000 ok
2	22:56:46.415	MyEA EURUSD,M5: modify #76263767 buy 1.00 EURUSD at 1.16187 sl: 1.16518 tp: 0.00000 ok
2	22:56:47.525	MyEA EURUSD,M5: modify #76263767 buy 1.00 EURUSD at 1.16187 sl: 1.16526 tp: 0.00000 ok
2	22:56:47.936	MyEA EURUSD,M5: modify #76263767 buy 1.00 EURUSD at 1.16187 sl: 1.16533 tp: 0.00000 ok
2	23:01:17.299	MyEA EURUSD,M5: modify #76263767 buy 1.00 EURUSD at 1.16187 sl: 1.16535 tp: 0.00000 ok
2	23:01:30.674	MyEA EURUSD,M5: modify #76263767 buy 1.00 EURUSD at 1.16187 sl: 1.16538 tp: 0.00000 ok
2	23:01:31.899	MyEA EURUSD,M5: modify #76263767 buy 1.00 EURUSD at 1.16187 sl: 1.16542 tp: 0.00000 ok
2	23:01:32.282	MyEA EURUSD,M5: modify #76263767 buy 1.00 EURUSD at 1.16187 sl: 1.16543 tp: 0.00000 ok
2	23:01:32.658	MyEA EURUSD,M5: modify #76263767 buy 1.00 EURUSD at 1.16187 sl: 1.16547 tp: 0.00000 ok
2	23:01:33.642	MyEA EURUSD,M5: modify #76263767 buy 1.00 EURUSD at 1.16187 sl: 1.16548 tp: 0.00000 ok
2	23:01:35.487	MyEA EURUSD,M5: modify #76263767 buy 1.00 EURUSD at 1.16187 sl: 1.16549 tp: 0.00000 ok
2	23:03:16.125	MyEA EURUSD,M5: modify #76263767 buy 1.00 EURUSD at 1.16187 sl: 1.16555 tp: 0.00000 ok
2	23:15:57.072	MyEA EURUSD,M5: modify #76263767 buy 1.00 EURUSD at 1.16187 sl: 1.16556 tp: 0.00000 ok
2	23:15:57.607	MyEA EURUSD,M5: modify #76263767 buy 1.00 EURUSD at 1.16187 sl: 1.16557 tp: 0.00000 ok
2	23:15:58.023	MyEA EURUSD,M5: modify #76263767 buy 1.00 EURUSD at 1.16187 sl: 1.16562 tp: 0.00000 ok
2	23:15:58.424	MyEA EURUSD,M5: modify #76263767 buy 1.00 EURUSD at 1.16187 sl: 1.16563 tp: 0.00000 ok
2	23:16:01.297	MyEA EURUSD,M5: modify #76263767 buy 1.00 EURUSD at 1.16187 sl: 1.16565 tp: 0.00000 ok
2	23:16:08.898	MyEA EURUSD,M5: modify #76263767 buy 1.00 EURUSD at 1.16187 sl: 1.16566 tp: 0.00000 ok
2	23:16:09.288	MyEA EURUSD,M5: modify #76263767 buy 1.00 EURUSD at 1.16187 sl: 1.16567 tp: 0.00000 ok
2	23:17:06.341	MyEA EURUSD,M5: modify #76263767 buy 1.00 EURUSD at 1.16187 sl: 1.16569 tp: 0.00000 ok
2	23:17:14.529	MyEA EURUSD,M5: modify #76263767 buy 1.00 EURUSD at 1.16187 sl: 1.16571 tp: 0.00000 ok
2	23:17:15.084	MyEA EURUSD,M5: modify #76263767 buy 1.00 EURUSD at 1.16187 sl: 1.16572 tp: 0.00000 ok
2	23:17:47.097	MyEA EURUSD,M5: modify #76263767 buy 1.00 EURUSD at 1.16187 sl: 1.16573 tp: 0.00000 ok
2	23:21:08.319	MyEA EURUSD,M5: modify #76263767 buy 1.00 EURUSD at 1.16187 sl: 1.16574 tp: 0.00000 ok
2	23:21:18.979	MyEA EURUSD,M5: modify #76263767 buy 1.00 EURUSD at 1.16187 sl: 1.16575 tp: 0.00000 ok
2	23:21:32.517	MyEA EURUSD,M5: modify #76263767 buy 1.00 EURUSD at 1.16187 sl: 1.16576 tp: 0.00000 ok
2	23:22:51.261	MyEA EURUSD,M5: modify #76263767 buy 1.00 EURUSD at 1.16187 sl: 1.16586 tp: 0.00000 ok
2	23:22:51.652	MyEA EURUSD,M5: modify #76263767 buy 1.00 EURUSD at 1.16187 sl: 1.16587 tp: 0.00000 ok
2	23:22:52.064	MyEA EURUSD,M5: modify #76263767 buy 1.00 EURUSD at 1.16187 sl: 1.16588 tp: 0.00000 ok
2	23:23:02.439	MyEA EURUSD,M5: modify #76263767 buy 1.00 EURUSD at 1.16187 sl: 1.16591 tp: 0.00000 ok
2	23:23:03.510	MyEA EURUSD,M5: modify #76263767 buy 1.00 EURUSD at 1.16187 sl: 1.16593 tp: 0.00000 ok
2	23:23:04.241	MyEA EURUSD,M5: modify #76263767 buy 1.00 EURUSD at 1.16187 sl: 1.16594 tp: 0.00000 ok
2	23:23:04.602	MyEA EURUSD,M5: modify #76263767 buy 1.00 EURUSD at 1.16187 sl: 1.16595 tp: 0.00000 ok
2	23:30:01.278	MyEA EURUSD,M5: open #76315935 sell 1.00 EURUSD at 1.16709 sl: 1.16909 ok
