2	00:30:00.994	MyEA EURUSD,M15: open #85842172 sell 1.00 EURUSD at 1.13614 sl: 1.13814 tp: 1.13314 ok
2	01:02:42.192	MyEA EURUSD,M15: modify #85842172 sell 1.00 EURUSD at 1.13614 sl: 1.13604 tp: 1.13314 ok
2	04:00:00.997	MyEA EURUSD,M15: close #85842172 sell 1.00 EURUSD at 1.13614 sl: 1.13604 tp: 1.13314 at price 1.13464
2	18:15:01.470	MyEA EURUSD,M15: open #85854311 sell 1.00 EURUSD at 1.13347 sl: 1.13547 tp: 1.13047 ok
2	18:50:34.111	MyEA EURUSD,M15: close #85854311 sell 1.00 EURUSD at 1.13347 sl: 1.13547 tp: 1.13047 at price 1.13423
0	18:54:19.470	ZigZag EURUSD,M15: uninit reason 3
0	18:54:19.470	myMAColor EURUSD,M15: uninit reason 3
0	18:54:19.471	MaVariance EURUSD,M15: uninit reason 3
0	18:54:19.497	ZigZag EURUSD,M5: initialized
0	18:54:19.499	myMAColor EURUSD,M5: initialized
0	18:54:19.508	MaVariance EURUSD,M5: initialized
0	18:54:33.649	ZigZag EURUSD,M5: uninit reason 3
0	18:54:33.649	myMAColor EURUSD,M5: uninit reason 3
0	18:54:33.650	MaVariance EURUSD,M5: uninit reason 3
0	18:54:33.656	ZigZag EURUSD,M15: initialized
0	18:54:33.661	myMAColor EURUSD,M15: initialized
0	18:54:33.675	MaVariance EURUSD,M15: initialized
2	21:00:01.495	MyEA EURUSD,M15: open #85857848 sell 1.00 EURUSD at 1.13219 sl: 1.13419 tp: 1.12919 ok
2	21:40:01.532	MyEA EURUSD,M15: modify #85857848 sell 1.00 EURUSD at 1.13219 sl: 1.13209 tp: 1.12919 ok
2	21:54:17.498	MyEA EURUSD,M15: open #85859157 sell 1.00 EURUSD at 1.13195 sl: 1.13395 tp: 1.12895 ok
2	22:15:01.639	MyEA EURUSD,M15: close #85859157 sell 1.00 EURUSD at 1.13195 sl: 1.13395 tp: 1.12895 at price 1.13224
2	22:45:01.441	MyEA EURUSD,M15: open #85860494 sell 1.00 EURUSD at 1.13131 sl: 1.13331 tp: 1.12831 ok
2	23:00:01.449	MyEA EURUSD,M15: close #85860494 sell 1.00 EURUSD at 1.13131 sl: 1.13331 tp: 1.12831 at price 1.13216
