2	00:58:47.690	MyEA EURUSD,M5: modify #80169563 buy 1.00 EURUSD at 1.16319 sl: 1.16746 tp: 0.00000 ok
2	00:58:47.951	MyEA EURUSD,M5: modify #80169563 buy 1.00 EURUSD at 1.16319 sl: 1.16747 tp: 0.00000 ok
2	00:58:48.219	MyEA EURUSD,M5: modify #80169563 buy 1.00 EURUSD at 1.16319 sl: 1.16748 tp: 0.00000 ok
2	00:59:33.810	MyEA EURUSD,M5: modify #80169563 buy 1.00 EURUSD at 1.16319 sl: 1.16749 tp: 0.00000 ok
2	00:59:36.311	MyEA EURUSD,M5: modify #80169563 buy 1.00 EURUSD at 1.16319 sl: 1.16750 tp: 0.00000 ok
2	00:59:38.125	MyEA EURUSD,M5: modify #80169563 buy 1.00 EURUSD at 1.16319 sl: 1.16751 tp: 0.00000 ok
2	00:59:38.383	MyEA EURUSD,M5: modify #80169563 buy 1.00 EURUSD at 1.16319 sl: 1.16753 tp: 0.00000 ok
2	00:59:39.220	MyEA EURUSD,M5: modify #80169563 buy 1.00 EURUSD at 1.16319 sl: 1.16755 tp: 0.00000 ok
2	00:59:44.424	MyEA EURUSD,M5: modify #80169563 buy 1.00 EURUSD at 1.16319 sl: 1.16756 tp: 0.00000 ok
2	00:59:44.689	MyEA EURUSD,M5: modify #80169563 buy 1.00 EURUSD at 1.16319 sl: 1.16760 tp: 0.00000 ok
2	00:59:44.972	MyEA EURUSD,M5: modify #80169563 buy 1.00 EURUSD at 1.16319 sl: 1.16762 tp: 0.00000 ok
2	00:59:45.269	MyEA EURUSD,M5: modify #80169563 buy 1.00 EURUSD at 1.16319 sl: 1.16768 tp: 0.00000 ok
2	00:59:45.532	MyEA EURUSD,M5: modify #80169563 buy 1.00 EURUSD at 1.16319 sl: 1.16769 tp: 0.00000 ok
2	01:00:26.415	MyEA EURUSD,M5: modify #80169563 buy 1.00 EURUSD at 1.16319 sl: 1.16770 tp: 0.00000 ok
2	01:00:29.020	MyEA EURUSD,M5: modify #80169563 buy 1.00 EURUSD at 1.16319 sl: 1.16771 tp: 0.00000 ok
2	01:00:34.995	MyEA EURUSD,M5: modify #80169563 buy 1.00 EURUSD at 1.16319 sl: 1.16772 tp: 0.00000 ok
2	01:00:36.438	MyEA EURUSD,M5: modify #80169563 buy 1.00 EURUSD at 1.16319 sl: 1.16773 tp: 0.00000 ok
2	01:00:44.404	MyEA EURUSD,M5: modify #80169563 buy 1.00 EURUSD at 1.16319 sl: 1.16774 tp: 0.00000 ok
2	01:00:46.102	MyEA EURUSD,M5: modify #80169563 buy 1.00 EURUSD at 1.16319 sl: 1.16775 tp: 0.00000 ok
2	01:01:21.416	MyEA EURUSD,M5: modify #80169563 buy 1.00 EURUSD at 1.16319 sl: 1.16777 tp: 0.00000 ok
2	16:20:01.885	MyEA EURUSD,M5: open #80510407 buy 1.00 EURUSD at 1.16825 sl: 1.16625 ok
0	16:20:01.885	MyEA EURUSD,M5: Alert: 金叉
0	18:45:01.374	MyEA EURUSD,M5: Alert: 金叉
2	19:42:27.864	MyEA EURUSD,M5: modify #80510407 buy 1.00 EURUSD at 1.16825 sl: 1.16835 tp: 0.00000 ok
2	19:46:53.763	MyEA EURUSD,M5: modify #80510407 buy 1.00 EURUSD at 1.16825 sl: 1.16837 tp: 0.00000 ok
2	19:46:55.627	MyEA EURUSD,M5: modify #80510407 buy 1.00 EURUSD at 1.16825 sl: 1.16838 tp: 0.00000 ok
2	19:46:55.930	MyEA EURUSD,M5: modify #80510407 buy 1.00 EURUSD at 1.16825 sl: 1.16840 tp: 0.00000 ok
2	19:46:56.219	MyEA EURUSD,M5: modify #80510407 buy 1.00 EURUSD at 1.16825 sl: 1.16842 tp: 0.00000 ok
2	19:46:56.797	MyEA EURUSD,M5: modify #80510407 buy 1.00 EURUSD at 1.16825 sl: 1.16846 tp: 0.00000 ok
2	19:46:57.358	MyEA EURUSD,M5: modify #80510407 buy 1.00 EURUSD at 1.16825 sl: 1.16847 tp: 0.00000 ok
2	19:46:57.645	MyEA EURUSD,M5: modify #80510407 buy 1.00 EURUSD at 1.16825 sl: 1.16849 tp: 0.00000 ok
2	19:46:57.939	MyEA EURUSD,M5: modify #80510407 buy 1.00 EURUSD at 1.16825 sl: 1.16850 tp: 0.00000 ok
0	19:50:48.618	Script my\买一手 EURUSD,M5: loaded successfully
0	19:50:48.630	买一手 EURUSD,M5: initialized
2	19:50:48.930	买一手 EURUSD,M5: open #80537341 buy 1.00 EURUSD at 1.17048 sl: 1.16848 ok
0	19:50:48.930	买一手 EURUSD,M5: uninit reason 0
0	19:50:48.931	Script 买一手 EURUSD,M5: removed
0	19:50:56.718	MyEA EURUSD,M5: uninit reason 3
0	19:50:56.719	myMA EURUSD,M5: uninit reason 3
0	19:50:56.719	myMACD EURUSD,M5: uninit reason 3
0	19:50:56.719	myMA EURUSD,M15: initialized
0	19:50:56.719	myMACD EURUSD,M15: initialized
0	19:50:56.738	MyEA EURUSD,M15: initialized
0	19:51:03.561	MyEA EURUSD,M15: uninit reason 3
0	19:51:03.562	myMA EURUSD,M15: uninit reason 3
0	19:51:03.562	myMACD EURUSD,M15: uninit reason 3
0	19:51:03.629	myMA EURUSD,M30: initialized
0	19:51:03.629	myMACD EURUSD,M30: initialized
0	19:51:04.143	MyEA EURUSD,M30: initialized
0	19:51:09.221	MyEA EURUSD,M30: uninit reason 3
0	19:51:09.222	myMA EURUSD,M30: uninit reason 3
0	19:51:09.222	myMACD EURUSD,M30: uninit reason 3
0	19:51:09.225	myMA EURUSD,M15: initialized
0	19:51:09.230	myMACD EURUSD,M15: initialized
0	19:51:09.255	MyEA EURUSD,M15: initialized
0	19:51:12.807	MyEA EURUSD,M15: uninit reason 3
0	19:51:12.808	myMA EURUSD,M15: uninit reason 3
0	19:51:12.808	myMACD EURUSD,M15: uninit reason 3
0	19:51:12.810	myMA EURUSD,M5: initialized
0	19:51:12.814	myMACD EURUSD,M5: initialized
0	19:51:12.840	MyEA EURUSD,M5: initialized
2	19:52:22.379	MyEA EURUSD,M5: modify #80510407 buy 1.00 EURUSD at 1.16825 sl: 1.16851 tp: 0.00000 ok
2	19:52:31.015	MyEA EURUSD,M5: modify #80510407 buy 1.00 EURUSD at 1.16825 sl: 1.16852 tp: 0.00000 ok
2	19:52:32.081	MyEA EURUSD,M5: modify #80510407 buy 1.00 EURUSD at 1.16825 sl: 1.16855 tp: 0.00000 ok
2	19:52:34.704	MyEA EURUSD,M5: modify #80510407 buy 1.00 EURUSD at 1.16825 sl: 1.16856 tp: 0.00000 ok
2	19:52:35.126	MyEA EURUSD,M5: modify #80510407 buy 1.00 EURUSD at 1.16825 sl: 1.16857 tp: 0.00000 ok
2	19:52:35.435	MyEA EURUSD,M5: modify #80510407 buy 1.00 EURUSD at 1.16825 sl: 1.16858 tp: 0.00000 ok
2	19:52:35.764	MyEA EURUSD,M5: modify #80510407 buy 1.00 EURUSD at 1.16825 sl: 1.16859 tp: 0.00000 ok
2	19:52:36.224	MyEA EURUSD,M5: modify #80510407 buy 1.00 EURUSD at 1.16825 sl: 1.16861 tp: 0.00000 ok
2	19:52:38.566	MyEA EURUSD,M5: modify #80510407 buy 1.00 EURUSD at 1.16825 sl: 1.16862 tp: 0.00000 ok
2	19:52:44.741	MyEA EURUSD,M5: modify #80510407 buy 1.00 EURUSD at 1.16825 sl: 1.16863 tp: 0.00000 ok
2	19:52:45.046	MyEA EURUSD,M5: modify #80510407 buy 1.00 EURUSD at 1.16825 sl: 1.16865 tp: 0.00000 ok
2	19:52:45.378	MyEA EURUSD,M5: modify #80510407 buy 1.00 EURUSD at 1.16825 sl: 1.16867 tp: 0.00000 ok
2	19:53:03.849	MyEA EURUSD,M5: modify #80510407 buy 1.00 EURUSD at 1.16825 sl: 1.16868 tp: 0.00000 ok
2	19:53:14.839	MyEA EURUSD,M5: modify #80510407 buy 1.00 EURUSD at 1.16825 sl: 1.16869 tp: 0.00000 ok
2	19:53:15.198	MyEA EURUSD,M5: modify #80510407 buy 1.00 EURUSD at 1.16825 sl: 1.16871 tp: 0.00000 ok
2	19:53:45.662	MyEA EURUSD,M5: modify #80510407 buy 1.00 EURUSD at 1.16825 sl: 1.16872 tp: 0.00000 ok
0	19:55:08.143	MyEA EURUSD,M5: uninit reason 3
0	19:55:08.144	myMA EURUSD,M5: uninit reason 3
0	19:55:08.144	myMACD EURUSD,M5: uninit reason 3
0	19:55:08.146	myMA EURUSD,M15: initialized
0	19:55:08.150	myMACD EURUSD,M15: initialized
0	19:55:08.178	MyEA EURUSD,M15: initialized
0	19:55:10.131	MyEA EURUSD,M15: uninit reason 3
0	19:55:10.132	myMA EURUSD,M15: uninit reason 3
0	19:55:10.132	myMACD EURUSD,M15: uninit reason 3
0	19:55:10.134	myMA EURUSD,M5: initialized
0	19:55:10.138	myMACD EURUSD,M5: initialized
0	19:55:10.165	MyEA EURUSD,M5: initialized
0	20:02:21.657	MyEA EURUSD,M5: uninit reason 3
0	20:02:21.658	myMA EURUSD,M5: uninit reason 3
0	20:02:21.658	myMACD EURUSD,M5: uninit reason 3
0	20:02:21.660	myMA EURUSD,M15: initialized
0	20:02:21.665	myMACD EURUSD,M15: initialized
0	20:02:21.700	MyEA EURUSD,M15: initialized
0	20:02:30.994	MyEA EURUSD,M15: uninit reason 3
0	20:02:30.995	myMA EURUSD,M15: uninit reason 3
0	20:02:30.996	myMACD EURUSD,M15: uninit reason 3
0	20:02:30.997	myMA EURUSD,M5: initialized
0	20:02:31.002	myMACD EURUSD,M5: initialized
0	20:02:31.040	MyEA EURUSD,M5: initialized
2	20:25:01.835	MyEA EURUSD,M5: open #80544608 sell 1.00 EURUSD at 1.16913 sl: 1.17113 ok
0	20:25:01.835	MyEA EURUSD,M5: Alert: 死叉
2	21:40:01.959	MyEA EURUSD,M5: open #80566524 sell 1.00 EURUSD at 1.17112 sl: 1.17312 ok
0	21:40:01.959	MyEA EURUSD,M5: Alert: 死叉
2	22:01:26.259	MyEA EURUSD,M5: modify #80566524 sell 1.00 EURUSD at 1.17112 sl: 1.17102 tp: 0.00000 ok
2	22:08:15.932	MyEA EURUSD,M5: modify #80566524 sell 1.00 EURUSD at 1.17112 sl: 1.17101 tp: 0.00000 ok
2	22:08:16.335	MyEA EURUSD,M5: modify #80566524 sell 1.00 EURUSD at 1.17112 sl: 1.17100 tp: 0.00000 ok
2	22:08:16.758	MyEA EURUSD,M5: modify #80566524 sell 1.00 EURUSD at 1.17112 sl: 1.17093 tp: 0.00000 ok
2	22:08:19.597	MyEA EURUSD,M5: modify #80566524 sell 1.00 EURUSD at 1.17112 sl: 1.17092 tp: 0.00000 ok
2	22:08:27.744	MyEA EURUSD,M5: modify #80566524 sell 1.00 EURUSD at 1.17112 sl: 1.17088 tp: 0.00000 ok
2	22:08:28.138	MyEA EURUSD,M5: modify #80566524 sell 1.00 EURUSD at 1.17112 sl: 1.17087 tp: 0.00000 ok
2	23:05:50.673	MyEA EURUSD,M5: modify #80566524 sell 1.00 EURUSD at 1.17112 sl: 1.17081 tp: 0.00000 ok
2	23:05:51.310	MyEA EURUSD,M5: modify #80566524 sell 1.00 EURUSD at 1.17112 sl: 1.17079 tp: 0.00000 ok
2	23:05:51.782	MyEA EURUSD,M5: modify #80566524 sell 1.00 EURUSD at 1.17112 sl: 1.17072 tp: 0.00000 ok
2	23:05:52.815	MyEA EURUSD,M5: modify #80566524 sell 1.00 EURUSD at 1.17112 sl: 1.17066 tp: 0.00000 ok
2	23:05:53.730	MyEA EURUSD,M5: modify #80566524 sell 1.00 EURUSD at 1.17112 sl: 1.17063 tp: 0.00000 ok
2	23:23:02.640	MyEA EURUSD,M5: modify #80566524 sell 1.00 EURUSD at 1.17112 sl: 1.17061 tp: 0.00000 ok
2	23:23:06.409	MyEA EURUSD,M5: modify #80566524 sell 1.00 EURUSD at 1.17112 sl: 1.17060 tp: 0.00000 ok
2	23:23:06.896	MyEA EURUSD,M5: modify #80566524 sell 1.00 EURUSD at 1.17112 sl: 1.17055 tp: 0.00000 ok
2	23:23:07.871	MyEA EURUSD,M5: modify #80566524 sell 1.00 EURUSD at 1.17112 sl: 1.17053 tp: 0.00000 ok
2	23:23:08.366	MyEA EURUSD,M5: modify #80566524 sell 1.00 EURUSD at 1.17112 sl: 1.17051 tp: 0.00000 ok
2	23:23:54.543	MyEA EURUSD,M5: modify #80566524 sell 1.00 EURUSD at 1.17112 sl: 1.17041 tp: 0.00000 ok
2	23:23:55.029	MyEA EURUSD,M5: modify #80566524 sell 1.00 EURUSD at 1.17112 sl: 1.17032 tp: 0.00000 ok
2	23:23:56.726	MyEA EURUSD,M5: modify #80566524 sell 1.00 EURUSD at 1.17112 sl: 1.17031 tp: 0.00000 ok
