0	07:26:44.798	myMAColor EURUSD,M15: uninit reason 2
0	07:26:44.808	Custom indicator myMAColor EURUSD,M15: removed
0	07:26:44.847	Custom indicator my\myMAColor EURUSD,M15: loaded successfully
0	07:26:44.878	myMAColor EURUSD,M15: initialized
0	07:27:02.102	Custom indicator my\myMAColor EURUSD,M15: loaded successfully
0	07:27:03.782	myMAColor EURUSD,M15: initialized
0	07:27:19.795	myMAColor EURUSD,M15: uninit reason 1
0	07:27:19.801	Custom indicator myMAColor EURUSD,M15: removed
0	07:27:21.077	myMACD EURUSD,M15: uninit reason 1
0	07:27:21.084	Custom indicator myMACD EURUSD,M15: removed
0	07:28:12.925	myMAColor EURUSD,M15: uninit reason 2
0	07:28:12.931	Custom indicator myMAColor EURUSD,M15: removed
0	07:28:12.967	Custom indicator my\myMAColor EURUSD,M15: loaded successfully
0	07:28:12.997	myMAColor EURUSD,M15: initialized
0	07:28:21.072	myMAColor EURUSD,M15: uninit reason 2
0	07:28:21.078	Custom indicator myMAColor EURUSD,M15: removed
0	07:28:21.112	Custom indicator my\myMAColor EURUSD,M15: loaded successfully
0	07:28:21.140	myMAColor EURUSD,M15: initialized
0	14:42:15.107	myMAColor EURUSD,M15: uninit reason 2
0	14:42:15.112	Custom indicator myMAColor EURUSD,M15: removed
0	14:42:15.139	Custom indicator my\myMAColor EURUSD,M15: loaded successfully
0	14:42:15.160	myMAColor EURUSD,M15: initialized
0	14:46:14.590	myMAColor EURUSD,M15: uninit reason 2
0	14:46:14.595	Custom indicator myMAColor EURUSD,M15: removed
0	14:46:14.629	Custom indicator my\myMAColor EURUSD,M15: loaded successfully
0	14:46:14.659	myMAColor EURUSD,M15: initialized
0	14:46:18.833	myMAColor EURUSD,M15: uninit reason 2
0	14:46:18.837	Custom indicator myMAColor EURUSD,M15: removed
0	14:46:18.867	Custom indicator my\myMAColor EURUSD,M15: loaded successfully
0	14:46:18.892	myMAColor EURUSD,M15: initialized
0	14:46:43.753	myMAColor EURUSD,M15: uninit reason 2
0	14:46:43.759	Custom indicator myMAColor EURUSD,M15: removed
0	14:46:43.794	Custom indicator my\myMAColor EURUSD,M15: loaded successfully
0	14:46:43.826	myMAColor EURUSD,M15: initialized
0	14:46:51.230	myMAColor EURUSD,M15: uninit reason 2
0	14:46:51.235	Custom indicator myMAColor EURUSD,M15: removed
0	14:46:51.260	Custom indicator my\myMAColor EURUSD,M15: loaded successfully
0	14:46:51.281	myMAColor EURUSD,M15: initialized
0	14:51:13.820	myMAColor EURUSD,M15: uninit reason 2
0	14:51:13.826	Custom indicator myMAColor EURUSD,M15: removed
0	14:51:13.862	Custom indicator my\myMAColor EURUSD,M15: loaded successfully
0	14:51:13.895	myMAColor EURUSD,M15: initialized
0	15:02:18.236	myMAColor EURUSD,M15: uninit reason 2
0	15:02:18.239	Custom indicator myMAColor EURUSD,M15: removed
0	15:02:18.259	Custom indicator my\myMAColor EURUSD,M15: loaded successfully
0	15:02:18.279	myMAColor EURUSD,M15: initialized
0	15:04:14.020	myMAColor EURUSD,M15: uninit reason 2
0	15:04:14.024	Custom indicator myMAColor EURUSD,M15: removed
0	15:04:14.055	Custom indicator my\myMAColor EURUSD,M15: loaded successfully
0	15:04:14.082	myMAColor EURUSD,M15: initialized
0	15:04:41.299	myMAColor EURUSD,M15: uninit reason 2
0	15:04:41.303	Custom indicator myMAColor EURUSD,M15: removed
0	15:04:41.325	Custom indicator my\myMAColor EURUSD,M15: loaded successfully
0	15:04:41.343	myMAColor EURUSD,M15: initialized
0	15:05:20.429	myMAColor EURUSD,M15: uninit reason 2
0	15:05:20.431	Custom indicator myMAColor EURUSD,M15: removed
0	15:05:20.452	Custom indicator my\myMAColor EURUSD,M15: loaded successfully
0	15:05:20.470	myMAColor EURUSD,M15: initialized
0	15:07:45.282	myMAColor EURUSD,M15: uninit reason 2
0	15:07:45.287	Custom indicator myMAColor EURUSD,M15: removed
0	15:07:45.317	Custom indicator my\myMAColor EURUSD,M15: loaded successfully
0	15:07:45.340	myMAColor EURUSD,M15: initialized
0	15:08:22.859	myMAColor EURUSD,M15: uninit reason 2
0	15:08:22.862	Custom indicator myMAColor EURUSD,M15: removed
0	15:08:22.879	Custom indicator my\myMAColor EURUSD,M15: loaded successfully
0	15:08:22.891	myMAColor EURUSD,M15: initialized
0	15:08:54.068	myMAColor EURUSD,M15: uninit reason 2
0	15:08:54.072	Custom indicator myMAColor EURUSD,M15: removed
0	15:08:54.102	Custom indicator my\myMAColor EURUSD,M15: loaded successfully
0	15:08:54.123	myMAColor EURUSD,M15: initialized
0	15:09:08.397	myMAColor EURUSD,M15: uninit reason 2
0	15:09:08.401	Custom indicator myMAColor EURUSD,M15: removed
0	15:09:08.419	Custom indicator my\myMAColor EURUSD,M15: loaded successfully
0	15:09:08.439	myMAColor EURUSD,M15: initialized
0	15:09:27.594	myMAColor EURUSD,M15: uninit reason 2
0	15:09:27.597	Custom indicator myMAColor EURUSD,M15: removed
0	15:09:27.614	Custom indicator my\myMAColor EURUSD,M15: loaded successfully
0	15:09:27.630	myMAColor EURUSD,M15: initialized
0	15:09:42.741	myMAColor EURUSD,M15: uninit reason 2
0	15:09:42.746	Custom indicator myMAColor EURUSD,M15: removed
0	15:09:42.779	Custom indicator my\myMAColor EURUSD,M15: loaded successfully
0	15:09:42.805	myMAColor EURUSD,M15: initialized
0	15:11:59.368	myMAColor EURUSD,M15: uninit reason 1
0	15:11:59.370	Custom indicator myMAColor EURUSD,M15: removed
0	15:12:09.356	Custom indicator my\myMAColor EURUSD,M15: loaded successfully
0	15:12:12.426	myMAColor EURUSD,M15: initialized
0	15:12:56.810	myMAColor EURUSD,M15: uninit reason 2
0	15:12:56.816	Custom indicator myMAColor EURUSD,M15: removed
0	15:12:56.850	Custom indicator my\myMAColor EURUSD,M15: loaded successfully
0	15:12:56.877	myMAColor EURUSD,M15: initialized
0	15:13:06.037	myMAColor EURUSD,M15: uninit reason 2
0	15:13:06.042	Custom indicator myMAColor EURUSD,M15: removed
0	15:13:06.069	Custom indicator my\myMAColor EURUSD,M15: loaded successfully
0	15:13:06.090	myMAColor EURUSD,M15: initialized
0	15:13:13.965	myMAColor EURUSD,M15: uninit reason 2
0	15:13:13.967	Custom indicator myMAColor EURUSD,M15: removed
0	15:13:13.990	Custom indicator my\myMAColor EURUSD,M15: loaded successfully
0	15:13:14.006	myMAColor EURUSD,M15: initialized
0	15:13:29.316	myMAColor EURUSD,M15: uninit reason 2
0	15:13:29.318	Custom indicator myMAColor EURUSD,M15: removed
0	15:13:29.332	Custom indicator my\myMAColor EURUSD,M15: loaded successfully
0	15:13:29.348	myMAColor EURUSD,M15: initialized
0	15:17:05.988	myMAColor EURUSD,M15: uninit reason 2
0	15:17:05.994	Custom indicator myMAColor EURUSD,M15: removed
0	15:17:06.034	Custom indicator my\myMAColor EURUSD,M15: loaded successfully
0	15:17:06.066	myMAColor EURUSD,M15: initialized
0	15:17:13.067	myMAColor EURUSD,M15: uninit reason 2
0	15:17:13.071	Custom indicator myMAColor EURUSD,M15: removed
0	15:17:13.097	Custom indicator my\myMAColor EURUSD,M15: loaded successfully
0	15:17:13.116	myMAColor EURUSD,M15: initialized
0	15:18:11.375	myMAColor EURUSD,M15: uninit reason 2
0	15:18:11.380	Custom indicator myMAColor EURUSD,M15: removed
0	15:18:11.408	Custom indicator my\myMAColor EURUSD,M15: loaded successfully
0	15:18:11.433	myMAColor EURUSD,M15: initialized
0	15:18:16.196	myMAColor EURUSD,M15: uninit reason 2
0	15:18:16.199	Custom indicator myMAColor EURUSD,M15: removed
0	15:18:16.219	Custom indicator my\myMAColor EURUSD,M15: loaded successfully
0	15:18:16.238	myMAColor EURUSD,M15: initialized
0	15:18:32.647	myMAColor EURUSD,M15: uninit reason 2
0	15:18:32.649	Custom indicator myMAColor EURUSD,M15: removed
0	15:18:32.664	Custom indicator my\myMAColor EURUSD,M15: loaded successfully
0	15:18:32.680	myMAColor EURUSD,M15: initialized
0	15:18:38.493	myMAColor EURUSD,M15: uninit reason 2
0	15:18:38.495	Custom indicator myMAColor EURUSD,M15: removed
0	15:18:38.512	Custom indicator my\myMAColor EURUSD,M15: loaded successfully
0	15:18:38.524	myMAColor EURUSD,M15: initialized
0	15:18:54.371	myMAColor EURUSD,M15: uninit reason 2
0	15:18:54.374	Custom indicator myMAColor EURUSD,M15: removed
0	15:18:54.386	Custom indicator my\myMAColor EURUSD,M15: loaded successfully
0	15:18:54.395	myMAColor EURUSD,M15: initialized
0	15:19:16.605	myMAColor EURUSD,M15: uninit reason 2
0	15:19:16.608	Custom indicator myMAColor EURUSD,M15: removed
0	15:19:16.633	Custom indicator my\myMAColor EURUSD,M15: loaded successfully
0	15:19:16.654	myMAColor EURUSD,M15: initialized
0	15:22:32.878	myMAColor EURUSD,M15: uninit reason 2
0	15:22:32.880	Custom indicator myMAColor EURUSD,M15: removed
0	15:22:32.892	Custom indicator my\myMAColor EURUSD,M15: loaded successfully
0	15:22:32.907	myMAColor EURUSD,M15: initialized
0	15:22:43.699	myMAColor EURUSD,M15: uninit reason 2
0	15:22:43.703	Custom indicator myMAColor EURUSD,M15: removed
0	15:22:43.730	Custom indicator my\myMAColor EURUSD,M15: loaded successfully
0	15:22:43.752	myMAColor EURUSD,M15: initialized
0	15:36:06.139	myMAColor EURUSD,M15: uninit reason 2
0	15:36:06.142	Custom indicator myMAColor EURUSD,M15: removed
0	15:36:06.153	Custom indicator my\myMAColor EURUSD,M15: loaded successfully
0	15:36:06.162	myMAColor EURUSD,M15: initialized
0	15:36:17.449	myMAColor EURUSD,M15: uninit reason 2
0	15:36:17.451	Custom indicator myMAColor EURUSD,M15: removed
0	15:36:17.461	Custom indicator my\myMAColor EURUSD,M15: loaded successfully
0	15:36:17.470	myMAColor EURUSD,M15: initialized
0	15:36:24.392	myMAColor EURUSD,M15: uninit reason 2
0	15:36:24.394	Custom indicator myMAColor EURUSD,M15: removed
0	15:36:24.405	Custom indicator my\myMAColor EURUSD,M15: loaded successfully
0	15:36:24.414	myMAColor EURUSD,M15: initialized
0	15:36:34.779	myMAColor EURUSD,M15: uninit reason 2
0	15:36:34.781	Custom indicator myMAColor EURUSD,M15: removed
0	15:36:34.790	Custom indicator my\myMAColor EURUSD,M15: loaded successfully
0	15:36:34.800	myMAColor EURUSD,M15: initialized
0	15:36:39.965	myMAColor EURUSD,M15: uninit reason 2
0	15:36:39.968	Custom indicator myMAColor EURUSD,M15: removed
0	15:36:39.978	Custom indicator my\myMAColor EURUSD,M15: loaded successfully
0	15:36:39.987	myMAColor EURUSD,M15: initialized
0	15:37:08.419	myMAColor EURUSD,M15: uninit reason 2
0	15:37:08.420	Custom indicator myMAColor EURUSD,M15: removed
0	15:37:08.430	Custom indicator my\myMAColor EURUSD,M15: loaded successfully
0	15:37:08.444	myMAColor EURUSD,M15: initialized
0	15:37:15.191	myMAColor EURUSD,M15: uninit reason 2
0	15:37:15.193	Custom indicator myMAColor EURUSD,M15: removed
0	15:37:15.203	Custom indicator my\myMAColor EURUSD,M15: loaded successfully
0	15:37:15.212	myMAColor EURUSD,M15: initialized
0	15:39:25.580	myMAColor EURUSD,M15: uninit reason 2
0	15:39:25.582	Custom indicator myMAColor EURUSD,M15: removed
0	15:39:25.593	Custom indicator my\myMAColor EURUSD,M15: loaded successfully
0	15:39:25.602	myMAColor EURUSD,M15: initialized
0	15:40:26.378	myMAColor EURUSD,M15: uninit reason 2
0	15:40:26.380	Custom indicator myMAColor EURUSD,M15: removed
0	15:40:26.391	Custom indicator my\myMAColor EURUSD,M15: loaded successfully
0	15:40:26.399	myMAColor EURUSD,M15: initialized
0	15:40:30.746	myMAColor EURUSD,M15: uninit reason 2
0	15:40:30.748	Custom indicator myMAColor EURUSD,M15: removed
0	15:40:30.758	Custom indicator my\myMAColor EURUSD,M15: loaded successfully
0	15:40:30.766	myMAColor EURUSD,M15: initialized
0	15:40:51.480	myMAColor EURUSD,M15: uninit reason 2
0	15:40:51.482	Custom indicator myMAColor EURUSD,M15: removed
0	15:40:51.493	Custom indicator my\myMAColor EURUSD,M15: loaded successfully
0	15:40:51.501	myMAColor EURUSD,M15: initialized
0	15:52:56.688	Compiling 'my\myMAColor'
0	15:52:59.665	myMAColor EURUSD,M15: uninit reason 2
0	15:52:59.666	Custom indicator myMAColor EURUSD,M15: removed
0	15:52:59.677	Custom indicator my\myMAColor EURUSD,M15: loaded successfully
0	15:52:59.684	myMAColor EURUSD,M15: initialized
0	15:52:59.819	myMA EURUSD,M5: uninit reason 2
0	15:52:59.820	Custom indicator myMA EURUSD,M5: removed
0	15:52:59.831	Custom indicator my\myMA EURUSD,M5: loaded successfully
0	15:52:59.839	myMA EURUSD,M5: initialized
0	15:52:59.936	myMA EURUSD,M5: uninit reason 2
0	15:52:59.938	Custom indicator myMA EURUSD,M5: removed
0	15:52:59.949	Custom indicator my\myMA EURUSD,M5: loaded successfully
0	15:52:59.957	myMA EURUSD,M5: initialized
0	15:53:05.852	myMA EURUSD,M5: uninit reason 2
0	15:53:05.853	Custom indicator myMA EURUSD,M5: removed
0	15:53:05.864	Custom indicator my\myMA EURUSD,M5: loaded successfully
0	15:53:05.873	myMA EURUSD,M5: initialized
0	15:53:05.979	myMA EURUSD,M5: uninit reason 2
0	15:53:05.981	Custom indicator myMA EURUSD,M5: removed
0	15:53:05.991	Custom indicator my\myMA EURUSD,M5: loaded successfully
0	15:53:06.001	myMA EURUSD,M5: initialized
0	15:55:00.710	myMA EURUSD,M5: uninit reason 2
0	15:55:00.716	Custom indicator myMA EURUSD,M5: removed
0	15:55:00.752	Custom indicator my\myMA EURUSD,M5: loaded successfully
0	15:55:00.786	myMA EURUSD,M5: initialized
0	15:55:01.160	myMA EURUSD,M5: uninit reason 2
0	15:55:01.165	Custom indicator myMA EURUSD,M5: removed
0	15:55:01.200	Custom indicator my\myMA EURUSD,M5: loaded successfully
0	15:55:01.228	myMA EURUSD,M5: initialized
0	15:55:09.813	Custom indicator my\myMAColor EURUSD,M15: loaded successfully
0	15:55:11.190	myMAColor EURUSD,M15: initialized
0	15:55:15.188	myMAColor EURUSD,M15: uninit reason 1
0	15:55:15.189	Custom indicator myMAColor EURUSD,M15: removed
0	15:56:59.938	Compiling 'my\myMAColor'
0	15:57:02.483	myMAColor EURUSD,M15: uninit reason 2
0	15:57:02.485	Custom indicator myMAColor EURUSD,M15: removed
0	15:57:02.534	Custom indicator my\myMAColor EURUSD,M15: loaded successfully
0	15:57:02.544	myMAColor EURUSD,M15: initialized
0	15:57:02.672	myMA EURUSD,M5: uninit reason 2
0	15:57:02.674	Custom indicator myMA EURUSD,M5: removed
0	15:57:02.685	Custom indicator my\myMA EURUSD,M5: loaded successfully
0	15:57:02.693	myMA EURUSD,M5: initialized
0	15:57:02.794	myMA EURUSD,M5: uninit reason 2
0	15:57:02.796	Custom indicator myMA EURUSD,M5: removed
0	15:57:02.807	Custom indicator my\myMA EURUSD,M5: loaded successfully
0	15:57:02.815	myMA EURUSD,M5: initialized
0	15:57:14.760	myMAColor EURUSD,M15: uninit reason 2
0	15:57:14.763	Custom indicator myMAColor EURUSD,M15: removed
0	15:57:14.774	Custom indicator my\myMAColor EURUSD,M15: loaded successfully
0	15:57:14.784	myMAColor EURUSD,M15: initialized
0	15:57:46.645	myMAColor EURUSD,M15: uninit reason 2
0	15:57:46.647	Custom indicator myMAColor EURUSD,M15: removed
0	15:57:46.656	Custom indicator my\myMAColor EURUSD,M15: loaded successfully
0	15:57:46.666	myMAColor EURUSD,M15: initialized
0	15:58:41.992	myMAColor EURUSD,M15: uninit reason 2
0	15:58:41.995	Custom indicator myMAColor EURUSD,M15: removed
0	15:58:42.006	Custom indicator my\myMAColor EURUSD,M15: loaded successfully
0	15:58:42.016	myMAColor EURUSD,M15: initialized
0	15:59:18.382	myMAColor EURUSD,M15: uninit reason 2
0	15:59:18.384	Custom indicator myMAColor EURUSD,M15: removed
0	15:59:18.396	Custom indicator my\myMAColor EURUSD,M15: loaded successfully
0	15:59:18.405	myMAColor EURUSD,M15: initialized
0	19:57:57.891	myMAColor EURUSD,M15: uninit reason 3
0	19:57:57.891	myMAColor EURUSD,Daily: initialized
0	19:58:23.965	myMAColor EURUSD,Daily: uninit reason 3
0	19:58:23.966	myMAColor EURUSD,H4: initialized
0	19:58:49.576	myMAColor EURUSD,H4: uninit reason 2
0	19:58:49.578	Custom indicator myMAColor EURUSD,H4: removed
0	19:58:49.589	Custom indicator my\myMAColor EURUSD,H4: loaded successfully
0	19:58:49.597	myMAColor EURUSD,H4: initialized
0	20:05:02.723	Compiling 'my\myMAColor'
0	20:05:06.510	Script my\utils EURUSD,H1: loaded successfully
0	20:05:06.510	utils EURUSD,H1 inputs: orderMagic=123456; moveStopLost=100; startMoveStopLost=0; startSaveProfit=100; 
0	20:05:06.538	utils EURUSD,H1: initialized
0	20:05:06.642	utils EURUSD,H1: Alert: false
0	20:05:06.642	utils EURUSD,H1: uninit reason 0
0	20:05:06.659	Script utils EURUSD,H1: removed
0	20:06:28.733	Script my\utils EURUSD,H1: loaded successfully
0	20:06:28.733	utils EURUSD,H1 inputs: orderMagic=123456; moveStopLost=100; startMoveStopLost=0; startSaveProfit=100; 
0	20:06:28.754	utils EURUSD,H1: initialized
0	20:06:28.754	utils EURUSD,H1: 60
0	20:06:28.754	utils EURUSD,H1: uninit reason 0
0	20:06:28.878	Script utils EURUSD,H1: removed
0	20:06:56.464	Script my\utils EURUSD,H1: loaded successfully
0	20:06:56.464	utils EURUSD,H1 inputs: orderMagic=123456; moveStopLost=100; startMoveStopLost=0; startSaveProfit=100; 
0	20:06:56.481	utils EURUSD,H1: initialized
0	20:06:56.481	utils EURUSD,H1: 60
0	20:06:56.481	utils EURUSD,H1: uninit reason 0
0	20:06:56.522	Script utils EURUSD,H1: removed
0	20:07:25.259	Script my\utils EURUSD,H1: loaded successfully
0	20:07:25.259	utils EURUSD,H1 inputs: orderMagic=123456; moveStopLost=100; startMoveStopLost=0; startSaveProfit=100; 
0	20:07:25.282	utils EURUSD,H1: initialized
0	20:07:25.282	utils EURUSD,H1: ---60
0	20:07:25.282	utils EURUSD,H1: uninit reason 0
0	20:07:25.400	Script utils EURUSD,H1: removed
0	20:07:39.132	Script my\utils EURUSD,H1: loaded successfully
0	20:07:39.132	utils EURUSD,H1 inputs: orderMagic=123456; moveStopLost=100; startMoveStopLost=0; startSaveProfit=100; 
0	20:07:39.153	utils EURUSD,H1: initialized
0	20:07:39.153	utils EURUSD,H1: ---60
0	20:07:39.153	utils EURUSD,H1: uninit reason 0
0	20:07:39.199	Script utils EURUSD,H1: removed
0	20:08:00.974	Script utils EURUSD,H4: loaded successfully
0	20:08:00.988	utils EURUSD,H4: initialized
0	20:08:00.988	utils EURUSD,H4: uninit reason 0
0	20:08:00.989	Script utils EURUSD,H4: removed
0	20:08:22.466	Script utils EURUSD,M5: loaded successfully
0	20:08:22.486	utils EURUSD,M5: initialized
0	20:08:22.486	utils EURUSD,M5: uninit reason 0
0	20:08:22.488	Script utils EURUSD,M5: removed
0	20:08:28.949	Script utils EURUSD,M5: loaded successfully
0	20:08:28.963	utils EURUSD,M5: initialized
0	20:08:28.963	utils EURUSD,M5: uninit reason 0
0	20:08:28.965	Script utils EURUSD,M5: removed
0	20:08:38.307	Script my\utils EURUSD,M5: loaded successfully
0	20:08:38.307	utils EURUSD,M5 inputs: orderMagic=123456; moveStopLost=100; startMoveStopLost=0; startSaveProfit=100; 
0	20:08:38.341	utils EURUSD,M5: initialized
0	20:08:38.341	utils EURUSD,M5: ---5
0	20:08:38.341	utils EURUSD,M5: uninit reason 0
0	20:08:38.343	Script utils EURUSD,M5: removed
0	20:08:46.054	MyEA EURUSD,M5: uninit reason 3
0	20:08:46.055	myMA EURUSD,M5: uninit reason 3
0	20:08:46.055	ZigZag EURUSD,M5: uninit reason 3
0	20:08:46.055	myMACD EURUSD,M5: uninit reason 3
0	20:08:46.069	myMA EURUSD,M15: initialized
0	20:08:46.072	ZigZag EURUSD,M15: initialized
0	20:08:46.074	myMACD EURUSD,M15: initialized
0	20:08:46.550	MyEA EURUSD,M15: initialized
0	20:08:47.747	Script my\utils EURUSD,M15: loaded successfully
0	20:08:47.747	utils EURUSD,M15 inputs: orderMagic=123456; moveStopLost=100; startMoveStopLost=0; startSaveProfit=100; 
0	20:08:47.768	utils EURUSD,M15: initialized
0	20:08:47.768	utils EURUSD,M15: ---15
0	20:08:47.768	utils EURUSD,M15: uninit reason 0
0	20:08:47.776	Script utils EURUSD,M15: removed
0	20:09:42.202	myMAColor EURUSD,H4: uninit reason 2
0	20:09:42.204	Custom indicator myMAColor EURUSD,H4: removed
0	20:09:42.216	Custom indicator my\myMAColor EURUSD,H4: loaded successfully
0	20:09:42.224	myMAColor EURUSD,H4: initialized
0	20:09:54.939	myMAColor EURUSD,H4: uninit reason 2
0	20:09:54.941	Custom indicator myMAColor EURUSD,H4: removed
0	20:09:54.952	Custom indicator my\myMAColor EURUSD,H4: loaded successfully
0	20:09:54.961	myMAColor EURUSD,H4: initialized
0	20:11:11.591	myMAColor EURUSD,H4: uninit reason 7
0	20:11:11.593	Custom indicator myMAColor EURUSD,H4: removed
0	20:11:11.647	Custom indicator my\myMA EURUSD,H4: loaded successfully
0	20:11:11.660	Custom indicator myMACD EURUSD,H4: loaded successfully
0	20:11:11.673	Expert MyEA EURUSD,H4: loaded successfully
0	20:11:11.673	MyEA EURUSD,H4 inputs: FastEMA=12; SlowEMA=26; SignalSMA=9; orderMagic=123456; moveStopLost=200; startMoveStopLost=100; orderStopLost=200; orderTakeProfit=0; startSaveProfit=100; MA1=7; MA2=17; MA3=34; 
0	20:11:11.682	myMA EURUSD,H4: initialized
0	20:11:11.692	myMACD EURUSD,H4: initialized
0	20:11:11.803	MyEA EURUSD,H4: initialized
0	20:11:24.942	myMA EURUSD,H4: uninit reason 1
0	20:11:24.944	Custom indicator myMA EURUSD,H4: removed
0	20:11:34.183	Custom indicator my\myMAColor EURUSD,H4: loaded successfully
0	20:11:35.430	myMAColor EURUSD,H4: initialized
0	20:14:20.211	Custom indicator ATR EURUSD,H4: loaded successfully
0	20:14:23.864	ATR EURUSD,H4: initialized
0	20:14:31.765	MyEA EURUSD,H4: uninit reason 3
0	20:14:31.766	myMAColor EURUSD,H4: uninit reason 3
0	20:14:31.766	myMACD EURUSD,H4: uninit reason 3
0	20:14:31.767	ATR EURUSD,H4: uninit reason 3
0	20:14:31.770	myMAColor EURUSD,M15: initialized
0	20:14:31.773	myMACD EURUSD,M15: initialized
0	20:14:31.776	ATR EURUSD,M15: initialized
0	20:14:32.031	MyEA EURUSD,M15: initialized
0	20:16:37.216	MyEA EURUSD,M15: uninit reason 3
0	20:16:37.217	myMAColor EURUSD,M15: uninit reason 3
0	20:16:37.217	myMACD EURUSD,M15: uninit reason 3
0	20:16:37.218	ATR EURUSD,M15: uninit reason 3
0	20:16:37.224	myMAColor EURUSD,M5: initialized
0	20:16:37.228	myMACD EURUSD,M5: initialized
0	20:16:37.231	ATR EURUSD,M5: initialized
0	20:16:37.498	MyEA EURUSD,M5: initialized
0	20:17:40.007	MyEA EURUSD,M5: uninit reason 3
0	20:17:40.008	myMAColor EURUSD,M5: uninit reason 3
0	20:17:40.008	myMACD EURUSD,M5: uninit reason 3
0	20:17:40.008	ATR EURUSD,M5: uninit reason 3
0	20:17:40.012	myMAColor EURUSD,M15: initialized
0	20:17:40.016	myMACD EURUSD,M15: initialized
0	20:17:40.019	ATR EURUSD,M15: initialized
0	20:17:40.260	MyEA EURUSD,M15: initialized
0	21:06:12.687	MyEA EURUSD,M15: uninit reason 1
0	21:06:12.690	Expert MyEA EURUSD,M15: removed
0	21:06:24.164	ATR EURUSD,M15: uninit reason 1
0	21:06:24.165	Custom indicator ATR EURUSD,M15: removed
0	21:24:59.582	myMAColor EURUSD,M15: uninit reason 2
0	21:24:59.584	Custom indicator myMAColor EURUSD,M15: removed
0	21:24:59.594	Custom indicator my\myMAColor EURUSD,M15: loaded successfully
0	21:24:59.605	myMAColor EURUSD,M15: initialized
0	21:25:40.003	myMAColor EURUSD,M15: uninit reason 3
0	21:25:40.005	myMACD EURUSD,M15: uninit reason 3
0	21:25:40.012	myMAColor EURUSD,M5: initialized
0	21:25:40.024	myMACD EURUSD,M5: initialized
0	21:25:57.870	myMAColor EURUSD,M5: uninit reason 3
0	21:25:57.871	myMACD EURUSD,M5: uninit reason 3
0	21:25:57.878	myMAColor EURUSD,M15: initialized
0	21:25:57.895	myMACD EURUSD,M15: initialized
0	21:59:02.285	MyEA EURUSD,M15: uninit reason 2
0	21:59:02.288	Expert MyEA EURUSD,M15: removed
0	21:59:02.302	Expert MyEA EURUSD,M15: loaded successfully
0	21:59:02.324	MyEA EURUSD,M15: initialized
0	21:59:30.675	MyEA EURUSD,M15: uninit reason 2
0	21:59:30.680	Expert MyEA EURUSD,M15: removed
0	21:59:30.695	Expert MyEA EURUSD,M15: loaded successfully
0	21:59:30.715	MyEA EURUSD,M15: initialized
0	22:04:54.964	myMACD EURUSD,M15: uninit reason 1
0	22:04:54.966	Custom indicator myMACD EURUSD,M15: removed
0	22:10:04.211	MyEA EURUSD,M15: uninit reason 2
0	22:10:04.214	Expert MyEA EURUSD,M15: removed
0	22:10:04.229	Expert MyEA EURUSD,M15: loaded successfully
0	22:10:04.256	MyEA EURUSD,M15: initialized
