0	05:50:31.204	MaDiff EURUSD,M15: uninit reason 3
0	05:50:31.323	MaDiff EURUSD,M5: initialized
0	05:50:45.041	MaDiff EURUSD,M5: uninit reason 7
0	05:50:45.047	Custom indicator MaDiff EURUSD,M5: removed
0	05:50:45.139	Custom indicator ZigZag EURUSD,M5: loaded successfully
0	05:50:45.175	Custom indicator my\myMAColor EURUSD,M5: loaded successfully
0	05:50:45.213	Custom indicator myMACD EURUSD,M5: loaded successfully
0	05:50:45.249	Expert MyEA EURUSD,M5: loaded successfully
0	05:50:45.249	MyEA EURUSD,M5 inputs: FastEMA=12; SlowEMA=26; SignalSMA=9; orderMagic=123456; moveStopLost=200; startMoveStopLost=100; orderStopLost=200; orderTakeProfit=0; startSaveProfit=100; MA1=7; MA2=17; MA3=34; 
0	05:50:45.286	ZigZag EURUSD,M5: initialized
0	05:50:45.315	myMAColor EURUSD,M5: initialized
0	05:50:45.342	myMACD EURUSD,M5: initialized
0	05:50:46.755	MyEA EURUSD,M5: initialized
0	05:51:24.318	MyEA EURUSD,M5: uninit reason 1
0	05:51:24.323	Expert MyEA EURUSD,M5: removed
0	05:52:42.792	Custom indicator my\MaDiff EURUSD,M5: loaded successfully
0	05:52:44.234	MaDiff EURUSD,M5: initialized
0	05:52:58.685	MaDiff EURUSD,M5: uninit reason 1
0	05:52:58.686	Custom indicator MaDiff EURUSD,M5: removed
0	05:53:03.380	Custom indicator my\MaDiff EURUSD,M5: loaded successfully
0	05:53:04.958	MaDiff EURUSD,M5: initialized
0	05:54:07.198	ZigZag EURUSD,M5: uninit reason 3
0	05:54:07.198	myMAColor EURUSD,M5: uninit reason 3
0	05:54:07.199	myMACD EURUSD,M5: uninit reason 3
0	05:54:07.200	MaDiff EURUSD,M5: uninit reason 3
0	05:54:07.202	ZigZag EURUSD,M15: initialized
0	05:54:07.204	myMAColor EURUSD,M15: initialized
0	05:54:07.208	myMACD EURUSD,M15: initialized
0	05:54:07.212	MaDiff EURUSD,M15: initialized
0	06:34:15.693	Compiling 'my\MaVariance'
0	06:34:50.840	Script my\utils EURUSD,M15: loaded successfully
0	06:34:50.840	utils EURUSD,M15 inputs: orderMagic=123456; moveStopLost=100; startMoveStopLost=0; startSaveProfit=100; 
0	06:34:50.866	utils EURUSD,M15: initialized
0	06:34:50.870	utils EURUSD,M15: 113716.71,113717.14,113731.57,113747.57,113766.43,113785.29,113809.29,113833.86,113856,113866.57,
0	06:34:50.870	utils EURUSD,M15: =======计算方差=====53.39
0	06:34:50.870	utils EURUSD,M15: uninit reason 0
0	06:34:50.873	Script utils EURUSD,M15: removed
3	06:39:03.984	cannot open file 'C:\Program Files (x86)\IronFX MetaTrader 4\MQL4\indicators\my\MaVariance.ex4' [2]
3	06:39:07.843	cannot open file 'C:\Program Files (x86)\IronFX MetaTrader 4\MQL4\indicators\my\MaVariance.ex4' [2]
0	06:39:13.657	Compiling 'my\MaVariance'
0	06:39:17.617	Compiling 'my\utils'
0	06:39:25.843	Custom indicator my\MaVariance EURUSD,M15: loaded successfully
0	06:39:30.006	MaVariance EURUSD,M15: initialized
0	06:40:26.244	myMACD EURUSD,M15: uninit reason 1
0	06:40:26.250	Custom indicator myMACD EURUSD,M15: removed
0	09:13:45.342	MaDiff EURUSD,M15: uninit reason 1
0	09:13:45.349	Custom indicator MaDiff EURUSD,M15: removed
0	09:19:48.763	MaVariance EURUSD,M15: uninit reason 2
0	09:19:48.769	Custom indicator MaVariance EURUSD,M15: removed
0	09:19:48.801	Custom indicator my\MaVariance EURUSD,M15: loaded successfully
0	09:19:48.838	MaVariance EURUSD,M15: initialized
0	09:20:19.117	MaVariance EURUSD,M15: uninit reason 2
0	09:20:19.119	Custom indicator MaVariance EURUSD,M15: removed
0	09:20:19.132	Custom indicator my\MaVariance EURUSD,M15: loaded successfully
0	09:20:19.144	MaVariance EURUSD,M15: initialized
0	09:21:43.509	MaVariance EURUSD,M15: uninit reason 2
0	09:21:43.514	Custom indicator MaVariance EURUSD,M15: removed
0	09:21:43.550	Custom indicator my\MaVariance EURUSD,M15: loaded successfully
0	09:21:43.576	MaVariance EURUSD,M15: initialized
0	09:23:45.061	Script my\utils EURUSD,M15: loaded successfully
0	09:23:45.061	utils EURUSD,M15 inputs: orderMagic=123456; moveStopLost=100; startMoveStopLost=0; startSaveProfit=100; 
0	09:23:45.127	utils EURUSD,M15: initialized
0	09:23:45.133	utils EURUSD,M15: =======计算方差=====15.45
0	09:23:45.133	utils EURUSD,M15: =======计算方差=====15.81
0	09:23:45.133	utils EURUSD,M15: =======计算方差=====14.56
0	09:23:45.133	utils EURUSD,M15: =======计算方差=====13.12
0	09:23:45.133	utils EURUSD,M15: =======计算方差=====10.15
0	09:23:45.133	utils EURUSD,M15: =======计算方差=====9.98
0	09:23:45.133	utils EURUSD,M15: =======计算方差=====14.9
0	09:23:45.133	utils EURUSD,M15: =======计算方差=====22.16
0	09:23:45.133	utils EURUSD,M15: =======计算方差=====31.02
0	09:23:45.133	utils EURUSD,M15: =======计算方差=====40.19
0	09:23:45.133	utils EURUSD,M15: =======计算方差=====48.56
0	09:23:45.133	utils EURUSD,M15: =======计算方差=====53.37
0	09:23:45.133	utils EURUSD,M15: =======计算方差=====55.12
0	09:23:45.133	utils EURUSD,M15: =======计算方差=====53.59
0	09:23:45.133	utils EURUSD,M15: =======计算方差=====50.38
0	09:23:45.133	utils EURUSD,M15: =======计算方差=====44.78
0	09:23:45.133	utils EURUSD,M15: =======计算方差=====37.24
0	09:23:45.133	utils EURUSD,M15: =======计算方差=====27.88
0	09:23:45.133	utils EURUSD,M15: =======计算方差=====19.7
0	09:23:45.133	utils EURUSD,M15: =======计算方差=====17.81
0	09:23:45.133	utils EURUSD,M15: uninit reason 0
0	09:23:45.147	Script utils EURUSD,M15: removed
0	09:24:10.832	Script my\utils EURUSD,M15: loaded successfully
0	09:24:10.832	utils EURUSD,M15 inputs: orderMagic=123456; moveStopLost=100; startMoveStopLost=0; startSaveProfit=100; 
0	09:24:10.912	utils EURUSD,M15: initialized
0	09:24:10.919	utils EURUSD,M15: =======计算方差=====15.49
0	09:24:10.919	utils EURUSD,M15: =======计算方差=====15.81
0	09:24:10.919	utils EURUSD,M15: =======计算方差=====14.56
0	09:24:10.919	utils EURUSD,M15: =======计算方差=====13.12
0	09:24:10.919	utils EURUSD,M15: =======计算方差=====10.15
0	09:24:10.919	utils EURUSD,M15: =======计算方差=====9.98
0	09:24:10.919	utils EURUSD,M15: =======计算方差=====14.9
0	09:24:10.919	utils EURUSD,M15: =======计算方差=====22.16
0	09:24:10.919	utils EURUSD,M15: =======计算方差=====31.02
0	09:24:10.919	utils EURUSD,M15: =======计算方差=====40.19
0	09:24:10.919	utils EURUSD,M15: =======计算方差=====48.56
0	09:24:10.919	utils EURUSD,M15: =======计算方差=====53.37
0	09:24:10.919	utils EURUSD,M15: =======计算方差=====55.12
0	09:24:10.919	utils EURUSD,M15: =======计算方差=====53.59
0	09:24:10.919	utils EURUSD,M15: =======计算方差=====50.38
0	09:24:10.919	utils EURUSD,M15: =======计算方差=====44.78
0	09:24:10.919	utils EURUSD,M15: =======计算方差=====37.24
0	09:24:10.919	utils EURUSD,M15: =======计算方差=====27.88
0	09:24:10.919	utils EURUSD,M15: =======计算方差=====19.7
0	09:24:10.919	utils EURUSD,M15: =======计算方差=====17.81
0	09:24:10.919	utils EURUSD,M15: uninit reason 0
0	09:24:10.933	Script utils EURUSD,M15: removed
0	09:26:59.801	Script my\utils EURUSD,M15: loaded successfully
0	09:26:59.801	utils EURUSD,M15 inputs: orderMagic=123456; moveStopLost=100; startMoveStopLost=0; startSaveProfit=100; 
0	09:26:59.850	utils EURUSD,M15: initialized
0	09:26:59.854	utils EURUSD,M15: =======计算方差=====15.66
0	09:26:59.854	utils EURUSD,M15: =======计算方差=====15.81
0	09:26:59.854	utils EURUSD,M15: =======计算方差=====14.56
0	09:26:59.854	utils EURUSD,M15: =======计算方差=====13.12
0	09:26:59.854	utils EURUSD,M15: =======计算方差=====10.15
0	09:26:59.854	utils EURUSD,M15: =======计算方差=====9.98
0	09:26:59.854	utils EURUSD,M15: =======计算方差=====14.9
0	09:26:59.854	utils EURUSD,M15: =======计算方差=====22.16
0	09:26:59.854	utils EURUSD,M15: =======计算方差=====31.02
0	09:26:59.854	utils EURUSD,M15: =======计算方差=====40.19
0	09:26:59.854	utils EURUSD,M15: =======计算方差=====48.56
0	09:26:59.854	utils EURUSD,M15: =======计算方差=====53.37
0	09:26:59.854	utils EURUSD,M15: =======计算方差=====55.12
0	09:26:59.854	utils EURUSD,M15: =======计算方差=====53.59
0	09:26:59.854	utils EURUSD,M15: =======计算方差=====50.38
0	09:26:59.854	utils EURUSD,M15: =======计算方差=====44.78
0	09:26:59.854	utils EURUSD,M15: =======计算方差=====37.24
0	09:26:59.854	utils EURUSD,M15: =======计算方差=====27.88
0	09:26:59.854	utils EURUSD,M15: =======计算方差=====19.7
0	09:26:59.854	utils EURUSD,M15: =======计算方差=====17.81
0	09:26:59.854	utils EURUSD,M15: uninit reason 0
0	09:26:59.864	Script utils EURUSD,M15: removed
0	09:27:05.304	Script my\utils EURUSD,M15: loaded successfully
0	09:27:05.305	utils EURUSD,M15 inputs: orderMagic=123456; moveStopLost=100; startMoveStopLost=0; startSaveProfit=100; 
0	09:27:05.340	utils EURUSD,M15: initialized
0	09:27:05.344	utils EURUSD,M15: =======计算方差=====15.72
0	09:27:05.344	utils EURUSD,M15: =======计算方差=====15.81
0	09:27:05.344	utils EURUSD,M15: =======计算方差=====14.56
0	09:27:05.344	utils EURUSD,M15: =======计算方差=====13.12
0	09:27:05.344	utils EURUSD,M15: =======计算方差=====10.15
0	09:27:05.344	utils EURUSD,M15: =======计算方差=====9.98
0	09:27:05.344	utils EURUSD,M15: =======计算方差=====14.9
0	09:27:05.344	utils EURUSD,M15: =======计算方差=====22.16
0	09:27:05.344	utils EURUSD,M15: =======计算方差=====31.02
0	09:27:05.344	utils EURUSD,M15: =======计算方差=====40.19
0	09:27:05.344	utils EURUSD,M15: =======计算方差=====48.56
0	09:27:05.344	utils EURUSD,M15: =======计算方差=====53.37
0	09:27:05.344	utils EURUSD,M15: =======计算方差=====55.12
0	09:27:05.344	utils EURUSD,M15: =======计算方差=====53.59
0	09:27:05.344	utils EURUSD,M15: =======计算方差=====50.38
0	09:27:05.344	utils EURUSD,M15: =======计算方差=====44.78
0	09:27:05.344	utils EURUSD,M15: =======计算方差=====37.24
0	09:27:05.344	utils EURUSD,M15: =======计算方差=====27.88
0	09:27:05.344	utils EURUSD,M15: =======计算方差=====19.7
0	09:27:05.344	utils EURUSD,M15: =======计算方差=====17.81
0	09:27:05.344	utils EURUSD,M15: uninit reason 0
0	09:27:05.350	Script utils EURUSD,M15: removed
0	09:57:40.409	Compiling 'my\utils'
0	09:57:46.404	MaVariance EURUSD,M15: uninit reason 2
0	09:57:46.407	Custom indicator MaVariance EURUSD,M15: removed
0	09:57:46.429	Custom indicator my\MaVariance EURUSD,M15: loaded successfully
0	09:57:46.448	MaVariance EURUSD,M15: initialized
0	09:58:27.575	Script my\utils EURUSD,M15: loaded successfully
0	09:58:27.575	utils EURUSD,M15 inputs: orderMagic=123456; moveStopLost=100; startMoveStopLost=0; startSaveProfit=100; 
0	09:58:27.633	utils EURUSD,M15: initialized
0	09:58:27.637	utils EURUSD,M15: 
0	09:58:27.637	utils EURUSD,M15: =======计算方差=====12.83
0	09:58:27.637	utils EURUSD,M15: 
0	09:58:27.637	utils EURUSD,M15: =======计算方差=====14.9
0	09:58:27.637	utils EURUSD,M15: 
0	09:58:27.637	utils EURUSD,M15: =======计算方差=====15.66
0	09:58:27.638	utils EURUSD,M15: uninit reason 0
0	09:58:27.649	Script utils EURUSD,M15: removed
0	09:58:44.667	Script my\utils EURUSD,M15: loaded successfully
0	09:58:44.667	utils EURUSD,M15 inputs: orderMagic=123456; moveStopLost=100; startMoveStopLost=0; startSaveProfit=100; 
0	09:58:44.739	utils EURUSD,M15: initialized
0	09:58:44.745	utils EURUSD,M15: 113761,113765.57,113766,113765.71,113758.29,113756,113748.43,113741.14,113734,113729.86,
0	09:58:44.745	utils EURUSD,M15: =======计算方差=====12.83
0	09:58:44.745	utils EURUSD,M15: 113765.57,113766,113765.71,113758.29,113756,113748.43,113741.14,113734,113729.86,113724.71,
0	09:58:44.745	utils EURUSD,M15: =======计算方差=====14.9
0	09:58:44.746	utils EURUSD,M15: 113766,113765.71,113758.29,113756,113748.43,113741.14,113734,113729.86,113724.71,113722.71,
0	09:58:44.746	utils EURUSD,M15: =======计算方差=====15.66
0	09:58:44.746	utils EURUSD,M15: uninit reason 0
0	09:58:44.765	Script utils EURUSD,M15: removed
0	10:05:11.352	Script my\utils EURUSD,M15: loaded successfully
0	10:05:11.352	utils EURUSD,M15 inputs: orderMagic=123456; moveStopLost=100; startMoveStopLost=0; startSaveProfit=100; 
0	10:05:11.421	utils EURUSD,M15: initialized
0	10:05:11.428	utils EURUSD,M15: 113761.29,113762.29,113765.57,113766,113765.71,113758.29,113756,113748.43,113741.14,113734,
0	10:05:11.428	utils EURUSD,M15: =======计算方差=====10.59
0	10:05:11.428	utils EURUSD,M15: 113762.29,113765.57,113766,113765.71,113758.29,113756,113748.43,113741.14,113734,113729.86,
0	10:05:11.428	utils EURUSD,M15: =======计算方差=====12.92
0	10:05:11.428	utils EURUSD,M15: 113765.57,113766,113765.71,113758.29,113756,113748.43,113741.14,113734,113729.86,113724.71,
0	10:05:11.428	utils EURUSD,M15: =======计算方差=====14.9
0	10:05:11.428	utils EURUSD,M15: uninit reason 0
0	10:05:11.439	Script utils EURUSD,M15: removed
0	10:05:45.295	Script my\utils EURUSD,M15: loaded successfully
0	10:05:45.295	utils EURUSD,M15 inputs: orderMagic=123456; moveStopLost=100; startMoveStopLost=0; startSaveProfit=100; 
0	10:05:45.361	utils EURUSD,M15: initialized
0	10:05:45.367	utils EURUSD,M15: 113762,113762.29,113765.57,113766,113765.71,113758.29,113756,113748.43,113741.14,113734,
0	10:05:45.367	utils EURUSD,M15: =======计算方差=====10.62
0	10:05:45.367	utils EURUSD,M15: 113762.29,113765.57,113766,113765.71,113758.29,113756,113748.43,113741.14,113734,113729.86,
0	10:05:45.367	utils EURUSD,M15: =======计算方差=====12.92
0	10:05:45.367	utils EURUSD,M15: 113765.57,113766,113765.71,113758.29,113756,113748.43,113741.14,113734,113729.86,113724.71,
0	10:05:45.367	utils EURUSD,M15: =======计算方差=====14.9
0	10:05:45.367	utils EURUSD,M15: uninit reason 0
0	10:05:45.380	Script utils EURUSD,M15: removed
0	10:07:12.984	Script my\utils EURUSD,M15: loaded successfully
0	10:07:12.984	utils EURUSD,M15 inputs: orderMagic=123456; moveStopLost=100; startMoveStopLost=0; startSaveProfit=100; 
0	10:07:13.041	utils EURUSD,M15: initialized
0	10:07:13.044	utils EURUSD,M15: 113762.71,113762.29,113765.57,113766,113765.71,113758.29,113756,113748.43,113741.14,113734,
0	10:07:13.044	utils EURUSD,M15: =======计算方差=====10.67
0	10:07:13.044	utils EURUSD,M15: 113762.29,113765.57,113766,113765.71,113758.29,113756,113748.43,113741.14,113734,113729.86,
0	10:07:13.044	utils EURUSD,M15: =======计算方差=====12.92
0	10:07:13.044	utils EURUSD,M15: 113765.57,113766,113765.71,113758.29,113756,113748.43,113741.14,113734,113729.86,113724.71,
0	10:07:13.044	utils EURUSD,M15: =======计算方差=====14.9
0	10:07:13.044	utils EURUSD,M15: uninit reason 0
0	10:07:13.048	Script utils EURUSD,M15: removed
0	10:09:10.747	Script my\utils EURUSD,M15: loaded successfully
0	10:09:10.747	utils EURUSD,M15 inputs: orderMagic=123456; moveStopLost=100; startMoveStopLost=0; startSaveProfit=100; 
0	10:09:10.876	utils EURUSD,M15: initialized
0	10:09:10.882	utils EURUSD,M15: 113762.71,113762.29,113765.57,113766,113765.71,113758.29,113756,113748.43,113741.14,113734,
0	10:09:10.882	utils EURUSD,M15: =======计算方差=====10.67
0	10:09:10.882	utils EURUSD,M15: 113762.29,113765.57,113766,113765.71,113758.29,113756,113748.43,113741.14,113734,113729.86,
0	10:09:10.882	utils EURUSD,M15: =======计算方差=====12.92
0	10:09:10.882	utils EURUSD,M15: 113765.57,113766,113765.71,113758.29,113756,113748.43,113741.14,113734,113729.86,113724.71,
0	10:09:10.882	utils EURUSD,M15: =======计算方差=====14.9
0	10:09:10.882	utils EURUSD,M15: 113766,113765.71,113758.29,113756,113748.43,113741.14,113734,113729.86,113724.71,113722.71,
0	10:09:10.882	utils EURUSD,M15: =======计算方差=====15.66
0	10:09:10.882	utils EURUSD,M15: 113765.71,113758.29,113756,113748.43,113741.14,113734,113729.86,113724.71,113722.71,113717.57,
0	10:09:10.882	utils EURUSD,M15: =======计算方差=====15.81
0	10:09:10.882	utils EURUSD,M15: 113758.29,113756,113748.43,113741.14,113734,113729.86,113724.71,113722.71,113717.57,113716.86,
0	10:09:10.882	utils EURUSD,M15: =======计算方差=====14.56
0	10:09:10.882	utils EURUSD,M15: 113756,113748.43,113741.14,113734,113729.86,113724.71,113722.71,113717.57,113716.86,113717.14,
0	10:09:10.882	utils EURUSD,M15: =======计算方差=====13.12
0	10:09:10.882	utils EURUSD,M15: 113748.43,113741.14,113734,113729.86,113724.71,113722.71,113717.57,113716.86,113717.14,113731.57,
0	10:09:10.882	utils EURUSD,M15: =======计算方差=====10.15
0	10:09:10.882	utils EURUSD,M15: 113741.14,113734,113729.86,113724.71,113722.71,113717.57,113716.86,113717.14,113731.57,113747.57,
0	10:09:10.882	utils EURUSD,M15: =======计算方差=====9.98
0	10:09:10.882	utils EURUSD,M15: 113734,113729.86,113724.71,113722.71,113717.57,113716.86,113717.14,113731.57,113747.57,113766.43,
0	10:09:10.882	utils EURUSD,M15: =======计算方差=====14.9
0	10:09:10.882	utils EURUSD,M15: 113729.86,113724.71,113722.71,113717.57,113716.86,113717.14,113731.57,113747.57,113766.43,113785.29,
0	10:09:10.882	utils EURUSD,M15: =======计算方差=====22.16
0	10:09:10.882	utils EURUSD,M15: 113724.71,113722.71,113717.57,113716.86,113717.14,113731.57,113747.57,113766.43,113785.29,113809.29,
0	10:09:10.882	utils EURUSD,M15: =======计算方差=====31.02
0	10:09:10.883	utils EURUSD,M15: 113722.71,113717.57,113716.86,113717.14,113731.57,113747.57,113766.43,113785.29,113809.29,113833.86,
0	10:09:10.883	utils EURUSD,M15: =======计算方差=====40.19
0	10:09:10.883	utils EURUSD,M15: uninit reason 0
0	10:09:10.893	Script utils EURUSD,M15: removed
0	10:12:00.625	Script my\utils EURUSD,M15: loaded successfully
0	10:12:00.625	utils EURUSD,M15 inputs: orderMagic=123456; moveStopLost=100; startMoveStopLost=0; startSaveProfit=100; 
0	10:12:00.810	utils EURUSD,M15: initialized
0	10:12:00.813	utils EURUSD,M15: =======计算方差=====4.83
0	10:12:00.813	utils EURUSD,M15: =======计算方差=====6.5
0	10:12:00.813	utils EURUSD,M15: =======计算方差=====9.369999999999999
0	10:12:00.813	utils EURUSD,M15: =======计算方差=====12.7
0	10:12:00.813	utils EURUSD,M15: =======计算方差=====16.05
0	10:12:00.813	utils EURUSD,M15: =======计算方差=====19.38
0	10:12:00.813	utils EURUSD,M15: =======计算方差=====22.23
0	10:12:00.813	utils EURUSD,M15: =======计算方差=====24.93
0	10:12:00.813	utils EURUSD,M15: =======计算方差=====26.91
0	10:12:00.814	utils EURUSD,M15: =======计算方差=====28.1
0	10:12:00.814	utils EURUSD,M15: uninit reason 0
0	10:12:00.819	Script utils EURUSD,M15: removed
0	10:19:31.368	Compiling 'my\utils'
0	10:19:36.672	MaVariance EURUSD,M15: uninit reason 2
0	10:19:36.675	Custom indicator MaVariance EURUSD,M15: removed
0	10:19:36.692	Custom indicator my\MaVariance EURUSD,M15: loaded successfully
0	10:19:36.704	MaVariance EURUSD,M15: initialized
0	10:22:02.477	Script my\utils EURUSD,M15: loaded successfully
0	10:22:02.477	utils EURUSD,M15 inputs: orderMagic=123456; moveStopLost=100; startMoveStopLost=0; startSaveProfit=100; 
0	10:22:02.536	utils EURUSD,M15: initialized
0	10:22:02.542	utils EURUSD,M15: 113755.18,113750.59,113746.12,113744.06,113741.59,113739.35,113736,113739.88,113743.47,113747.82,
0	10:22:02.542	utils EURUSD,M15: =======计算方差=====5.43
0	10:22:02.542	utils EURUSD,M15: 113750.59,113746.12,113744.06,113741.59,113739.35,113736,113739.88,113743.47,113747.82,113752.18,
0	10:22:02.542	utils EURUSD,M15: =======计算方差=====4.88
0	10:22:02.542	utils EURUSD,M15: 113746.12,113744.06,113741.59,113739.35,113736,113739.88,113743.47,113747.82,113752.18,113759.41,
0	10:22:02.542	utils EURUSD,M15: =======计算方差=====6.5
0	10:22:02.542	utils EURUSD,M15: 113744.06,113741.59,113739.35,113736,113739.88,113743.47,113747.82,113752.18,113759.41,113767.41,
0	10:22:02.542	utils EURUSD,M15: =======计算方差=====9.369999999999999
0	10:22:02.542	utils EURUSD,M15: uninit reason 0
0	10:22:02.551	Script utils EURUSD,M15: removed
0	10:42:09.212	Script my\utils EURUSD,M15: loaded successfully
0	10:42:09.212	utils EURUSD,M15 inputs: orderMagic=123456; moveStopLost=100; startMoveStopLost=0; startSaveProfit=100; 
0	10:42:09.251	utils EURUSD,M15: initialized
0	10:42:09.254	utils EURUSD,M15: 113759.76,113754.82,113750.59,113746.12,113744.06,113741.59,113739.35,113736,113739.88,113743.47,
0	10:42:09.254	utils EURUSD,M15: =======计算方差=====7.05
0	10:42:09.254	utils EURUSD,M15: 113754.82,113750.59,113746.12,113744.06,113741.59,113739.35,113736,113739.88,113743.47,113747.82,
0	10:42:09.254	utils EURUSD,M15: =======计算方差=====5.36
0	10:42:09.254	utils EURUSD,M15: 113750.59,113746.12,113744.06,113741.59,113739.35,113736,113739.88,113743.47,113747.82,113752.18,
0	10:42:09.254	utils EURUSD,M15: =======计算方差=====4.88
0	10:42:09.254	utils EURUSD,M15: 113746.12,113744.06,113741.59,113739.35,113736,113739.88,113743.47,113747.82,113752.18,113759.41,
0	10:42:09.254	utils EURUSD,M15: =======计算方差=====6.5
0	10:42:09.254	utils EURUSD,M15: uninit reason 0
0	10:42:09.261	Script utils EURUSD,M15: removed
0	10:43:49.244	Script my\utils EURUSD,M15: loaded successfully
0	10:43:49.244	utils EURUSD,M15 inputs: orderMagic=123456; moveStopLost=100; startMoveStopLost=0; startSaveProfit=100; 
0	10:43:49.300	utils EURUSD,M15: initialized
0	10:43:49.305	utils EURUSD,M15: =======计算方差=====7.37
0	10:43:49.306	utils EURUSD,M15: =======计算方差=====5.36
0	10:43:49.306	utils EURUSD,M15: =======计算方差=====4.88
0	10:43:49.306	utils EURUSD,M15: =======计算方差=====6.5
0	10:43:49.306	utils EURUSD,M15: =======计算方差=====9.369999999999999
0	10:43:49.306	utils EURUSD,M15: =======计算方差=====12.7
0	10:43:49.306	utils EURUSD,M15: =======计算方差=====16.05
0	10:43:49.306	utils EURUSD,M15: =======计算方差=====19.38
0	10:43:49.306	utils EURUSD,M15: =======计算方差=====22.23
0	10:43:49.306	utils EURUSD,M15: =======计算方差=====24.93
0	10:43:49.306	utils EURUSD,M15: uninit reason 0
0	10:43:49.317	Script utils EURUSD,M15: removed
0	10:44:44.480	Script my\utils EURUSD,M15: loaded successfully
0	10:44:44.480	utils EURUSD,M15 inputs: orderMagic=123456; moveStopLost=100; startMoveStopLost=0; startSaveProfit=100; 
0	10:44:44.513	utils EURUSD,M15: initialized
0	10:44:44.515	utils EURUSD,M15: =======计算方差=====7.33
0	10:44:44.515	utils EURUSD,M15: =======计算方差=====5.36
0	10:44:44.515	utils EURUSD,M15: =======计算方差=====4.88
0	10:44:44.515	utils EURUSD,M15: =======计算方差=====6.5
0	10:44:44.515	utils EURUSD,M15: =======计算方差=====9.369999999999999
0	10:44:44.515	utils EURUSD,M15: =======计算方差=====12.7
0	10:44:44.516	utils EURUSD,M15: =======计算方差=====16.05
0	10:44:44.516	utils EURUSD,M15: =======计算方差=====19.38
0	10:44:44.516	utils EURUSD,M15: =======计算方差=====22.23
0	10:44:44.516	utils EURUSD,M15: =======计算方差=====24.93
0	10:44:44.516	utils EURUSD,M15: =======计算方差=====26.91
0	10:44:44.516	utils EURUSD,M15: =======计算方差=====28.1
0	10:44:44.516	utils EURUSD,M15: =======计算方差=====27.99
0	10:44:44.516	utils EURUSD,M15: =======计算方差=====26.64
0	10:44:44.516	utils EURUSD,M15: =======计算方差=====24.56
0	10:44:44.516	utils EURUSD,M15: =======计算方差=====21.95
0	10:44:44.516	utils EURUSD,M15: =======计算方差=====18.45
0	10:44:44.516	utils EURUSD,M15: =======计算方差=====15.35
0	10:44:44.516	utils EURUSD,M15: =======计算方差=====12.73
0	10:44:44.516	utils EURUSD,M15: =======计算方差=====11.5
0	10:44:44.516	utils EURUSD,M15: uninit reason 0
0	10:44:44.520	Script utils EURUSD,M15: removed
0	10:45:43.859	Script my\utils EURUSD,M15: loaded successfully
0	10:45:43.859	utils EURUSD,M15 inputs: orderMagic=123456; moveStopLost=100; startMoveStopLost=0; startSaveProfit=100; 
0	10:45:43.920	utils EURUSD,M15: initialized
0	10:45:43.928	utils EURUSD,M15: =======计算方差=====4.43
0	10:45:43.928	utils EURUSD,M15: =======计算方差=====4.47
0	10:45:43.928	utils EURUSD,M15: =======计算方差=====4.98
0	10:45:43.928	utils EURUSD,M15: =======计算方差=====6.27
0	10:45:43.929	utils EURUSD,M15: =======计算方差=====7.84
0	10:45:43.929	utils EURUSD,M15: =======计算方差=====8.949999999999999
0	10:45:43.929	utils EURUSD,M15: =======计算方差=====9.98
0	10:45:43.929	utils EURUSD,M15: =======计算方差=====10.36
0	10:45:43.929	utils EURUSD,M15: =======计算方差=====10.11
0	10:45:43.929	utils EURUSD,M15: =======计算方差=====8.98
0	10:45:43.929	utils EURUSD,M15: =======计算方差=====7.22
0	10:45:43.929	utils EURUSD,M15: =======计算方差=====5.55
0	10:45:43.929	utils EURUSD,M15: =======计算方差=====3.72
0	10:45:43.929	utils EURUSD,M15: =======计算方差=====2.72
0	10:45:43.929	utils EURUSD,M15: =======计算方差=====3.23
0	10:45:43.929	utils EURUSD,M15: =======计算方差=====4.01
0	10:45:43.929	utils EURUSD,M15: =======计算方差=====5.57
0	10:45:43.929	utils EURUSD,M15: =======计算方差=====6.84
0	10:45:43.929	utils EURUSD,M15: =======计算方差=====8
0	10:45:43.929	utils EURUSD,M15: =======计算方差=====9.06
0	10:45:43.929	utils EURUSD,M15: uninit reason 0
0	10:45:43.939	Script utils EURUSD,M15: removed
2	19:15:01.217	MyEA EURUSD,M15: open #85836893 sell 1.00 EURUSD at 1.13493 sl: 1.13693 tp: 1.13193 ok
2	20:15:00.934	MyEA EURUSD,M15: close #85836893 sell 1.00 EURUSD at 1.13493 sl: 1.13693 tp: 1.13193 at price 1.13592
2	21:45:00.855	MyEA EURUSD,M15: open #85839463 buy 1.00 EURUSD at 1.13804 sl: 1.13604 tp: 1.14104 ok
2	22:15:01.268	MyEA EURUSD,M15: close #85839463 buy 1.00 EURUSD at 1.13804 sl: 1.13604 tp: 1.14104 at price 1.13668
