2	00:00:05.125	MyEA EURUSD,M5: open #79988885 sell 1.00 EURUSD at 1.16708 sl: 1.16908 ok
2	17:10:05.225	MyEA EURUSD,M5: open #80048808 sell 1.00 EURUSD at 1.17043 sl: 1.17243 ok
2	19:44:08.081	MyEA EURUSD,M15: modify #80048808 sell 1.00 EURUSD at 1.17043 sl: 1.17033 tp: 0.00000 ok
2	19:44:08.097	MyEA EURUSD,M5: modify #0 buy 0.00  at 0.00000 sl: 0.00000 tp: 0.00000 ok
0	21:10:09.853	MyEA EURUSD,M15: uninit reason 2
0	21:10:09.856	Expert MyEA EURUSD,M15: removed
0	21:10:09.869	Expert MyEA EURUSD,M15: loaded successfully
0	21:10:09.879	MyEA EURUSD,M5: uninit reason 2
0	21:10:09.882	Expert MyEA EURUSD,M5: removed
0	21:10:09.883	MyEA EURUSD,M15: initialized
0	21:10:09.896	Expert MyEA EURUSD,M5: loaded successfully
0	21:10:09.915	MyEA EURUSD,M5: initialized
0	21:10:10.052	MyEA EURUSD,M5: Alert: ËÀ²æ
0	21:10:10.052	MyEA EURUSD,M15: Alert: ËÀ²æ
0	21:10:10.109	MyEA EURUSD,M15: Alert: ËÀ²æ
0	21:10:10.109	MyEA EURUSD,M5: Alert: ËÀ²æ
0	21:10:10.319	MyEA EURUSD,M15: Alert: ËÀ²æ
0	21:10:10.319	MyEA EURUSD,M5: Alert: ËÀ²æ
0	21:10:10.657	MyEA EURUSD,M15: Alert: ËÀ²æ
0	21:10:10.662	MyEA EURUSD,M5: Alert: ËÀ²æ
0	21:10:10.818	MyEA EURUSD,M15: Alert: ËÀ²æ
0	21:10:10.818	MyEA EURUSD,M5: Alert: ËÀ²æ
0	21:10:11.177	MyEA EURUSD,M5: Alert: ËÀ²æ
0	21:10:11.177	MyEA EURUSD,M15: Alert: ËÀ²æ
0	21:10:11.376	MyEA EURUSD,M15: Alert: ËÀ²æ
0	21:10:11.380	MyEA EURUSD,M5: Alert: ËÀ²æ
0	21:10:11.399	MyEA EURUSD,M5: Alert: ËÀ²æ
0	21:10:11.403	MyEA EURUSD,M15: Alert: ËÀ²æ
0	21:10:12.086	MyEA EURUSD,M15: Alert: ËÀ²æ
0	21:10:12.098	MyEA EURUSD,M5: Alert: ËÀ²æ
0	21:10:12.113	MyEA EURUSD,M5: Alert: ËÀ²æ
0	21:10:12.113	MyEA EURUSD,M15: Alert: ËÀ²æ
0	21:10:12.297	MyEA EURUSD,M15: Alert: ËÀ²æ
0	21:10:12.305	MyEA EURUSD,M5: Alert: ËÀ²æ
0	21:10:12.315	MyEA EURUSD,M15: Alert: ËÀ²æ
0	21:10:12.315	MyEA EURUSD,M5: Alert: ËÀ²æ
0	21:10:12.521	MyEA EURUSD,M15: Alert: ËÀ²æ
0	21:10:12.521	MyEA EURUSD,M5: Alert: ËÀ²æ
0	21:10:12.709	MyEA EURUSD,M15: Alert: ËÀ²æ
0	21:10:12.709	MyEA EURUSD,M5: Alert: ËÀ²æ
0	21:10:13.122	MyEA EURUSD,M15: Alert: ËÀ²æ
0	21:10:13.127	MyEA EURUSD,M5: Alert: ËÀ²æ
0	21:10:13.534	MyEA EURUSD,M15: Alert: ËÀ²æ
0	21:10:13.534	MyEA EURUSD,M5: Alert: ËÀ²æ
0	21:10:14.142	MyEA EURUSD,M15: Alert: ËÀ²æ
0	21:10:14.142	MyEA EURUSD,M5: Alert: ËÀ²æ
0	21:10:14.350	MyEA EURUSD,M15: Alert: ËÀ²æ
0	21:10:14.350	MyEA EURUSD,M5: Alert: ËÀ²æ
0	21:10:14.561	MyEA EURUSD,M15: Alert: ËÀ²æ
0	21:10:14.561	MyEA EURUSD,M5: Alert: ËÀ²æ
0	21:10:15.175	MyEA EURUSD,M15: Alert: ËÀ²æ
0	21:10:15.175	MyEA EURUSD,M5: Alert: ËÀ²æ
0	21:10:15.394	MyEA EURUSD,M15: Alert: ËÀ²æ
0	21:10:15.400	MyEA EURUSD,M5: Alert: ËÀ²æ
0	21:10:15.650	MyEA EURUSD,M15: Alert: ËÀ²æ
0	21:10:15.650	MyEA EURUSD,M5: Alert: ËÀ²æ
0	21:10:15.715	MyEA EURUSD,M15: Alert: ËÀ²æ
0	21:10:15.719	MyEA EURUSD,M5: Alert: ËÀ²æ
0	21:10:15.835	MyEA EURUSD,M15: Alert: ËÀ²æ
0	21:10:15.844	MyEA EURUSD,M5: Alert: ËÀ²æ
0	21:10:16.413	MyEA EURUSD,M15: Alert: ËÀ²æ
0	21:10:16.429	MyEA EURUSD,M5: Alert: ËÀ²æ
0	21:10:16.640	MyEA EURUSD,M15: Alert: ËÀ²æ
0	21:10:16.661	MyEA EURUSD,M5: Alert: ËÀ²æ
0	21:10:17.137	MyEA EURUSD,M15: Alert: ËÀ²æ
0	21:10:17.137	MyEA EURUSD,M5: Alert: ËÀ²æ
0	21:10:18.114	MyEA EURUSD,M15: Alert: ËÀ²æ
0	21:10:18.118	MyEA EURUSD,M5: Alert: ËÀ²æ
0	21:10:18.338	MyEA EURUSD,M15: Alert: ËÀ²æ
0	21:10:18.338	MyEA EURUSD,M5: Alert: ËÀ²æ
0	21:10:18.842	MyEA EURUSD,M5: Alert: ËÀ²æ
0	21:10:18.842	MyEA EURUSD,M15: Alert: ËÀ²æ
0	21:10:19.219	MyEA EURUSD,M15: Alert: ËÀ²æ
0	21:10:19.220	MyEA EURUSD,M5: Alert: ËÀ²æ
0	21:10:19.618	MyEA EURUSD,M15: Alert: ËÀ²æ
0	21:10:19.632	MyEA EURUSD,M5: Alert: ËÀ²æ
0	21:10:19.745	MyEA EURUSD,M15: Alert: ËÀ²æ
0	21:10:19.756	MyEA EURUSD,M5: Alert: ËÀ²æ
0	21:10:19.909	MyEA EURUSD,M15: Alert: ËÀ²æ
0	21:10:19.910	MyEA EURUSD,M5: Alert: ËÀ²æ
0	21:10:19.926	MyEA EURUSD,M15: Alert: ËÀ²æ
0	21:10:19.926	MyEA EURUSD,M5: Alert: ËÀ²æ
0	21:10:20.128	MyEA EURUSD,M15: Alert: ËÀ²æ
0	21:10:20.138	MyEA EURUSD,M5: Alert: ËÀ²æ
0	21:10:21.113	MyEA EURUSD,M15: Alert: ËÀ²æ
0	21:10:21.113	MyEA EURUSD,M5: Alert: ËÀ²æ
0	21:10:21.342	MyEA EURUSD,M15: Alert: ËÀ²æ
0	21:10:21.342	MyEA EURUSD,M5: Alert: ËÀ²æ
0	21:10:21.357	MyEA EURUSD,M15: Alert: ËÀ²æ
0	21:10:21.357	MyEA EURUSD,M5: Alert: ËÀ²æ
0	21:10:22.082	MyEA EURUSD,M15: Alert: ËÀ²æ
0	21:10:22.090	MyEA EURUSD,M5: Alert: ËÀ²æ
0	21:10:22.729	MyEA EURUSD,M15: Alert: ËÀ²æ
0	21:10:22.729	MyEA EURUSD,M5: Alert: ËÀ²æ
0	21:10:22.746	MyEA EURUSD,M15: Alert: ËÀ²æ
0	21:10:22.746	MyEA EURUSD,M5: Alert: ËÀ²æ
0	21:10:22.893	MyEA EURUSD,M15: Alert: ËÀ²æ
0	21:10:22.918	MyEA EURUSD,M5: Alert: ËÀ²æ
0	21:10:22.965	MyEA EURUSD,M15: Alert: ËÀ²æ
0	21:10:22.966	MyEA EURUSD,M5: Alert: ËÀ²æ
0	21:10:23.056	MyEA EURUSD,M15: Alert: ËÀ²æ
0	21:10:23.072	MyEA EURUSD,M5: Alert: ËÀ²æ
0	21:10:23.263	MyEA EURUSD,M15: uninit reason 2
0	21:10:23.268	Expert MyEA EURUSD,M15: removed
0	21:10:23.296	Expert MyEA EURUSD,M15: loaded successfully
0	21:10:23.298	MyEA EURUSD,M5: uninit reason 2
0	21:10:23.305	Expert MyEA EURUSD,M5: removed
0	21:10:23.335	Expert MyEA EURUSD,M5: loaded successfully
0	21:10:23.339	MyEA EURUSD,M15: initialized
0	21:10:23.379	MyEA EURUSD,M5: initialized
0	21:18:14.546	MyEA EURUSD,M15: uninit reason 2
0	21:18:14.553	Expert MyEA EURUSD,M15: removed
0	21:18:14.588	Expert MyEA EURUSD,M15: loaded successfully
0	21:18:14.596	MyEA EURUSD,M5: uninit reason 2
0	21:18:14.604	Expert MyEA EURUSD,M5: removed
0	21:18:14.629	MyEA EURUSD,M15: initialized
0	21:18:14.637	Expert MyEA EURUSD,M5: loaded successfully
0	21:18:14.682	MyEA EURUSD,M5: initialized
0	21:18:15.223	MyEA EURUSD,M15: Alert: ½ð²æ
0	21:18:15.223	MyEA EURUSD,M5: Alert: ½ð²æ
0	21:18:15.306	MyEA EURUSD,M15: Alert: ½ð²æ
0	21:18:15.386	MyEA EURUSD,M5: Alert: ½ð²æ
0	21:18:15.410	MyEA EURUSD,M5: Alert: ½ð²æ
0	21:18:15.419	MyEA EURUSD,M15: Alert: ½ð²æ
0	21:18:15.529	MyEA EURUSD,M5: Alert: ½ð²æ
0	21:18:15.537	MyEA EURUSD,M15: Alert: ½ð²æ
0	21:18:15.770	MyEA EURUSD,M15: Alert: ½ð²æ
0	21:18:15.770	MyEA EURUSD,M5: Alert: ½ð²æ
0	21:18:15.936	MyEA EURUSD,M15: Alert: ½ð²æ
0	21:18:15.936	MyEA EURUSD,M5: Alert: ½ð²æ
0	21:18:16.099	MyEA EURUSD,M5: Alert: ½ð²æ
0	21:18:16.111	MyEA EURUSD,M15: Alert: ½ð²æ
0	21:18:16.702	MyEA EURUSD,M15: Alert: ½ð²æ
0	21:18:16.702	MyEA EURUSD,M5: Alert: ½ð²æ
0	21:18:16.921	MyEA EURUSD,M15: Alert: ½ð²æ
0	21:18:16.921	MyEA EURUSD,M5: Alert: ½ð²æ
0	21:18:17.289	MyEA EURUSD,M15: Alert: ½ð²æ
0	21:18:17.289	MyEA EURUSD,M5: Alert: ½ð²æ
0	21:18:17.912	MyEA EURUSD,M15: Alert: ½ð²æ
0	21:18:17.912	MyEA EURUSD,M5: Alert: ½ð²æ
0	21:18:18.283	MyEA EURUSD,M15: Alert: ½ð²æ
0	21:18:18.283	MyEA EURUSD,M5: Alert: ½ð²æ
0	21:18:19.336	MyEA EURUSD,M15: Alert: ½ð²æ
0	21:18:19.342	MyEA EURUSD,M5: Alert: ½ð²æ
0	21:18:19.953	MyEA EURUSD,M15: Alert: ½ð²æ
0	21:18:19.958	MyEA EURUSD,M5: Alert: ½ð²æ
0	21:18:20.156	MyEA EURUSD,M15: Alert: ½ð²æ
0	21:18:20.165	MyEA EURUSD,M5: Alert: ½ð²æ
0	21:18:20.359	MyEA EURUSD,M15: Alert: ½ð²æ
0	21:18:20.362	MyEA EURUSD,M5: Alert: ½ð²æ
0	21:18:20.790	MyEA EURUSD,M15: Alert: ½ð²æ
0	21:18:20.797	MyEA EURUSD,M5: Alert: ½ð²æ
0	21:18:20.936	MyEA EURUSD,M15: Alert: ½ð²æ
0	21:18:20.943	MyEA EURUSD,M5: Alert: ½ð²æ
0	21:18:20.955	MyEA EURUSD,M15: Alert: ½ð²æ
0	21:18:20.956	MyEA EURUSD,M5: Alert: ½ð²æ
0	21:18:21.350	MyEA EURUSD,M15: Alert: ½ð²æ
0	21:18:21.350	MyEA EURUSD,M5: Alert: ½ð²æ
0	21:18:22.143	MyEA EURUSD,M15: Alert: ½ð²æ
0	21:18:22.143	MyEA EURUSD,M5: Alert: ½ð²æ
0	21:18:22.712	MyEA EURUSD,M15: Alert: ½ð²æ
0	21:18:22.713	MyEA EURUSD,M5: Alert: ½ð²æ
0	21:18:23.031	MyEA EURUSD,M15: Alert: ½ð²æ
0	21:18:23.038	MyEA EURUSD,M5: Alert: ½ð²æ
0	21:18:23.052	MyEA EURUSD,M15: Alert: ½ð²æ
0	21:18:23.059	MyEA EURUSD,M5: Alert: ½ð²æ
0	21:18:23.071	MyEA EURUSD,M15: Alert: ½ð²æ
0	21:18:23.075	MyEA EURUSD,M5: Alert: ½ð²æ
0	21:18:23.088	MyEA EURUSD,M5: Alert: ½ð²æ
0	21:18:23.089	MyEA EURUSD,M15: Alert: ½ð²æ
0	21:18:23.156	MyEA EURUSD,M15: Alert: ½ð²æ
0	21:18:23.161	MyEA EURUSD,M5: Alert: ½ð²æ
0	21:18:23.186	MyEA EURUSD,M15: Alert: ½ð²æ
0	21:18:23.194	MyEA EURUSD,M5: Alert: ½ð²æ
0	21:18:23.387	MyEA EURUSD,M5: Alert: ½ð²æ
0	21:18:23.388	MyEA EURUSD,M15: Alert: ½ð²æ
0	21:18:23.449	MyEA EURUSD,M15: Alert: ½ð²æ
0	21:18:23.459	MyEA EURUSD,M5: Alert: ½ð²æ
0	21:18:23.645	MyEA EURUSD,M15: Alert: ½ð²æ
0	21:18:23.651	MyEA EURUSD,M5: Alert: ½ð²æ
0	21:18:23.668	MyEA EURUSD,M5: Alert: ½ð²æ
0	21:18:23.671	MyEA EURUSD,M15: Alert: ½ð²æ
0	21:18:23.939	MyEA EURUSD,M15: Alert: ½ð²æ
0	21:18:23.939	MyEA EURUSD,M5: Alert: ½ð²æ
0	21:18:24.939	MyEA EURUSD,M15: Alert: ½ð²æ
0	21:18:24.939	MyEA EURUSD,M5: Alert: ½ð²æ
0	21:18:25.455	MyEA EURUSD,M15: Alert: ½ð²æ
0	21:18:25.463	MyEA EURUSD,M5: Alert: ½ð²æ
0	21:18:25.600	MyEA EURUSD,M15: Alert: ½ð²æ
0	21:18:25.604	MyEA EURUSD,M5: Alert: ½ð²æ
0	21:18:25.613	MyEA EURUSD,M15: Alert: ½ð²æ
0	21:18:25.615	MyEA EURUSD,M5: Alert: ½ð²æ
0	21:18:25.954	MyEA EURUSD,M15: Alert: ½ð²æ
0	21:18:25.954	MyEA EURUSD,M5: Alert: ½ð²æ
0	21:18:26.214	MyEA EURUSD,M15: Alert: ½ð²æ
0	21:18:26.214	MyEA EURUSD,M5: Alert: ½ð²æ
0	21:18:26.378	MyEA EURUSD,M15: Alert: ½ð²æ
0	21:18:26.378	MyEA EURUSD,M5: Alert: ½ð²æ
0	21:18:26.960	MyEA EURUSD,M5: Alert: ½ð²æ
0	21:18:26.965	MyEA EURUSD,M15: Alert: ½ð²æ
0	21:18:26.986	MyEA EURUSD,M15: uninit reason 2
0	21:18:26.989	Expert MyEA EURUSD,M15: removed
0	21:18:27.005	Expert MyEA EURUSD,M15: loaded successfully
0	21:18:27.006	MyEA EURUSD,M5: uninit reason 2
0	21:18:27.012	Expert MyEA EURUSD,M5: removed
0	21:18:27.021	MyEA EURUSD,M15: initialized
0	21:18:27.028	Expert MyEA EURUSD,M5: loaded successfully
0	21:18:27.044	MyEA EURUSD,M5: initialized
0	21:20:51.788	MyEA EURUSD,M15: uninit reason 2
0	21:20:51.790	Expert MyEA EURUSD,M15: removed
0	21:20:51.803	Expert MyEA EURUSD,M15: loaded successfully
0	21:20:51.804	MyEA EURUSD,M5: uninit reason 2
0	21:20:51.807	Expert MyEA EURUSD,M5: removed
0	21:20:51.822	Expert MyEA EURUSD,M5: loaded successfully
0	21:20:51.835	MyEA EURUSD,M5: initialized
0	21:20:51.856	MyEA EURUSD,M15: initialized
0	21:20:52.183	MyEA EURUSD,M15: Alert: ½ð²æ
0	21:20:52.206	MyEA EURUSD,M5: Alert: ½ð²æ
0	21:20:53.283	MyEA EURUSD,M5: Alert: ½ð²æ
0	21:20:53.287	MyEA EURUSD,M15: Alert: ½ð²æ
0	21:20:53.314	MyEA EURUSD,M15: Alert: ½ð²æ
0	21:20:53.316	MyEA EURUSD,M5: Alert: ½ð²æ
0	21:20:53.539	MyEA EURUSD,M5: Alert: ½ð²æ
0	21:20:53.539	MyEA EURUSD,M15: Alert: ½ð²æ
0	21:20:53.556	MyEA EURUSD,M15: Alert: ½ð²æ
0	21:20:53.561	MyEA EURUSD,M5: Alert: ½ð²æ
0	21:20:54.568	MyEA EURUSD,M15: Alert: ½ð²æ
0	21:20:54.568	MyEA EURUSD,M5: Alert: ½ð²æ
0	21:20:55.546	MyEA EURUSD,M15: Alert: ½ð²æ
0	21:20:55.546	MyEA EURUSD,M5: Alert: ½ð²æ
0	21:20:55.936	MyEA EURUSD,M15: Alert: ½ð²æ
0	21:20:55.936	MyEA EURUSD,M5: Alert: ½ð²æ
0	21:20:56.384	MyEA EURUSD,M15: Alert: ½ð²æ
0	21:20:56.402	MyEA EURUSD,M5: Alert: ½ð²æ
0	21:20:57.561	MyEA EURUSD,M15: Alert: ½ð²æ
0	21:20:57.579	MyEA EURUSD,M5: Alert: ½ð²æ
0	21:20:59.491	MyEA EURUSD,M15: Alert: ½ð²æ
0	21:20:59.506	MyEA EURUSD,M5: Alert: ½ð²æ
0	21:20:59.636	MyEA EURUSD,M15: Alert: ½ð²æ
0	21:20:59.646	MyEA EURUSD,M5: Alert: ½ð²æ
0	21:20:59.928	MyEA EURUSD,M15: Alert: ½ð²æ
0	21:20:59.928	MyEA EURUSD,M5: Alert: ½ð²æ
0	21:21:00.015	MyEA EURUSD,M15: Alert: ½ð²æ
0	21:21:00.029	MyEA EURUSD,M5: Alert: ½ð²æ
0	21:21:00.090	MyEA EURUSD,M15: Alert: ½ð²æ
0	21:21:00.117	MyEA EURUSD,M5: Alert: ½ð²æ
0	21:21:00.176	MyEA EURUSD,M5: Alert: ½ð²æ
0	21:21:00.176	MyEA EURUSD,M15: Alert: ½ð²æ
0	21:21:00.227	MyEA EURUSD,M15: Alert: ½ð²æ
0	21:21:00.227	MyEA EURUSD,M5: Alert: ½ð²æ
0	21:21:00.326	MyEA EURUSD,M15: Alert: ½ð²æ
0	21:21:00.326	MyEA EURUSD,M5: Alert: ½ð²æ
0	21:21:00.552	MyEA EURUSD,M15: Alert: ½ð²æ
0	21:21:00.552	MyEA EURUSD,M5: Alert: ½ð²æ
0	21:21:01.123	MyEA EURUSD,M15: Alert: ½ð²æ
0	21:21:01.127	MyEA EURUSD,M5: Alert: ½ð²æ
0	21:21:01.624	MyEA EURUSD,M5: Alert: ½ð²æ
0	21:21:01.637	MyEA EURUSD,M15: Alert: ½ð²æ
0	21:21:01.827	MyEA EURUSD,M15: Alert: ½ð²æ
0	21:21:01.829	MyEA EURUSD,M5: Alert: ½ð²æ
0	21:21:02.569	MyEA EURUSD,M5: Alert: ½ð²æ
0	21:21:02.571	MyEA EURUSD,M15: Alert: ½ð²æ
0	21:21:03.835	MyEA EURUSD,M15: Alert: ½ð²æ
0	21:21:03.843	MyEA EURUSD,M5: Alert: ½ð²æ
0	21:21:04.336	MyEA EURUSD,M15: Alert: ½ð²æ
0	21:21:04.336	MyEA EURUSD,M5: Alert: ½ð²æ
0	21:21:04.381	MyEA EURUSD,M15: Alert: ½ð²æ
0	21:21:04.404	MyEA EURUSD,M5: Alert: ½ð²æ
0	21:21:04.436	MyEA EURUSD,M15: Alert: ½ð²æ
0	21:21:04.444	MyEA EURUSD,M5: Alert: ½ð²æ
0	21:21:04.762	MyEA EURUSD,M5: Alert: ½ð²æ
0	21:21:04.762	MyEA EURUSD,M15: Alert: ½ð²æ
0	21:21:04.956	MyEA EURUSD,M15: Alert: ½ð²æ
0	21:21:04.956	MyEA EURUSD,M5: Alert: ½ð²æ
0	21:21:05.123	MyEA EURUSD,M15: Alert: ½ð²æ
0	21:21:05.123	MyEA EURUSD,M5: Alert: ½ð²æ
0	21:21:05.140	MyEA EURUSD,M15: Alert: ½ð²æ
0	21:21:05.145	MyEA EURUSD,M5: Alert: ½ð²æ
0	21:21:05.167	MyEA EURUSD,M5: Alert: ½ð²æ
0	21:21:05.169	MyEA EURUSD,M15: Alert: ½ð²æ
0	21:21:05.268	MyEA EURUSD,M15: Alert: ½ð²æ
0	21:21:05.270	MyEA EURUSD,M5: Alert: ½ð²æ
0	21:21:05.583	MyEA EURUSD,M15: Alert: ½ð²æ
0	21:21:05.584	MyEA EURUSD,M5: Alert: ½ð²æ
0	21:21:05.595	MyEA EURUSD,M5: Alert: ½ð²æ
0	21:21:05.595	MyEA EURUSD,M15: Alert: ½ð²æ
0	21:21:06.097	MyEA EURUSD,M15: Alert: ½ð²æ
0	21:21:06.102	MyEA EURUSD,M5: Alert: ½ð²æ
0	21:21:06.242	MyEA EURUSD,M15: Alert: ½ð²æ
0	21:21:06.242	MyEA EURUSD,M5: Alert: ½ð²æ
0	21:21:06.318	MyEA EURUSD,M5: Alert: ½ð²æ
0	21:21:06.329	MyEA EURUSD,M15: Alert: ½ð²æ
0	21:21:06.377	MyEA EURUSD,M15: Alert: ½ð²æ
0	21:21:06.382	MyEA EURUSD,M5: Alert: ½ð²æ
0	21:21:06.444	MyEA EURUSD,M5: Alert: ½ð²æ
0	21:21:06.445	MyEA EURUSD,M15: Alert: ½ð²æ
0	21:21:06.505	MyEA EURUSD,M15: Alert: ½ð²æ
0	21:21:06.509	MyEA EURUSD,M5: Alert: ½ð²æ
0	21:21:06.605	MyEA EURUSD,M15: Alert: ½ð²æ
0	21:21:06.605	MyEA EURUSD,M5: Alert: ½ð²æ
0	21:21:06.658	MyEA EURUSD,M15: Alert: ½ð²æ
0	21:21:06.658	MyEA EURUSD,M5: Alert: ½ð²æ
0	21:21:06.731	MyEA EURUSD,M5: Alert: ½ð²æ
0	21:21:06.731	MyEA EURUSD,M15: Alert: ½ð²æ
0	21:21:06.848	MyEA EURUSD,M15: Alert: ½ð²æ
0	21:21:06.848	MyEA EURUSD,M5: Alert: ½ð²æ
0	21:21:06.985	MyEA EURUSD,M15: Alert: ½ð²æ
0	21:21:06.985	MyEA EURUSD,M5: Alert: ½ð²æ
0	21:21:07.160	MyEA EURUSD,M15: Alert: ½ð²æ
0	21:21:07.160	MyEA EURUSD,M5: Alert: ½ð²æ
0	21:21:07.195	MyEA EURUSD,M15: Alert: ½ð²æ
0	21:21:07.195	MyEA EURUSD,M5: Alert: ½ð²æ
0	21:21:07.601	MyEA EURUSD,M5: Alert: ½ð²æ
0	21:21:07.601	MyEA EURUSD,M15: Alert: ½ð²æ
0	21:21:08.594	MyEA EURUSD,M5: Alert: ½ð²æ
0	21:21:08.594	MyEA EURUSD,M15: Alert: ½ð²æ
0	21:21:09.011	MyEA EURUSD,M15: Alert: ½ð²æ
0	21:21:09.023	MyEA EURUSD,M5: Alert: ½ð²æ
0	21:21:09.051	MyEA EURUSD,M5: Alert: ½ð²æ
0	21:21:09.067	MyEA EURUSD,M15: Alert: ½ð²æ
0	21:21:09.136	MyEA EURUSD,M5: Alert: ½ð²æ
0	21:21:09.143	MyEA EURUSD,M15: Alert: ½ð²æ
0	21:21:09.328	MyEA EURUSD,M15: Alert: ½ð²æ
0	21:21:09.332	MyEA EURUSD,M5: Alert: ½ð²æ
0	21:21:09.426	MyEA EURUSD,M15: Alert: ½ð²æ
0	21:21:09.426	MyEA EURUSD,M5: Alert: ½ð²æ
0	21:21:09.602	MyEA EURUSD,M5: Alert: ½ð²æ
0	21:21:09.602	MyEA EURUSD,M15: Alert: ½ð²æ
0	21:21:10.636	MyEA EURUSD,M15: Alert: ½ð²æ
0	21:21:10.643	MyEA EURUSD,M5: Alert: ½ð²æ
0	21:21:11.312	MyEA EURUSD,M15: Alert: ½ð²æ
0	21:21:11.318	MyEA EURUSD,M5: Alert: ½ð²æ
0	21:21:11.480	MyEA EURUSD,M5: Alert: ½ð²æ
0	21:21:11.501	MyEA EURUSD,M15: Alert: ½ð²æ
0	21:21:11.925	MyEA EURUSD,M5: Alert: ½ð²æ
0	21:21:11.945	MyEA EURUSD,M15: Alert: ½ð²æ
0	21:21:12.013	MyEA EURUSD,M5: Alert: ½ð²æ
0	21:21:12.033	MyEA EURUSD,M15: Alert: ½ð²æ
0	21:21:13.015	MyEA EURUSD,M15: uninit reason 2
0	21:21:13.017	Expert MyEA EURUSD,M15: removed
0	21:21:13.030	Expert MyEA EURUSD,M15: loaded successfully
0	21:21:13.031	MyEA EURUSD,M5: uninit reason 2
0	21:21:13.034	Expert MyEA EURUSD,M5: removed
0	21:21:13.046	MyEA EURUSD,M15: initialized
0	21:21:13.049	Expert MyEA EURUSD,M5: loaded successfully
0	21:21:13.062	MyEA EURUSD,M5: initialized
0	21:21:37.298	MyEA EURUSD,M15: uninit reason 2
0	21:21:37.300	Expert MyEA EURUSD,M15: removed
0	21:21:37.328	Expert MyEA EURUSD,M15: loaded successfully
0	21:21:37.338	MyEA EURUSD,M5: uninit reason 2
0	21:21:37.352	Expert MyEA EURUSD,M5: removed
0	21:21:37.365	Expert MyEA EURUSD,M5: loaded successfully
0	21:21:37.368	MyEA EURUSD,M15: initialized
0	21:21:37.386	MyEA EURUSD,M5: initialized
0	21:22:00.637	MyEA EURUSD,M15: uninit reason 2
0	21:22:00.640	Expert MyEA EURUSD,M15: removed
0	21:22:00.656	Expert MyEA EURUSD,M15: loaded successfully
0	21:22:00.663	MyEA EURUSD,M5: uninit reason 2
0	21:22:00.665	Expert MyEA EURUSD,M5: removed
0	21:22:00.675	MyEA EURUSD,M15: initialized
0	21:22:00.681	Expert MyEA EURUSD,M5: loaded successfully
0	21:22:00.694	MyEA EURUSD,M5: initialized
