0	15:28:13.261	Automated trading disabled
0	15:28:15.994	Automated trading enabled
2	15:49:01.150	MyEA EURUSD,M5: open #77083746 sell 1.00 EURUSD at 1.17035 sl: 1.17235 ok
0	16:21:40.210	MyEA EURUSD,M5: ===========ÒÆ¶¯Ö¹Ëð¿Õµ¥Ê§°Ü=====6
2	16:21:41.266	MyEA EURUSD,M5: modify #77083746 sell 1.00 EURUSD at 1.17035 sl: 1.17025 tp: 0.00000 ok
0	16:31:34.371	MyEA EURUSD,M5: ===========ÒÆ¶¯Ö¹Ëð¿Õµ¥Ê§°Ü=====6
2	16:31:36.547	MyEA EURUSD,M5: modify #77083746 sell 1.00 EURUSD at 1.17035 sl: 1.17022 tp: 0.00000 ok
0	16:45:09.427	MyEA EURUSD,M5: ===========ÒÆ¶¯Ö¹Ëð¿Õµ¥Ê§°Ü=====6
2	16:45:10.537	MyEA EURUSD,M5: modify #77083746 sell 1.00 EURUSD at 1.17035 sl: 1.17012 tp: 0.00000 ok
2	16:45:11.318	MyEA EURUSD,M5: modify #77083746 sell 1.00 EURUSD at 1.17035 sl: 1.17009 tp: 0.00000 ok
2	16:45:18.761	MyEA EURUSD,M5: modify #77083746 sell 1.00 EURUSD at 1.17035 sl: 1.17008 tp: 0.00000 ok
0	16:51:36.616	MyEA EURUSD,M5: ===========ÒÆ¶¯Ö¹Ëð¿Õµ¥Ê§°Ü=====6
2	16:51:43.640	MyEA EURUSD,M5: modify #77083746 sell 1.00 EURUSD at 1.17035 sl: 1.17002 tp: 0.00000 ok
2	16:53:31.989	MyEA EURUSD,M5: modify #77083746 sell 1.00 EURUSD at 1.17035 sl: 1.17001 tp: 0.00000 ok
2	17:12:17.181	MyEA EURUSD,M5: open #77100231 buy 1.00 EURUSD at 1.16881 sl: 1.16681 ok
2	17:57:51.419	MyEA EURUSD,M5: modify #77100231 buy 1.00 EURUSD at 1.16881 sl: 1.16891 tp: 0.00000 ok
2	19:10:02.115	MyEA EURUSD,M5: open #77114531 sell 1.00 EURUSD at 1.16912 sl: 1.17112 ok
2	20:10:02.094	MyEA EURUSD,M5: open #77119952 buy 1.00 EURUSD at 1.16952 sl: 1.16752 ok
2	20:58:46.916	MyEA EURUSD,M5: modify #77114531 sell 1.00 EURUSD at 1.16912 sl: 1.16902 tp: 0.00000 ok
2	21:05:04.576	MyEA EURUSD,M5: modify #77114531 sell 1.00 EURUSD at 1.16912 sl: 1.16900 tp: 0.00000 ok
2	21:05:04.853	MyEA EURUSD,M5: modify #77114531 sell 1.00 EURUSD at 1.16912 sl: 1.16899 tp: 0.00000 ok
2	21:05:05.423	MyEA EURUSD,M5: modify #77114531 sell 1.00 EURUSD at 1.16912 sl: 1.16898 tp: 0.00000 ok
2	21:05:05.695	MyEA EURUSD,M5: modify #77114531 sell 1.00 EURUSD at 1.16912 sl: 1.16895 tp: 0.00000 ok
2	21:05:05.966	MyEA EURUSD,M5: modify #77114531 sell 1.00 EURUSD at 1.16912 sl: 1.16890 tp: 0.00000 ok
2	21:05:06.852	MyEA EURUSD,M5: modify #77114531 sell 1.00 EURUSD at 1.16912 sl: 1.16888 tp: 0.00000 ok
2	21:05:07.135	MyEA EURUSD,M5: modify #77114531 sell 1.00 EURUSD at 1.16912 sl: 1.16887 tp: 0.00000 ok
2	21:05:07.851	MyEA EURUSD,M5: modify #77114531 sell 1.00 EURUSD at 1.16912 sl: 1.16886 tp: 0.00000 ok
2	21:05:09.601	MyEA EURUSD,M5: modify #77114531 sell 1.00 EURUSD at 1.16912 sl: 1.16885 tp: 0.00000 ok
2	21:05:19.715	MyEA EURUSD,M5: modify #77114531 sell 1.00 EURUSD at 1.16912 sl: 1.16882 tp: 0.00000 ok
2	21:05:20.036	MyEA EURUSD,M5: modify #77114531 sell 1.00 EURUSD at 1.16912 sl: 1.16881 tp: 0.00000 ok
2	21:05:20.756	MyEA EURUSD,M5: modify #77114531 sell 1.00 EURUSD at 1.16912 sl: 1.16880 tp: 0.00000 ok
2	21:05:21.121	MyEA EURUSD,M5: modify #77114531 sell 1.00 EURUSD at 1.16912 sl: 1.16879 tp: 0.00000 ok
2	21:05:21.464	MyEA EURUSD,M5: modify #77114531 sell 1.00 EURUSD at 1.16912 sl: 1.16875 tp: 0.00000 ok
2	21:05:21.823	MyEA EURUSD,M5: modify #77114531 sell 1.00 EURUSD at 1.16912 sl: 1.16874 tp: 0.00000 ok
2	21:05:22.167	MyEA EURUSD,M5: modify #77114531 sell 1.00 EURUSD at 1.16912 sl: 1.16872 tp: 0.00000 ok
2	21:05:22.824	MyEA EURUSD,M5: modify #77114531 sell 1.00 EURUSD at 1.16912 sl: 1.16867 tp: 0.00000 ok
2	21:05:24.855	MyEA EURUSD,M5: modify #77114531 sell 1.00 EURUSD at 1.16912 sl: 1.16866 tp: 0.00000 ok
2	21:05:25.676	MyEA EURUSD,M5: modify #77114531 sell 1.00 EURUSD at 1.16912 sl: 1.16863 tp: 0.00000 ok
2	21:05:26.177	MyEA EURUSD,M5: modify #77114531 sell 1.00 EURUSD at 1.16912 sl: 1.16862 tp: 0.00000 ok
2	21:05:27.121	MyEA EURUSD,M5: modify #77114531 sell 1.00 EURUSD at 1.16912 sl: 1.16859 tp: 0.00000 ok
2	21:05:31.194	MyEA EURUSD,M5: modify #77114531 sell 1.00 EURUSD at 1.16912 sl: 1.16849 tp: 0.00000 ok
2	21:05:33.728	MyEA EURUSD,M5: modify #77114531 sell 1.00 EURUSD at 1.16912 sl: 1.16844 tp: 0.00000 ok
2	21:05:34.092	MyEA EURUSD,M5: modify #77114531 sell 1.00 EURUSD at 1.16912 sl: 1.16843 tp: 0.00000 ok
2	21:05:35.041	MyEA EURUSD,M5: modify #77114531 sell 1.00 EURUSD at 1.16912 sl: 1.16841 tp: 0.00000 ok
2	21:05:35.870	MyEA EURUSD,M5: modify #77114531 sell 1.00 EURUSD at 1.16912 sl: 1.16837 tp: 0.00000 ok
2	21:05:36.226	MyEA EURUSD,M5: modify #77114531 sell 1.00 EURUSD at 1.16912 sl: 1.16836 tp: 0.00000 ok
2	21:05:36.589	MyEA EURUSD,M5: modify #77114531 sell 1.00 EURUSD at 1.16912 sl: 1.16834 tp: 0.00000 ok
2	21:05:36.960	MyEA EURUSD,M5: modify #77114531 sell 1.00 EURUSD at 1.16912 sl: 1.16826 tp: 0.00000 ok
2	21:05:37.800	MyEA EURUSD,M5: modify #77114531 sell 1.00 EURUSD at 1.16912 sl: 1.16821 tp: 0.00000 ok
2	21:05:38.145	MyEA EURUSD,M5: modify #77114531 sell 1.00 EURUSD at 1.16912 sl: 1.16819 tp: 0.00000 ok
2	21:05:38.783	MyEA EURUSD,M5: modify #77114531 sell 1.00 EURUSD at 1.16912 sl: 1.16817 tp: 0.00000 ok
2	21:17:58.743	MyEA EURUSD,M5: modify #77114531 sell 1.00 EURUSD at 1.16912 sl: 1.16814 tp: 0.00000 ok
2	21:17:59.409	MyEA EURUSD,M5: modify #77114531 sell 1.00 EURUSD at 1.16912 sl: 1.16813 tp: 0.00000 ok
2	21:17:59.720	MyEA EURUSD,M5: modify #77114531 sell 1.00 EURUSD at 1.16912 sl: 1.16811 tp: 0.00000 ok
2	21:23:45.593	MyEA EURUSD,M5: modify #77114531 sell 1.00 EURUSD at 1.16912 sl: 1.16809 tp: 0.00000 ok
2	21:23:45.911	MyEA EURUSD,M5: modify #77114531 sell 1.00 EURUSD at 1.16912 sl: 1.16807 tp: 0.00000 ok
2	21:23:46.737	MyEA EURUSD,M5: modify #77114531 sell 1.00 EURUSD at 1.16912 sl: 1.16806 tp: 0.00000 ok
2	21:23:47.048	MyEA EURUSD,M5: modify #77114531 sell 1.00 EURUSD at 1.16912 sl: 1.16805 tp: 0.00000 ok
2	21:23:47.365	MyEA EURUSD,M5: modify #77114531 sell 1.00 EURUSD at 1.16912 sl: 1.16803 tp: 0.00000 ok
2	21:23:47.667	MyEA EURUSD,M5: modify #77114531 sell 1.00 EURUSD at 1.16912 sl: 1.16801 tp: 0.00000 ok
2	21:23:47.980	MyEA EURUSD,M5: modify #77114531 sell 1.00 EURUSD at 1.16912 sl: 1.16799 tp: 0.00000 ok
2	21:23:48.297	MyEA EURUSD,M5: modify #77114531 sell 1.00 EURUSD at 1.16912 sl: 1.16798 tp: 0.00000 ok
2	21:23:48.610	MyEA EURUSD,M5: modify #77114531 sell 1.00 EURUSD at 1.16912 sl: 1.16795 tp: 0.00000 ok
2	21:23:48.924	MyEA EURUSD,M5: modify #77114531 sell 1.00 EURUSD at 1.16912 sl: 1.16790 tp: 0.00000 ok
2	21:23:49.777	MyEA EURUSD,M5: modify #77114531 sell 1.00 EURUSD at 1.16912 sl: 1.16789 tp: 0.00000 ok
2	21:23:50.089	MyEA EURUSD,M5: modify #77114531 sell 1.00 EURUSD at 1.16912 sl: 1.16788 tp: 0.00000 ok
2	21:23:50.512	MyEA EURUSD,M5: modify #77114531 sell 1.00 EURUSD at 1.16912 sl: 1.16787 tp: 0.00000 ok
2	21:23:50.824	MyEA EURUSD,M5: modify #77114531 sell 1.00 EURUSD at 1.16912 sl: 1.16786 tp: 0.00000 ok
2	21:23:51.155	MyEA EURUSD,M5: modify #77114531 sell 1.00 EURUSD at 1.16912 sl: 1.16782 tp: 0.00000 ok
2	21:23:51.668	MyEA EURUSD,M5: modify #77114531 sell 1.00 EURUSD at 1.16912 sl: 1.16781 tp: 0.00000 ok
2	21:23:51.979	MyEA EURUSD,M5: modify #77114531 sell 1.00 EURUSD at 1.16912 sl: 1.16777 tp: 0.00000 ok
2	21:31:21.317	MyEA EURUSD,M5: modify #77114531 sell 1.00 EURUSD at 1.16912 sl: 1.16775 tp: 0.00000 ok
2	21:31:21.771	MyEA EURUSD,M5: modify #77114531 sell 1.00 EURUSD at 1.16912 sl: 1.16774 tp: 0.00000 ok
2	21:31:22.099	MyEA EURUSD,M5: modify #77114531 sell 1.00 EURUSD at 1.16912 sl: 1.16771 tp: 0.00000 ok
2	21:31:22.383	MyEA EURUSD,M5: modify #77114531 sell 1.00 EURUSD at 1.16912 sl: 1.16767 tp: 0.00000 ok
2	21:31:22.658	MyEA EURUSD,M5: modify #77114531 sell 1.00 EURUSD at 1.16912 sl: 1.16762 tp: 0.00000 ok
2	21:31:23.362	MyEA EURUSD,M5: modify #77114531 sell 1.00 EURUSD at 1.16912 sl: 1.16761 tp: 0.00000 ok
2	21:31:23.645	MyEA EURUSD,M5: modify #77114531 sell 1.00 EURUSD at 1.16912 sl: 1.16759 tp: 0.00000 ok
2	21:31:23.939	MyEA EURUSD,M5: modify #77114531 sell 1.00 EURUSD at 1.16912 sl: 1.16758 tp: 0.00000 ok
2	21:31:24.220	MyEA EURUSD,M5: modify #77114531 sell 1.00 EURUSD at 1.16912 sl: 1.16754 tp: 0.00000 ok
2	21:31:24.502	MyEA EURUSD,M5: modify #77114531 sell 1.00 EURUSD at 1.16912 sl: 1.16749 tp: 0.00000 ok
2	21:31:31.585	MyEA EURUSD,M5: modify #77114531 sell 1.00 EURUSD at 1.16912 sl: 1.16748 tp: 0.00000 ok
2	21:31:31.865	MyEA EURUSD,M5: modify #77114531 sell 1.00 EURUSD at 1.16912 sl: 1.16746 tp: 0.00000 ok
2	21:31:32.162	MyEA EURUSD,M5: modify #77114531 sell 1.00 EURUSD at 1.16912 sl: 1.16744 tp: 0.00000 ok
2	21:31:32.441	MyEA EURUSD,M5: modify #77114531 sell 1.00 EURUSD at 1.16912 sl: 1.16733 tp: 0.00000 ok
2	21:31:32.725	MyEA EURUSD,M5: modify #77114531 sell 1.00 EURUSD at 1.16912 sl: 1.16728 tp: 0.00000 ok
2	21:31:33.004	MyEA EURUSD,M5: modify #77114531 sell 1.00 EURUSD at 1.16912 sl: 1.16725 tp: 0.00000 ok
2	21:31:33.282	MyEA EURUSD,M5: modify #77114531 sell 1.00 EURUSD at 1.16912 sl: 1.16721 tp: 0.00000 ok
2	21:31:33.550	MyEA EURUSD,M5: modify #77114531 sell 1.00 EURUSD at 1.16912 sl: 1.16709 tp: 0.00000 ok
2	21:31:33.860	MyEA EURUSD,M5: modify #77114531 sell 1.00 EURUSD at 1.16912 sl: 1.16706 tp: 0.00000 ok
2	21:31:34.141	MyEA EURUSD,M5: modify #77114531 sell 1.00 EURUSD at 1.16912 sl: 1.16705 tp: 0.00000 ok
2	21:31:40.876	MyEA EURUSD,M5: modify #77114531 sell 1.00 EURUSD at 1.16912 sl: 1.16700 tp: 0.00000 ok
2	21:31:41.181	MyEA EURUSD,M5: modify #77114531 sell 1.00 EURUSD at 1.16912 sl: 1.16674 tp: 0.00000 ok
2	21:31:41.516	MyEA EURUSD,M5: modify #77114531 sell 1.00 EURUSD at 1.16912 sl: 1.16672 tp: 0.00000 ok
2	21:31:41.831	MyEA EURUSD,M5: modify #77114531 sell 1.00 EURUSD at 1.16912 sl: 1.16671 tp: 0.00000 ok
2	21:31:42.142	MyEA EURUSD,M5: modify #77114531 sell 1.00 EURUSD at 1.16912 sl: 1.16670 tp: 0.00000 ok
2	21:31:42.446	MyEA EURUSD,M5: modify #77114531 sell 1.00 EURUSD at 1.16912 sl: 1.16666 tp: 0.00000 ok
2	21:31:43.427	MyEA EURUSD,M5: modify #77114531 sell 1.00 EURUSD at 1.16912 sl: 1.16664 tp: 0.00000 ok
2	21:31:43.746	MyEA EURUSD,M5: modify #77114531 sell 1.00 EURUSD at 1.16912 sl: 1.16659 tp: 0.00000 ok
2	21:32:15.945	MyEA EURUSD,M5: modify #77114531 sell 1.00 EURUSD at 1.16912 sl: 1.16658 tp: 0.00000 ok
2	21:32:16.301	MyEA EURUSD,M5: modify #77114531 sell 1.00 EURUSD at 1.16912 sl: 1.16655 tp: 0.00000 ok
2	21:32:36.008	MyEA EURUSD,M5: modify #77114531 sell 1.00 EURUSD at 1.16912 sl: 1.16654 tp: 0.00000 ok
2	21:32:36.375	MyEA EURUSD,M5: modify #77114531 sell 1.00 EURUSD at 1.16912 sl: 1.16652 tp: 0.00000 ok
2	21:32:36.718	MyEA EURUSD,M5: modify #77114531 sell 1.00 EURUSD at 1.16912 sl: 1.16650 tp: 0.00000 ok
2	21:32:37.778	MyEA EURUSD,M5: modify #77114531 sell 1.00 EURUSD at 1.16912 sl: 1.16649 tp: 0.00000 ok
2	21:35:01.432	MyEA EURUSD,M5: modify #77114531 sell 1.00 EURUSD at 1.16912 sl: 1.16648 tp: 0.00000 ok
2	22:05:02.169	MyEA EURUSD,M5: open #77132070 buy 1.00 EURUSD at 1.16600 sl: 1.16400 ok
