2	01:30:02.320	MyEA EURUSD,M15: open #85950720 buy 1.00 EURUSD at 1.14246 sl: 1.14046 tp: 1.14546 ok
2	02:00:02.259	MyEA EURUSD,M15: close #85950720 buy 1.00 EURUSD at 1.14246 sl: 1.14046 tp: 1.14546 at price 1.14102
2	15:30:02.672	MyEA EURUSD,M15: open #85958106 buy 1.00 EURUSD at 1.14346 sl: 1.14146 tp: 1.14646 ok
2	16:57:29.194	MyEA EURUSD,M15: close #85958106 buy 1.00 EURUSD at 1.14346 sl: 1.14146 tp: 1.14646 at price 1.14316
2	19:15:04.446	MyEA EURUSD,M15: open #85961286 buy 1.00 EURUSD at 1.14510 sl: 1.14310 tp: 1.14810 ok
2	19:45:22.113	MyEA EURUSD,M15: close #85961286 buy 1.00 EURUSD at 1.14510 sl: 1.14310 tp: 1.14810 at price 1.14444
3	20:33:30.443	MaVariance EURUSD,M15: indicator is too slow, 2496 ms. rewrite the indicator, please
0	20:37:49.416	ZigZag EURUSD,M15: uninit reason 3
0	20:37:49.416	myMAColor EURUSD,M15: uninit reason 3
0	20:37:49.418	MaVariance EURUSD,M15: uninit reason 3
0	20:37:49.577	ZigZag EURUSD,M5: initialized
0	20:37:49.581	myMAColor EURUSD,M5: initialized
0	20:37:49.595	MaVariance EURUSD,M5: initialized
0	20:40:10.937	ZigZag EURUSD,M5: uninit reason 3
0	20:40:10.937	myMAColor EURUSD,M5: uninit reason 3
0	20:40:10.939	MaVariance EURUSD,M5: uninit reason 3
0	20:40:10.947	ZigZag EURUSD,M15: initialized
0	20:40:10.951	myMAColor EURUSD,M15: initialized
0	20:40:10.966	MaVariance EURUSD,M15: initialized
3	20:53:48.696	MaVariance EURUSD,M15: indicator is too slow, 2340 ms. rewrite the indicator, please
2	21:00:03.016	MyEA EURUSD,M15: open #85963744 sell 1.00 EURUSD at 1.14167 sl: 1.14367 tp: 1.13867 ok
2	21:21:45.829	MyEA EURUSD,M15: modify #85963744 sell 1.00 EURUSD at 1.14167 sl: 1.14157 tp: 1.13867 ok
2	21:52:24.759	MyEA EURUSD,M15: open #85964521 sell 1.00 EURUSD at 1.14141 sl: 1.14341 tp: 1.13841 ok
2	22:15:04.484	MyEA EURUSD,M15: close #85964521 sell 1.00 EURUSD at 1.14141 sl: 1.14341 tp: 1.13841 at price 1.14254
2	23:45:02.934	MyEA EURUSD,M15: open #85966142 sell 1.00 EURUSD at 1.13928 sl: 1.14128 tp: 1.13628 ok
2	23:54:33.613	MyEA EURUSD,M15: modify #85966142 sell 1.00 EURUSD at 1.13928 sl: 1.13918 tp: 1.13628 ok
