0	06:25:45.345	MyEA EURUSD,M5: uninit reason 3
0	06:25:45.349	myMA EURUSD,M5: uninit reason 3
0	06:25:45.349	myMACD EURUSD,M5: uninit reason 3
0	06:25:45.349	myMA EURUSD,M15: initialized
0	06:25:45.349	myMACD EURUSD,M15: initialized
0	06:25:45.373	MyEA EURUSD,M15: initialized
0	06:26:16.563	MyEA EURUSD,M15: uninit reason 3
0	06:26:16.564	myMA EURUSD,M15: uninit reason 3
0	06:26:16.564	myMACD EURUSD,M15: uninit reason 3
0	06:26:16.564	myMA EURUSD,M5: initialized
0	06:26:16.564	myMACD EURUSD,M5: initialized
0	06:26:16.580	MyEA EURUSD,M5: initialized
0	06:26:58.781	MyEA EURUSD,M5: uninit reason 3
0	06:26:58.782	myMA EURUSD,M5: uninit reason 3
0	06:26:58.782	myMACD EURUSD,M5: uninit reason 3
0	06:26:58.782	myMA EURUSD,M15: initialized
0	06:26:58.782	myMACD EURUSD,M15: initialized
0	06:26:58.800	MyEA EURUSD,M15: initialized
0	06:27:14.507	MyEA EURUSD,M15: uninit reason 3
0	06:27:14.508	myMA EURUSD,M15: uninit reason 3
0	06:27:14.508	myMACD EURUSD,M15: uninit reason 3
0	06:27:14.513	myMA EURUSD,M1: initialized
0	06:27:14.513	myMACD EURUSD,M1: initialized
0	06:27:14.703	MyEA EURUSD,M1: initialized
0	06:27:50.449	MyEA EURUSD,M1: uninit reason 3
0	06:27:50.450	myMA EURUSD,M1: uninit reason 3
0	06:27:50.450	myMACD EURUSD,M1: uninit reason 3
0	06:27:50.451	myMA EURUSD,M5: initialized
0	06:27:50.455	myMACD EURUSD,M5: initialized
0	06:27:50.490	MyEA EURUSD,M5: initialized
0	06:30:48.548	Automated trading disabled
0	06:30:50.881	MyEA EURUSD,M15: uninit reason 9
0	06:30:50.883	myMA EURUSD,M15: uninit reason 9
0	06:30:50.883	MyEA EURUSD,M5: uninit reason 9
0	06:30:50.887	myMA EURUSD,M5: uninit reason 9
0	06:30:50.887	myMACD EURUSD,M5: uninit reason 9
0	06:30:50.924	Expert MyEA EURUSD,M15: removed
0	06:30:50.926	Custom indicator myMA EURUSD,M15: removed
0	06:30:50.937	Expert MyEA EURUSD,M5: removed
0	06:30:50.940	Custom indicator myMA EURUSD,M5: removed
0	06:30:50.942	Custom indicator myMACD EURUSD,M5: removed
0	07:02:00.195	Compiling 'utils'
0	07:02:04.323	Custom indicator my\myMA EURUSD,M15: loaded successfully
0	07:02:04.334	Expert MyEA EURUSD,M15: loaded successfully
0	07:02:04.334	MyEA EURUSD,M15 inputs: FastEMA=12; SlowEMA=26; SignalSMA=9; orderMagic=6666666; moveStopLost=200; startMoveStopLost=150; orderStopLost=300; orderTakeProfit=0; startSaveProfit=150; MA1=7; MA2=17; MA3=34; 
0	07:02:04.344	myMA EURUSD,M15: initialized
0	07:02:04.389	Custom indicator my\myMA EURUSD,M5: loaded successfully
0	07:02:04.400	Custom indicator myMACD EURUSD,M5: loaded successfully
0	07:02:04.412	Expert MyEA EURUSD,M5: loaded successfully
0	07:02:04.412	MyEA EURUSD,M5 inputs: FastEMA=12; SlowEMA=26; SignalSMA=9; orderMagic=123456; moveStopLost=200; startMoveStopLost=100; orderStopLost=200; orderTakeProfit=0; startSaveProfit=100; MA1=7; MA2=17; MA3=34; 
0	07:02:04.424	myMA EURUSD,M5: initialized
0	07:02:04.435	myMACD EURUSD,M5: initialized
0	07:02:08.782	MyEA EURUSD,M5: initialized
0	07:02:08.788	MyEA EURUSD,M15: initialized
0	07:03:05.461	MyEA EURUSD,M5: uninit reason 3
0	07:03:05.462	myMA EURUSD,M5: uninit reason 3
0	07:03:05.462	myMACD EURUSD,M5: uninit reason 3
0	07:03:05.462	myMA EURUSD,M1: initialized
0	07:03:05.463	myMACD EURUSD,M1: initialized
0	07:03:05.514	MyEA EURUSD,M1: initialized
0	07:06:35.191	MyEA EURUSD,M1: uninit reason 3
0	07:06:35.192	myMA EURUSD,M1: uninit reason 3
0	07:06:35.192	myMACD EURUSD,M1: uninit reason 3
0	07:06:35.192	myMA EURUSD,M15: initialized
0	07:06:35.193	myMACD EURUSD,M15: initialized
0	07:06:35.253	MyEA EURUSD,M15: initialized
0	07:06:36.152	MyEA EURUSD,M15: uninit reason 3
0	07:06:36.154	myMA EURUSD,M15: uninit reason 3
0	07:06:36.154	myMACD EURUSD,M15: uninit reason 3
0	07:06:36.154	myMA EURUSD,M5: initialized
0	07:06:36.155	myMACD EURUSD,M5: initialized
0	07:06:36.223	MyEA EURUSD,M5: initialized
0	07:06:41.080	Automated trading enabled
2	16:15:04.984	MyEA EURUSD,M15: open #79890252 sell 1.00 EURUSD at 1.16181 sl: 1.16481 ok
2	18:20:04.663	MyEA EURUSD,M5: open #79907905 buy 1.00 EURUSD at 1.16227 sl: 1.16027 ok
2	19:44:52.864	MyEA EURUSD,M5: modify #79907905 buy 1.00 EURUSD at 1.16227 sl: 1.16237 tp: 0.00000 ok
2	20:20:04.865	MyEA EURUSD,M5: open #79930233 sell 1.00 EURUSD at 1.16177 sl: 1.16377 ok
0	21:15:19.777	myMA EURUSD,M15: uninit reason 7
0	21:15:19.777	MyEA EURUSD,M15: uninit reason 7
0	21:15:19.783	Expert MyEA EURUSD,M15: removed
0	21:15:19.788	Custom indicator myMA EURUSD,M15: removed
0	21:15:19.819	Custom indicator my\myMA EURUSD,M15: loaded successfully
0	21:15:19.845	Custom indicator myMACD EURUSD,M15: loaded successfully
0	21:15:19.870	Expert MyEA EURUSD,M15: loaded successfully
0	21:15:19.870	MyEA EURUSD,M15 inputs: FastEMA=12; SlowEMA=26; SignalSMA=9; orderMagic=123456; moveStopLost=200; startMoveStopLost=100; orderStopLost=200; orderTakeProfit=0; startSaveProfit=100; MA1=7; MA2=17; MA3=34; 
0	21:15:19.886	myMA EURUSD,M15: initialized
0	21:15:19.903	myMACD EURUSD,M15: initialized
0	21:15:19.973	MyEA EURUSD,M15: initialized
