0	15:10:03.711	MyEA EURUSD,M5: Alert: À¿≤Ê
0	16:10:04.043	MyEA EURUSD,M5: Alert: À¿≤Ê
0	17:25:05.023	MyEA EURUSD,M5: Alert: Ω≤Ê
0	20:15:03.828	MyEA EURUSD,M5: Alert: À¿≤Ê
0	21:41:59.219	myMACD EURUSD,M1: uninit reason 1
0	21:41:59.222	Custom indicator myMACD EURUSD,M1: removed
0	21:42:03.677	myMA EURUSD,M1: uninit reason 3
0	21:42:03.678	ZigZag EURUSD,M1: uninit reason 3
0	21:42:03.683	myMA EURUSD,M5: initialized
0	21:42:03.687	ZigZag EURUSD,M5: initialized
0	21:59:25.335	Custom indicator my\myMAColor EURUSD,M15: loaded successfully
0	21:59:29.972	myMAColor EURUSD,M15: initialized
0	22:00:08.320	myMAColor EURUSD,M15: uninit reason 7
0	22:00:08.330	Custom indicator myMAColor EURUSD,M15: removed
0	22:00:08.407	Custom indicator my\myMA EURUSD,M15: loaded successfully
0	22:00:08.466	Custom indicator myMACD EURUSD,M15: loaded successfully
0	22:00:08.527	Expert MyEA EURUSD,M15: loaded successfully
0	22:00:08.527	MyEA EURUSD,M15 inputs: FastEMA=12; SlowEMA=26; SignalSMA=9; orderMagic=123456; moveStopLost=200; startMoveStopLost=100; orderStopLost=200; orderTakeProfit=0; startSaveProfit=100; MA1=7; MA2=17; MA3=34; 
0	22:00:08.580	myMA EURUSD,M15: initialized
0	22:00:08.630	myMACD EURUSD,M15: initialized
0	22:00:09.743	MyEA EURUSD,M15: initialized
0	22:00:13.513	myMACD EURUSD,M15: uninit reason 1
0	22:00:13.519	Custom indicator myMACD EURUSD,M15: removed
0	22:00:32.187	myMA EURUSD,M15: uninit reason 1
0	22:00:32.190	Custom indicator myMA EURUSD,M15: removed
0	22:00:53.829	Custom indicator my\myMAColor EURUSD,M15: loaded successfully
0	22:00:55.706	myMAColor EURUSD,M15: initialized
0	22:28:52.040	myMAColor EURUSD,M15: uninit reason 2
0	22:28:52.042	Custom indicator myMAColor EURUSD,M15: removed
0	22:28:52.059	Custom indicator my\myMAColor EURUSD,M15: loaded successfully
0	22:28:52.070	myMAColor EURUSD,M15: initialized
0	22:29:20.016	myMAColor EURUSD,M15: uninit reason 1
0	22:29:20.018	Custom indicator myMAColor EURUSD,M15: removed
0	22:29:28.018	Custom indicator my\myMAColor EURUSD,M15: loaded successfully
0	22:29:30.316	myMAColor EURUSD,M15: initialized
0	22:31:45.097	Custom indicator myMACD EURUSD,M15: loaded successfully
0	22:31:51.436	myMACD EURUSD,M15: initialized
0	22:37:16.685	myMAColor EURUSD,M15: uninit reason 2
0	22:37:16.687	Custom indicator myMAColor EURUSD,M15: removed
0	22:37:16.717	Custom indicator my\myMAColor EURUSD,M15: loaded successfully
0	22:37:16.728	myMAColor EURUSD,M15: initialized
0	22:37:56.313	myMAColor EURUSD,M15: uninit reason 2
0	22:37:56.316	Custom indicator myMAColor EURUSD,M15: removed
0	22:37:56.329	Custom indicator my\myMAColor EURUSD,M15: loaded successfully
0	22:37:56.339	myMAColor EURUSD,M15: initialized
0	22:38:02.550	myMAColor EURUSD,M15: uninit reason 2
0	22:38:02.552	Custom indicator myMAColor EURUSD,M15: removed
0	22:38:02.564	Custom indicator my\myMAColor EURUSD,M15: loaded successfully
0	22:38:02.575	myMAColor EURUSD,M15: initialized
0	22:38:22.890	Custom indicator myMACD EURUSD,M15: loaded successfully
0	22:38:24.808	Custom indicator myMACD EURUSD,M15: removed
0	22:38:32.577	Custom indicator my\myMA EURUSD,M15: loaded successfully
0	22:38:34.138	myMA EURUSD,M15: initialized
0	22:38:46.672	myMA EURUSD,M15: uninit reason 1
0	22:38:46.674	Custom indicator myMA EURUSD,M15: removed
0	22:38:52.906	myMAColor EURUSD,M15: uninit reason 2
0	22:38:52.908	Custom indicator myMAColor EURUSD,M15: removed
0	22:38:52.921	Custom indicator my\myMAColor EURUSD,M15: loaded successfully
0	22:38:52.930	myMAColor EURUSD,M15: initialized
0	22:38:53.324	Custom indicator my\myMAColor EURUSD,H1: loaded successfully
0	22:38:56.099	myMAColor EURUSD,H1: initialized
0	22:39:28.533	myMAColor EURUSD,H1: uninit reason 9
0	22:39:28.537	Custom indicator myMAColor EURUSD,H1: removed
0	22:41:47.422	myMAColor EURUSD,M15: uninit reason 2
0	22:41:47.425	Custom indicator myMAColor EURUSD,M15: removed
0	22:41:47.443	Custom indicator my\myMAColor EURUSD,M15: loaded successfully
0	22:41:47.462	myMAColor EURUSD,M15: initialized
0	22:44:41.458	myMAColor EURUSD,M15: uninit reason 2
0	22:44:41.463	Custom indicator myMAColor EURUSD,M15: removed
0	22:44:41.491	Custom indicator my\myMAColor EURUSD,M15: loaded successfully
0	22:44:41.514	myMAColor EURUSD,M15: initialized
0	22:44:52.026	myMAColor EURUSD,M15: uninit reason 2
0	22:44:52.030	Custom indicator myMAColor EURUSD,M15: removed
0	22:44:52.059	Custom indicator my\myMAColor EURUSD,M15: loaded successfully
0	22:44:52.088	myMAColor EURUSD,M15: initialized
0	22:45:51.423	myMAColor EURUSD,M15: uninit reason 2
0	22:45:51.427	Custom indicator myMAColor EURUSD,M15: removed
0	22:45:51.453	Custom indicator my\myMAColor EURUSD,M15: loaded successfully
0	22:45:51.475	myMAColor EURUSD,M15: initialized
