2	02:08:07.856	MyEA EURUSD,M5: modify #77132070 buy 1.00 EURUSD at 1.16600 sl: 1.16610 tp: 0.00000 ok
0	05:49:00.855	myMA EURUSD,M5: uninit reason 7
0	05:49:00.859	myMACD EURUSD,M5: uninit reason 7
0	05:49:00.860	MyEA EURUSD,M5: uninit reason 7
0	05:49:00.870	Expert MyEA EURUSD,M5: removed
0	05:49:00.873	Custom indicator myMA EURUSD,M5: removed
0	05:49:00.876	Custom indicator myMACD EURUSD,M5: removed
0	05:49:00.908	Custom indicator my\myMA EURUSD,M5: loaded successfully
0	05:49:00.934	Custom indicator myMACD EURUSD,M5: loaded successfully
0	05:49:00.957	Expert MyEA EURUSD,M5: loaded successfully
0	05:49:00.957	MyEA EURUSD,M5 inputs: FastEMA=12; SlowEMA=26; SignalSMA=9; orderMagic=123456; moveStopLost=200; startMoveStopLost=100; orderStopLost=200; orderTakeProfit=0; startSaveProfit=100; 
0	05:49:00.978	myMA EURUSD,M5: initialized
0	05:49:01.000	myMACD EURUSD,M5: initialized
0	05:49:01.078	MyEA EURUSD,M5: initialized
0	05:49:04.709	myMA EURUSD,M5: uninit reason 7
0	05:49:04.709	myMACD EURUSD,M5: uninit reason 7
0	05:49:04.709	MyEA EURUSD,M5: uninit reason 7
0	05:49:04.712	Expert MyEA EURUSD,M5: removed
0	05:49:04.716	Custom indicator myMA EURUSD,M5: removed
0	05:49:04.718	Custom indicator myMACD EURUSD,M5: removed
0	05:49:04.744	Custom indicator my\myMA EURUSD,M5: loaded successfully
0	05:49:04.769	Custom indicator myMACD EURUSD,M5: loaded successfully
0	05:49:04.793	Expert MyEA EURUSD,M5: loaded successfully
0	05:49:04.793	MyEA EURUSD,M5 inputs: FastEMA=12; SlowEMA=26; SignalSMA=9; orderMagic=123456; moveStopLost=200; startMoveStopLost=100; orderStopLost=200; orderTakeProfit=0; startSaveProfit=100; 
0	05:49:04.813	myMA EURUSD,M5: initialized
0	05:49:04.837	myMACD EURUSD,M5: initialized
0	05:49:04.918	MyEA EURUSD,M5: initialized
0	05:49:07.996	myMA EURUSD,M5: uninit reason 7
0	05:49:07.996	myMACD EURUSD,M5: uninit reason 7
0	05:49:07.996	MyEA EURUSD,M5: uninit reason 7
0	05:49:08.000	Expert MyEA EURUSD,M5: removed
0	05:49:08.003	Custom indicator myMA EURUSD,M5: removed
0	05:49:08.005	Custom indicator myMACD EURUSD,M5: removed
0	05:49:08.031	Custom indicator my\myMA EURUSD,M5: loaded successfully
0	05:49:08.058	Custom indicator myMACD EURUSD,M5: loaded successfully
0	05:49:08.082	Expert MyEA EURUSD,M5: loaded successfully
0	05:49:08.082	MyEA EURUSD,M5 inputs: FastEMA=12; SlowEMA=26; SignalSMA=9; orderMagic=123456; moveStopLost=200; startMoveStopLost=100; orderStopLost=200; orderTakeProfit=0; startSaveProfit=100; 
0	05:49:08.103	myMA EURUSD,M5: initialized
0	05:49:08.127	myMACD EURUSD,M5: initialized
0	05:49:08.203	MyEA EURUSD,M5: initialized
2	15:50:03.003	MyEA EURUSD,M5: open #77220155 sell 1.00 EURUSD at 1.16801 sl: 1.17001 ok
2	16:54:35.770	MyEA EURUSD,M5: modify #77220155 sell 1.00 EURUSD at 1.16801 sl: 1.16791 tp: 0.00000 ok
2	17:45:02.458	MyEA EURUSD,M5: open #77233761 buy 1.00 EURUSD at 1.16699 sl: 1.16499 ok
2	18:13:49.373	MyEA EURUSD,M5: modify #77220155 sell 1.00 EURUSD at 1.16801 sl: 1.16788 tp: 0.00000 ok
2	18:13:49.659	MyEA EURUSD,M5: modify #77220155 sell 1.00 EURUSD at 1.16801 sl: 1.16787 tp: 0.00000 ok
2	18:13:50.852	MyEA EURUSD,M5: modify #77220155 sell 1.00 EURUSD at 1.16801 sl: 1.16786 tp: 0.00000 ok
2	18:13:51.498	MyEA EURUSD,M5: modify #77220155 sell 1.00 EURUSD at 1.16801 sl: 1.16785 tp: 0.00000 ok
2	18:13:53.110	MyEA EURUSD,M5: modify #77220155 sell 1.00 EURUSD at 1.16801 sl: 1.16783 tp: 0.00000 ok
2	18:13:53.399	MyEA EURUSD,M5: modify #77220155 sell 1.00 EURUSD at 1.16801 sl: 1.16778 tp: 0.00000 ok
2	18:13:55.378	MyEA EURUSD,M5: modify #77220155 sell 1.00 EURUSD at 1.16801 sl: 1.16774 tp: 0.00000 ok
2	18:13:55.726	MyEA EURUSD,M5: modify #77220155 sell 1.00 EURUSD at 1.16801 sl: 1.16773 tp: 0.00000 ok
2	18:13:57.502	MyEA EURUSD,M5: modify #77220155 sell 1.00 EURUSD at 1.16801 sl: 1.16770 tp: 0.00000 ok
2	18:13:57.780	MyEA EURUSD,M5: modify #77220155 sell 1.00 EURUSD at 1.16801 sl: 1.16768 tp: 0.00000 ok
2	18:13:58.513	MyEA EURUSD,M5: modify #77220155 sell 1.00 EURUSD at 1.16801 sl: 1.16766 tp: 0.00000 ok
2	18:49:11.444	MyEA EURUSD,M5: modify #77220155 sell 1.00 EURUSD at 1.16801 sl: 1.16765 tp: 0.00000 ok
2	18:49:12.469	MyEA EURUSD,M5: modify #77220155 sell 1.00 EURUSD at 1.16801 sl: 1.16764 tp: 0.00000 ok
2	18:49:15.257	MyEA EURUSD,M5: modify #77220155 sell 1.00 EURUSD at 1.16801 sl: 1.16763 tp: 0.00000 ok
2	18:49:26.115	MyEA EURUSD,M5: modify #77220155 sell 1.00 EURUSD at 1.16801 sl: 1.16762 tp: 0.00000 ok
2	18:49:45.408	MyEA EURUSD,M5: modify #77220155 sell 1.00 EURUSD at 1.16801 sl: 1.16761 tp: 0.00000 ok
2	18:50:48.983	MyEA EURUSD,M5: modify #77220155 sell 1.00 EURUSD at 1.16801 sl: 1.16760 tp: 0.00000 ok
2	19:16:43.400	MyEA EURUSD,M5: modify #77220155 sell 1.00 EURUSD at 1.16801 sl: 1.16759 tp: 0.00000 ok
2	19:16:43.806	MyEA EURUSD,M5: modify #77220155 sell 1.00 EURUSD at 1.16801 sl: 1.16758 tp: 0.00000 ok
2	19:16:47.087	MyEA EURUSD,M5: modify #77220155 sell 1.00 EURUSD at 1.16801 sl: 1.16757 tp: 0.00000 ok
2	19:16:47.581	MyEA EURUSD,M5: modify #77220155 sell 1.00 EURUSD at 1.16801 sl: 1.16756 tp: 0.00000 ok
2	19:16:47.892	MyEA EURUSD,M5: modify #77220155 sell 1.00 EURUSD at 1.16801 sl: 1.16751 tp: 0.00000 ok
2	19:16:48.221	MyEA EURUSD,M5: modify #77220155 sell 1.00 EURUSD at 1.16801 sl: 1.16750 tp: 0.00000 ok
2	19:16:49.232	MyEA EURUSD,M5: modify #77220155 sell 1.00 EURUSD at 1.16801 sl: 1.16749 tp: 0.00000 ok
2	19:16:52.573	MyEA EURUSD,M5: modify #77220155 sell 1.00 EURUSD at 1.16801 sl: 1.16747 tp: 0.00000 ok
2	19:16:52.889	MyEA EURUSD,M5: modify #77220155 sell 1.00 EURUSD at 1.16801 sl: 1.16740 tp: 0.00000 ok
2	19:16:53.732	MyEA EURUSD,M5: modify #77220155 sell 1.00 EURUSD at 1.16801 sl: 1.16739 tp: 0.00000 ok
2	19:16:55.926	MyEA EURUSD,M5: modify #77220155 sell 1.00 EURUSD at 1.16801 sl: 1.16737 tp: 0.00000 ok
2	19:16:56.737	MyEA EURUSD,M5: modify #77220155 sell 1.00 EURUSD at 1.16801 sl: 1.16736 tp: 0.00000 ok
2	19:16:57.067	MyEA EURUSD,M5: modify #77220155 sell 1.00 EURUSD at 1.16801 sl: 1.16735 tp: 0.00000 ok
2	19:16:57.925	MyEA EURUSD,M5: modify #77220155 sell 1.00 EURUSD at 1.16801 sl: 1.16734 tp: 0.00000 ok
2	19:17:01.496	MyEA EURUSD,M5: modify #77220155 sell 1.00 EURUSD at 1.16801 sl: 1.16731 tp: 0.00000 ok
2	19:17:01.798	MyEA EURUSD,M5: modify #77220155 sell 1.00 EURUSD at 1.16801 sl: 1.16726 tp: 0.00000 ok
2	19:17:03.929	MyEA EURUSD,M5: modify #77220155 sell 1.00 EURUSD at 1.16801 sl: 1.16722 tp: 0.00000 ok
2	19:17:07.098	MyEA EURUSD,M5: modify #77220155 sell 1.00 EURUSD at 1.16801 sl: 1.16720 tp: 0.00000 ok
2	19:17:07.470	MyEA EURUSD,M5: modify #77220155 sell 1.00 EURUSD at 1.16801 sl: 1.16719 tp: 0.00000 ok
2	19:17:07.866	MyEA EURUSD,M5: modify #77220155 sell 1.00 EURUSD at 1.16801 sl: 1.16716 tp: 0.00000 ok
2	19:17:08.173	MyEA EURUSD,M5: modify #77220155 sell 1.00 EURUSD at 1.16801 sl: 1.16714 tp: 0.00000 ok
2	19:17:08.486	MyEA EURUSD,M5: modify #77220155 sell 1.00 EURUSD at 1.16801 sl: 1.16713 tp: 0.00000 ok
2	19:17:09.843	MyEA EURUSD,M5: modify #77220155 sell 1.00 EURUSD at 1.16801 sl: 1.16712 tp: 0.00000 ok
2	19:17:10.154	MyEA EURUSD,M5: modify #77220155 sell 1.00 EURUSD at 1.16801 sl: 1.16708 tp: 0.00000 ok
2	19:17:30.917	MyEA EURUSD,M5: modify #77220155 sell 1.00 EURUSD at 1.16801 sl: 1.16704 tp: 0.00000 ok
2	19:17:31.228	MyEA EURUSD,M5: modify #77220155 sell 1.00 EURUSD at 1.16801 sl: 1.16694 tp: 0.00000 ok
2	19:17:31.558	MyEA EURUSD,M5: modify #77220155 sell 1.00 EURUSD at 1.16801 sl: 1.16688 tp: 0.00000 ok
2	19:17:31.915	MyEA EURUSD,M5: modify #77220155 sell 1.00 EURUSD at 1.16801 sl: 1.16682 tp: 0.00000 ok
2	19:17:32.356	MyEA EURUSD,M5: modify #77220155 sell 1.00 EURUSD at 1.16801 sl: 1.16681 tp: 0.00000 ok
2	19:17:32.871	MyEA EURUSD,M5: modify #77220155 sell 1.00 EURUSD at 1.16801 sl: 1.16680 tp: 0.00000 ok
2	19:17:33.195	MyEA EURUSD,M5: modify #77220155 sell 1.00 EURUSD at 1.16801 sl: 1.16678 tp: 0.00000 ok
2	19:17:33.881	MyEA EURUSD,M5: modify #77220155 sell 1.00 EURUSD at 1.16801 sl: 1.16677 tp: 0.00000 ok
2	19:17:34.201	MyEA EURUSD,M5: modify #77220155 sell 1.00 EURUSD at 1.16801 sl: 1.16674 tp: 0.00000 ok
2	19:25:47.395	MyEA EURUSD,M5: modify #77220155 sell 1.00 EURUSD at 1.16801 sl: 1.16673 tp: 0.00000 ok
2	19:25:48.139	MyEA EURUSD,M5: modify #77220155 sell 1.00 EURUSD at 1.16801 sl: 1.16672 tp: 0.00000 ok
2	19:25:52.113	MyEA EURUSD,M5: modify #77220155 sell 1.00 EURUSD at 1.16801 sl: 1.16671 tp: 0.00000 ok
2	19:25:52.434	MyEA EURUSD,M5: modify #77220155 sell 1.00 EURUSD at 1.16801 sl: 1.16670 tp: 0.00000 ok
2	19:25:52.726	MyEA EURUSD,M5: modify #77220155 sell 1.00 EURUSD at 1.16801 sl: 1.16669 tp: 0.00000 ok
2	19:25:53.092	MyEA EURUSD,M5: modify #77220155 sell 1.00 EURUSD at 1.16801 sl: 1.16666 tp: 0.00000 ok
2	19:25:54.000	MyEA EURUSD,M5: modify #77220155 sell 1.00 EURUSD at 1.16801 sl: 1.16665 tp: 0.00000 ok
2	19:25:55.254	MyEA EURUSD,M5: modify #77220155 sell 1.00 EURUSD at 1.16801 sl: 1.16664 tp: 0.00000 ok
2	19:27:15.815	MyEA EURUSD,M5: modify #77220155 sell 1.00 EURUSD at 1.16801 sl: 1.16663 tp: 0.00000 ok
2	19:27:16.206	MyEA EURUSD,M5: modify #77220155 sell 1.00 EURUSD at 1.16801 sl: 1.16661 tp: 0.00000 ok
2	19:27:16.535	MyEA EURUSD,M5: modify #77220155 sell 1.00 EURUSD at 1.16801 sl: 1.16660 tp: 0.00000 ok
2	19:27:21.428	MyEA EURUSD,M5: modify #77220155 sell 1.00 EURUSD at 1.16801 sl: 1.16659 tp: 0.00000 ok
2	19:27:26.952	MyEA EURUSD,M5: modify #77220155 sell 1.00 EURUSD at 1.16801 sl: 1.16658 tp: 0.00000 ok
2	19:27:31.600	MyEA EURUSD,M5: modify #77220155 sell 1.00 EURUSD at 1.16801 sl: 1.16656 tp: 0.00000 ok
2	19:27:32.445	MyEA EURUSD,M5: modify #77220155 sell 1.00 EURUSD at 1.16801 sl: 1.16654 tp: 0.00000 ok
2	19:27:32.833	MyEA EURUSD,M5: modify #77220155 sell 1.00 EURUSD at 1.16801 sl: 1.16652 tp: 0.00000 ok
2	19:27:33.239	MyEA EURUSD,M5: modify #77220155 sell 1.00 EURUSD at 1.16801 sl: 1.16648 tp: 0.00000 ok
2	19:27:33.570	MyEA EURUSD,M5: modify #77220155 sell 1.00 EURUSD at 1.16801 sl: 1.16646 tp: 0.00000 ok
2	19:27:36.465	MyEA EURUSD,M5: modify #77220155 sell 1.00 EURUSD at 1.16801 sl: 1.16645 tp: 0.00000 ok
2	19:27:38.357	MyEA EURUSD,M5: modify #77220155 sell 1.00 EURUSD at 1.16801 sl: 1.16644 tp: 0.00000 ok
2	19:27:39.464	MyEA EURUSD,M5: modify #77220155 sell 1.00 EURUSD at 1.16801 sl: 1.16643 tp: 0.00000 ok
2	19:27:42.125	MyEA EURUSD,M5: modify #77220155 sell 1.00 EURUSD at 1.16801 sl: 1.16642 tp: 0.00000 ok
2	19:27:42.583	MyEA EURUSD,M5: modify #77220155 sell 1.00 EURUSD at 1.16801 sl: 1.16641 tp: 0.00000 ok
2	20:05:02.511	MyEA EURUSD,M5: open #77251399 buy 1.00 EURUSD at 1.16510 sl: 1.16310 ok
2	20:39:01.504	MyEA EURUSD,M5: modify #77220155 sell 1.00 EURUSD at 1.16801 sl: 1.16639 tp: 0.00000 ok
2	20:39:09.275	MyEA EURUSD,M5: modify #77220155 sell 1.00 EURUSD at 1.16801 sl: 1.16638 tp: 0.00000 ok
2	20:39:09.567	MyEA EURUSD,M5: modify #77220155 sell 1.00 EURUSD at 1.16801 sl: 1.16636 tp: 0.00000 ok
2	20:39:10.838	MyEA EURUSD,M5: modify #77220155 sell 1.00 EURUSD at 1.16801 sl: 1.16634 tp: 0.00000 ok
2	20:39:11.283	MyEA EURUSD,M5: modify #77220155 sell 1.00 EURUSD at 1.16801 sl: 1.16631 tp: 0.00000 ok
2	20:39:11.581	MyEA EURUSD,M5: modify #77220155 sell 1.00 EURUSD at 1.16801 sl: 1.16615 tp: 0.00000 ok
2	20:39:11.953	MyEA EURUSD,M5: modify #77220155 sell 1.00 EURUSD at 1.16801 sl: 1.16572 tp: 0.00000 ok
2	20:39:12.602	MyEA EURUSD,M5: modify #77220155 sell 1.00 EURUSD at 1.16801 sl: 1.16569 tp: 0.00000 ok
2	20:39:12.959	MyEA EURUSD,M5: modify #77220155 sell 1.00 EURUSD at 1.16801 sl: 1.16568 tp: 0.00000 ok
2	20:40:14.098	MyEA EURUSD,M5: modify #77220155 sell 1.00 EURUSD at 1.16801 sl: 1.16566 tp: 0.00000 ok
2	20:40:16.404	MyEA EURUSD,M5: modify #77220155 sell 1.00 EURUSD at 1.16801 sl: 1.16565 tp: 0.00000 ok
2	20:40:54.825	MyEA EURUSD,M5: modify #77220155 sell 1.00 EURUSD at 1.16801 sl: 1.16564 tp: 0.00000 ok
2	20:40:55.229	MyEA EURUSD,M5: modify #77220155 sell 1.00 EURUSD at 1.16801 sl: 1.16563 tp: 0.00000 ok
2	20:48:36.780	MyEA EURUSD,M5: modify #77220155 sell 1.00 EURUSD at 1.16801 sl: 1.16562 tp: 0.00000 ok
2	20:48:55.764	MyEA EURUSD,M5: modify #77220155 sell 1.00 EURUSD at 1.16801 sl: 1.16561 tp: 0.00000 ok
2	20:50:45.762	MyEA EURUSD,M5: modify #77220155 sell 1.00 EURUSD at 1.16801 sl: 1.16559 tp: 0.00000 ok
2	20:52:07.924	MyEA EURUSD,M5: modify #77220155 sell 1.00 EURUSD at 1.16801 sl: 1.16558 tp: 0.00000 ok
2	20:52:09.642	MyEA EURUSD,M5: modify #77220155 sell 1.00 EURUSD at 1.16801 sl: 1.16557 tp: 0.00000 ok
2	20:52:09.958	MyEA EURUSD,M5: modify #77220155 sell 1.00 EURUSD at 1.16801 sl: 1.16554 tp: 0.00000 ok
2	20:52:11.105	MyEA EURUSD,M5: modify #77220155 sell 1.00 EURUSD at 1.16801 sl: 1.16553 tp: 0.00000 ok
2	20:52:14.689	MyEA EURUSD,M5: modify #77220155 sell 1.00 EURUSD at 1.16801 sl: 1.16552 tp: 0.00000 ok
2	20:52:17.390	MyEA EURUSD,M5: modify #77220155 sell 1.00 EURUSD at 1.16801 sl: 1.16551 tp: 0.00000 ok
2	20:52:18.395	MyEA EURUSD,M5: modify #77220155 sell 1.00 EURUSD at 1.16801 sl: 1.16550 tp: 0.00000 ok
2	20:52:18.784	MyEA EURUSD,M5: modify #77220155 sell 1.00 EURUSD at 1.16801 sl: 1.16548 tp: 0.00000 ok
2	20:52:19.449	MyEA EURUSD,M5: modify #77220155 sell 1.00 EURUSD at 1.16801 sl: 1.16547 tp: 0.00000 ok
2	20:52:19.787	MyEA EURUSD,M5: modify #77220155 sell 1.00 EURUSD at 1.16801 sl: 1.16546 tp: 0.00000 ok
2	20:52:22.556	MyEA EURUSD,M5: modify #77220155 sell 1.00 EURUSD at 1.16801 sl: 1.16545 tp: 0.00000 ok
2	20:52:27.135	MyEA EURUSD,M5: modify #77220155 sell 1.00 EURUSD at 1.16801 sl: 1.16544 tp: 0.00000 ok
2	20:52:27.564	MyEA EURUSD,M5: modify #77220155 sell 1.00 EURUSD at 1.16801 sl: 1.16543 tp: 0.00000 ok
2	20:52:28.385	MyEA EURUSD,M5: modify #77220155 sell 1.00 EURUSD at 1.16801 sl: 1.16542 tp: 0.00000 ok
2	20:52:28.823	MyEA EURUSD,M5: modify #77220155 sell 1.00 EURUSD at 1.16801 sl: 1.16540 tp: 0.00000 ok
2	20:52:30.291	MyEA EURUSD,M5: modify #77220155 sell 1.00 EURUSD at 1.16801 sl: 1.16539 tp: 0.00000 ok
2	20:52:34.298	MyEA EURUSD,M5: modify #77220155 sell 1.00 EURUSD at 1.16801 sl: 1.16538 tp: 0.00000 ok
2	20:52:47.886	MyEA EURUSD,M5: modify #77220155 sell 1.00 EURUSD at 1.16801 sl: 1.16537 tp: 0.00000 ok
2	21:07:46.034	MyEA EURUSD,M5: modify #77220155 sell 1.00 EURUSD at 1.16801 sl: 1.16536 tp: 0.00000 ok
2	21:07:46.765	MyEA EURUSD,M5: modify #77220155 sell 1.00 EURUSD at 1.16801 sl: 1.16535 tp: 0.00000 ok
2	21:07:47.166	MyEA EURUSD,M5: modify #77220155 sell 1.00 EURUSD at 1.16801 sl: 1.16528 tp: 0.00000 ok
2	21:07:48.077	MyEA EURUSD,M5: modify #77220155 sell 1.00 EURUSD at 1.16801 sl: 1.16526 tp: 0.00000 ok
2	21:07:48.517	MyEA EURUSD,M5: modify #77220155 sell 1.00 EURUSD at 1.16801 sl: 1.16525 tp: 0.00000 ok
2	21:07:50.641	MyEA EURUSD,M5: modify #77220155 sell 1.00 EURUSD at 1.16801 sl: 1.16524 tp: 0.00000 ok
2	21:07:51.002	MyEA EURUSD,M5: modify #77220155 sell 1.00 EURUSD at 1.16801 sl: 1.16523 tp: 0.00000 ok
2	21:08:05.511	MyEA EURUSD,M5: modify #77220155 sell 1.00 EURUSD at 1.16801 sl: 1.16521 tp: 0.00000 ok
2	21:08:06.034	MyEA EURUSD,M5: modify #77220155 sell 1.00 EURUSD at 1.16801 sl: 1.16520 tp: 0.00000 ok
2	21:08:06.380	MyEA EURUSD,M5: modify #77220155 sell 1.00 EURUSD at 1.16801 sl: 1.16504 tp: 0.00000 ok
2	21:08:06.827	MyEA EURUSD,M5: modify #77220155 sell 1.00 EURUSD at 1.16801 sl: 1.16501 tp: 0.00000 ok
2	21:08:07.191	MyEA EURUSD,M5: modify #77220155 sell 1.00 EURUSD at 1.16801 sl: 1.16493 tp: 0.00000 ok
2	21:08:08.691	MyEA EURUSD,M5: modify #77220155 sell 1.00 EURUSD at 1.16801 sl: 1.16492 tp: 0.00000 ok
2	21:11:33.941	MyEA EURUSD,M5: modify #77220155 sell 1.00 EURUSD at 1.16801 sl: 1.16490 tp: 0.00000 ok
2	21:12:47.443	MyEA EURUSD,M5: modify #77220155 sell 1.00 EURUSD at 1.16801 sl: 1.16489 tp: 0.00000 ok
2	21:12:49.968	MyEA EURUSD,M5: modify #77220155 sell 1.00 EURUSD at 1.16801 sl: 1.16488 tp: 0.00000 ok
2	21:13:20.651	MyEA EURUSD,M5: modify #77220155 sell 1.00 EURUSD at 1.16801 sl: 1.16487 tp: 0.00000 ok
2	21:13:47.096	MyEA EURUSD,M5: modify #77220155 sell 1.00 EURUSD at 1.16801 sl: 1.16486 tp: 0.00000 ok
2	21:13:47.413	MyEA EURUSD,M5: modify #77220155 sell 1.00 EURUSD at 1.16801 sl: 1.16485 tp: 0.00000 ok
0	21:24:11.675	myMA EURUSD,M5: uninit reason 7
0	21:24:11.675	myMACD EURUSD,M5: uninit reason 7
0	21:24:11.675	MyEA EURUSD,M5: uninit reason 7
0	21:24:11.689	Expert MyEA EURUSD,M5: removed
0	21:24:11.696	Custom indicator myMA EURUSD,M5: removed
0	21:24:11.701	Custom indicator myMACD EURUSD,M5: removed
0	21:24:11.759	Custom indicator my\myMA EURUSD,M5: loaded successfully
0	21:24:11.816	Custom indicator myMACD EURUSD,M5: loaded successfully
0	21:24:11.869	Expert MyEA EURUSD,M5: loaded successfully
0	21:24:11.870	MyEA EURUSD,M5 inputs: FastEMA=12; SlowEMA=26; SignalSMA=9; orderMagic=123456; moveStopLost=200; startMoveStopLost=100; orderStopLost=200; orderTakeProfit=0; startSaveProfit=100; 
0	21:24:11.909	myMA EURUSD,M5: initialized
0	21:24:11.955	myMACD EURUSD,M5: initialized
0	21:24:12.090	MyEA EURUSD,M5: initialized
0	21:24:16.038	myMA EURUSD,M5: uninit reason 7
0	21:24:16.038	myMACD EURUSD,M5: uninit reason 7
0	21:24:16.038	MyEA EURUSD,M5: uninit reason 7
0	21:24:16.048	Expert MyEA EURUSD,M5: removed
0	21:24:16.053	Custom indicator myMA EURUSD,M5: removed
0	21:24:16.057	Custom indicator myMACD EURUSD,M5: removed
0	21:24:16.096	Custom indicator my\myMA EURUSD,M5: loaded successfully
0	21:24:16.131	Custom indicator myMACD EURUSD,M5: loaded successfully
0	21:24:16.168	Expert MyEA EURUSD,M5: loaded successfully
0	21:24:16.168	MyEA EURUSD,M5 inputs: FastEMA=12; SlowEMA=26; SignalSMA=9; orderMagic=123456; moveStopLost=200; startMoveStopLost=100; orderStopLost=200; orderTakeProfit=0; startSaveProfit=100; 
0	21:24:16.197	myMA EURUSD,M5: initialized
0	21:24:16.228	myMACD EURUSD,M5: initialized
0	21:24:16.334	MyEA EURUSD,M5: initialized
0	21:24:26.932	myMACD EURUSD,M5: uninit reason 1
0	21:24:26.936	Custom indicator myMACD EURUSD,M5: removed
0	21:24:41.733	Custom indicator myMACD EURUSD,M5: loaded successfully
0	21:24:43.393	myMACD EURUSD,M5: initialized
0	21:25:29.700	myMA EURUSD,M5: uninit reason 7
0	21:25:29.700	myMACD EURUSD,M5: uninit reason 7
0	21:25:29.700	MyEA EURUSD,M5: uninit reason 7
0	21:25:29.710	Expert MyEA EURUSD,M5: removed
0	21:25:29.717	Custom indicator myMA EURUSD,M5: removed
0	21:25:29.720	Custom indicator myMACD EURUSD,M5: removed
0	21:25:29.765	Custom indicator my\myMA EURUSD,M5: loaded successfully
0	21:25:29.806	Custom indicator myMACD EURUSD,M5: loaded successfully
0	21:25:29.849	Expert MyEA EURUSD,M5: loaded successfully
0	21:25:29.849	MyEA EURUSD,M5 inputs: FastEMA=12; SlowEMA=26; SignalSMA=9; orderMagic=123456; moveStopLost=200; startMoveStopLost=100; orderStopLost=200; orderTakeProfit=0; startSaveProfit=100; 
0	21:25:29.880	myMA EURUSD,M5: initialized
0	21:25:29.919	myMACD EURUSD,M5: initialized
0	21:25:30.030	MyEA EURUSD,M5: initialized
0	21:29:42.856	Compiling 'myKDJ'
0	21:29:47.536	Custom indicator my\myMA GBPUSD,M1: loaded successfully
0	21:29:47.552	myMA GBPUSD,M1: initialized
0	21:29:47.583	Custom indicator my\myMA EURUSD,M5: loaded successfully
0	21:29:47.599	Custom indicator myMACD EURUSD,M5: loaded successfully
0	21:29:47.614	Expert MyEA EURUSD,M5: loaded successfully
0	21:29:47.614	MyEA EURUSD,M5 inputs: FastEMA=12; SlowEMA=26; SignalSMA=9; orderMagic=123456; moveStopLost=200; startMoveStopLost=100; orderStopLost=200; orderTakeProfit=0; startSaveProfit=100; 
0	21:29:47.614	myMA EURUSD,M5: initialized
0	21:29:47.630	myMACD EURUSD,M5: initialized
0	21:29:52.833	MyEA EURUSD,M5: initialized
2	21:29:53.457	MyEA EURUSD,M5: modify #77220155 sell 1.00 EURUSD at 1.16801 sl: 1.16473 tp: 0.00000 ok
2	21:29:53.769	MyEA EURUSD,M5: modify #77220155 sell 1.00 EURUSD at 1.16801 sl: 1.16472 tp: 0.00000 ok
2	21:31:34.103	MyEA EURUSD,M5: modify #77220155 sell 1.00 EURUSD at 1.16801 sl: 1.16471 tp: 0.00000 ok
2	21:45:02.485	MyEA EURUSD,M5: open #77261926 buy 1.00 EURUSD at 1.16336 sl: 1.16136 ok
2	22:14:51.672	MyEA EURUSD,M5: modify #77261926 buy 1.00 EURUSD at 1.16336 sl: 1.16346 tp: 0.00000 ok
