0	15:50:41.405	Script my\utils EURUSD,M15: loaded successfully
0	15:50:41.406	utils EURUSD,M15 inputs: orderMagic=123456; moveStopLost=100; startMoveStopLost=0; startSaveProfit=100; 
0	15:50:41.481	utils EURUSD,M15: initialized
0	15:50:41.482	utils EURUSD,M15: Alert: 2018.10.29 09:30:00EURUSD15
0	15:50:41.482	utils EURUSD,M15: Alert: 10.0
0	15:50:41.482	utils EURUSD,M15: uninit reason 0
0	15:50:41.489	Script utils EURUSD,M15: removed
0	15:52:50.077	Script my\utils EURUSD,H1: loaded successfully
0	15:52:50.077	utils EURUSD,H1 inputs: orderMagic=123456; moveStopLost=100; startMoveStopLost=0; startSaveProfit=100; 
0	15:52:50.114	utils EURUSD,H1: initialized
0	15:52:50.114	utils EURUSD,H1: Alert: 2018.10.29 08:00:00EURUSD60
0	15:52:50.114	utils EURUSD,H1: Alert: 11.0
0	15:52:50.114	utils EURUSD,H1: uninit reason 0
0	15:52:50.186	Script utils EURUSD,H1: removed
0	15:53:01.427	Script my\utils EURUSD,M15: loaded successfully
0	15:53:01.427	utils EURUSD,M15 inputs: orderMagic=123456; moveStopLost=100; startMoveStopLost=0; startSaveProfit=100; 
0	15:53:01.477	utils EURUSD,M15: initialized
0	15:53:01.478	utils EURUSD,M15: Alert: 2018.10.29 09:30:00EURUSD15
0	15:53:01.479	utils EURUSD,M15: Alert: 11.0
0	15:53:01.479	utils EURUSD,M15: uninit reason 0
0	15:53:01.488	Script utils EURUSD,M15: removed
0	16:35:55.888	Script my\utils EURUSD,M15: loaded successfully
0	16:35:55.888	utils EURUSD,M15 inputs: orderMagic=123456; moveStopLost=100; startMoveStopLost=0; startSaveProfit=100; 
0	16:35:55.904	utils EURUSD,M15: initialized
0	16:35:55.913	utils EURUSD,M15: Alert: 2018.10.29 10:15:00EURUSD15
0	16:35:55.916	utils EURUSD,M15: Alert: 10.0
0	16:35:55.916	utils EURUSD,M15: uninit reason 0
0	16:35:55.918	Script utils EURUSD,M15: removed
0	16:36:15.384	Script my\utils EURUSD,M15: loaded successfully
0	16:36:15.384	utils EURUSD,M15 inputs: orderMagic=123456; moveStopLost=100; startMoveStopLost=0; startSaveProfit=100; 
0	16:36:15.437	utils EURUSD,M15: initialized
0	16:36:15.437	utils EURUSD,M15: Alert: 2018.10.29 10:15:00EURUSD15
0	16:36:15.437	utils EURUSD,M15: Alert: 20.0
0	16:36:15.437	utils EURUSD,M15: uninit reason 0
0	16:36:15.449	Script utils EURUSD,M15: removed
0	16:53:38.189	Script my\utils EURUSD,M15: loaded successfully
0	16:53:38.189	utils EURUSD,M15 inputs: orderMagic=123456; moveStopLost=100; startMoveStopLost=0; startSaveProfit=100; 
0	16:53:38.209	utils EURUSD,M15: initialized
0	16:53:38.209	utils EURUSD,M15: Alert: 2018.10.29 10:30:00EURUSD15
0	16:53:38.211	utils EURUSD,M15: =======计算方差错误,样本数量不足=====
0	16:53:38.211	utils EURUSD,M15: Alert: 0.0
0	16:53:38.211	utils EURUSD,M15: uninit reason 0
0	16:53:38.213	Script utils EURUSD,M15: removed
0	16:54:07.550	Script my\utils EURUSD,M15: loaded successfully
0	16:54:07.550	utils EURUSD,M15 inputs: orderMagic=123456; moveStopLost=100; startMoveStopLost=0; startSaveProfit=100; 
0	16:54:07.614	utils EURUSD,M15: initialized
0	16:54:07.629	utils EURUSD,M15: Alert: 2018.10.29 10:30:00EURUSD15
0	16:54:07.634	utils EURUSD,M15: =======计算方差错误,样本数量不足=====
0	16:54:07.634	utils EURUSD,M15: Alert: 0.0
0	16:54:07.634	utils EURUSD,M15: uninit reason 0
0	16:54:07.644	Script utils EURUSD,M15: removed
0	16:56:34.075	Script my\utils EURUSD,M15: loaded successfully
0	16:56:34.075	utils EURUSD,M15 inputs: orderMagic=123456; moveStopLost=100; startMoveStopLost=0; startSaveProfit=100; 
0	16:56:34.104	utils EURUSD,M15: initialized
0	16:56:34.123	utils EURUSD,M15: Alert: 2018.10.29 10:30:00EURUSD15
0	16:56:34.126	utils EURUSD,M15: array[0]=1.13984714285716
0	16:56:34.126	utils EURUSD,M15: array[1]=1.140050000000017
0	16:56:34.126	utils EURUSD,M15: array[2]=1.140092857142874
0	16:56:34.126	utils EURUSD,M15: array[3]=1.140225714285731
0	16:56:34.126	utils EURUSD,M15: array[4]=1.140078571428588
0	16:56:34.126	utils EURUSD,M15: array[5]=1.139838571428588
0	16:56:34.126	utils EURUSD,M15: array[6]=1.139732857142874
0	16:56:34.126	utils EURUSD,M15: array[7]=1.139531428571445
0	16:56:34.126	utils EURUSD,M15: array[8]=1.139411428571445
0	16:56:34.126	utils EURUSD,M15: array[9]=1.139405714285731
0	16:56:34.126	utils EURUSD,M15: array[10]=1.139334285714303
0	16:56:34.126	utils EURUSD,M15: array[11]=1.139241428571445
0	16:56:34.126	utils EURUSD,M15: array[12]=1.139212857142874
0	16:56:34.126	utils EURUSD,M15: array[13]=1.139170000000017
0	16:56:34.126	utils EURUSD,M15: array[14]=1.139178571428588
0	16:56:34.126	utils EURUSD,M15: array[15]=1.139235714285731
0	16:56:34.126	utils EURUSD,M15: array[16]=1.139251428571445
0	16:56:34.126	utils EURUSD,M15: array[17]=1.139275714285731
0	16:56:34.126	utils EURUSD,M15: array[18]=1.139282857142874
0	16:56:34.126	utils EURUSD,M15: array[19]=1.139311428571445
0	16:56:34.134	utils EURUSD,M15: Alert: 0.0
0	16:56:34.134	utils EURUSD,M15: uninit reason 0
0	16:56:34.137	Script utils EURUSD,M15: removed
0	16:59:20.168	Script my\utils EURUSD,M15: loaded successfully
0	16:59:20.168	utils EURUSD,M15 inputs: orderMagic=123456; moveStopLost=100; startMoveStopLost=0; startSaveProfit=100; 
0	16:59:20.231	utils EURUSD,M15: initialized
0	16:59:20.232	utils EURUSD,M15: Alert: 2018.10.29 10:30:00EURUSD15
0	16:59:20.237	utils EURUSD,M15: array[0]=1.139834285714303
0	16:59:20.237	utils EURUSD,M15: array[1]=1.140050000000017
0	16:59:20.237	utils EURUSD,M15: array[2]=1.140092857142874
0	16:59:20.237	utils EURUSD,M15: array[3]=1.140225714285731
0	16:59:20.237	utils EURUSD,M15: array[4]=1.140078571428588
0	16:59:20.237	utils EURUSD,M15: array[5]=1.139838571428588
0	16:59:20.237	utils EURUSD,M15: array[6]=1.139732857142874
0	16:59:20.237	utils EURUSD,M15: array[7]=1.139531428571445
0	16:59:20.237	utils EURUSD,M15: array[8]=1.139411428571445
0	16:59:20.237	utils EURUSD,M15: array[9]=1.139405714285731
0	16:59:20.237	utils EURUSD,M15: array[10]=1.139334285714303
0	16:59:20.237	utils EURUSD,M15: array[11]=1.139241428571445
0	16:59:20.237	utils EURUSD,M15: array[12]=1.139212857142874
0	16:59:20.237	utils EURUSD,M15: array[13]=1.139170000000017
0	16:59:20.237	utils EURUSD,M15: array[14]=1.139178571428588
0	16:59:20.237	utils EURUSD,M15: array[15]=1.139235714285731
0	16:59:20.237	utils EURUSD,M15: array[16]=1.139251428571445
0	16:59:20.237	utils EURUSD,M15: array[17]=1.139275714285731
0	16:59:20.237	utils EURUSD,M15: array[18]=1.139282857142874
0	16:59:20.237	utils EURUSD,M15: array[19]=1.139311428571445
0	16:59:20.237	utils EURUSD,M15: Alert: 0.0
0	16:59:20.237	utils EURUSD,M15: uninit reason 0
0	16:59:20.253	Script utils EURUSD,M15: removed
0	17:07:48.362	Script my\utils EURUSD,M15: loaded successfully
0	17:07:48.362	utils EURUSD,M15 inputs: orderMagic=123456; moveStopLost=100; startMoveStopLost=0; startSaveProfit=100; 
0	17:07:48.431	utils EURUSD,M15: initialized
0	17:07:48.431	utils EURUSD,M15: Alert: 2018.10.29 10:45:00EURUSD15
0	17:07:48.438	utils EURUSD,M15: array[0]=1.1394
0	17:07:48.438	utils EURUSD,M15: array[1]=1.1398
0	17:07:48.438	utils EURUSD,M15: array[2]=1.14005
0	17:07:48.438	utils EURUSD,M15: array[3]=1.14009
0	17:07:48.438	utils EURUSD,M15: array[4]=1.14023
0	17:07:48.438	utils EURUSD,M15: array[5]=1.14008
0	17:07:48.438	utils EURUSD,M15: array[6]=1.13984
0	17:07:48.438	utils EURUSD,M15: array[7]=1.13973
0	17:07:48.438	utils EURUSD,M15: array[8]=1.13953
0	17:07:48.438	utils EURUSD,M15: array[9]=1.13941
0	17:07:48.438	utils EURUSD,M15: array[10]=1.13941
0	17:07:48.438	utils EURUSD,M15: array[11]=1.13933
0	17:07:48.438	utils EURUSD,M15: array[12]=1.13924
0	17:07:48.438	utils EURUSD,M15: array[13]=1.13921
0	17:07:48.438	utils EURUSD,M15: array[14]=1.13917
0	17:07:48.438	utils EURUSD,M15: array[15]=1.13918
0	17:07:48.438	utils EURUSD,M15: array[16]=1.13924
0	17:07:48.438	utils EURUSD,M15: array[17]=1.13925
0	17:07:48.438	utils EURUSD,M15: array[18]=1.13928
0	17:07:48.438	utils EURUSD,M15: array[19]=1.13928
0	17:07:48.438	utils EURUSD,M15: Alert: 0.0
0	17:07:48.438	utils EURUSD,M15: uninit reason 0
0	17:07:48.455	Script utils EURUSD,M15: removed
0	17:09:02.220	Script my\utils EURUSD,M15: loaded successfully
0	17:09:02.220	utils EURUSD,M15 inputs: orderMagic=123456; moveStopLost=100; startMoveStopLost=0; startSaveProfit=100; 
0	17:09:02.265	utils EURUSD,M15: initialized
0	17:09:02.333	utils EURUSD,M15: Alert: 2018.10.29 10:45:00EURUSD15
0	17:09:02.338	utils EURUSD,M15: array[0]=1.13943
0	17:09:02.338	utils EURUSD,M15: array[1]=1.1398
0	17:09:02.338	utils EURUSD,M15: array[2]=1.14005
0	17:09:02.338	utils EURUSD,M15: array[3]=1.14009
0	17:09:02.338	utils EURUSD,M15: array[4]=1.14023
0	17:09:02.338	utils EURUSD,M15: array[5]=1.14008
0	17:09:02.338	utils EURUSD,M15: array[6]=1.13984
0	17:09:02.338	utils EURUSD,M15: array[7]=1.13973
0	17:09:02.338	utils EURUSD,M15: array[8]=1.13953
0	17:09:02.338	utils EURUSD,M15: array[9]=1.13941
0	17:09:02.338	utils EURUSD,M15: array[10]=1.13941
0	17:09:02.338	utils EURUSD,M15: array[11]=1.13933
0	17:09:02.338	utils EURUSD,M15: array[12]=1.13924
0	17:09:02.338	utils EURUSD,M15: array[13]=1.13921
0	17:09:02.338	utils EURUSD,M15: array[14]=1.13917
0	17:09:02.338	utils EURUSD,M15: array[15]=1.13918
0	17:09:02.338	utils EURUSD,M15: array[16]=1.13924
0	17:09:02.338	utils EURUSD,M15: array[17]=1.13925
0	17:09:02.338	utils EURUSD,M15: array[18]=1.13928
0	17:09:02.338	utils EURUSD,M15: array[19]=1.13928
0	17:09:02.352	utils EURUSD,M15: Alert: 0.0
0	17:09:02.352	utils EURUSD,M15: uninit reason 0
0	17:09:02.357	Script utils EURUSD,M15: removed
0	17:14:45.894	Script my\utils EURUSD,M15: loaded successfully
0	17:14:45.894	utils EURUSD,M15 inputs: orderMagic=123456; moveStopLost=100; startMoveStopLost=0; startSaveProfit=100; 
0	17:14:45.965	utils EURUSD,M15: initialized
0	17:14:45.966	utils EURUSD,M15: Alert: 2018.10.29 10:45:00EURUSD15
0	17:14:45.971	utils EURUSD,M15: array[0]=1.13925
0	17:14:45.971	utils EURUSD,M15: array[1]=1.1398
0	17:14:45.971	utils EURUSD,M15: array[2]=1.14005
0	17:14:45.971	utils EURUSD,M15: array[3]=1.14009
0	17:14:45.971	utils EURUSD,M15: array[4]=1.14023
0	17:14:45.971	utils EURUSD,M15: array[5]=1.14008
0	17:14:45.971	utils EURUSD,M15: array[6]=1.13984
0	17:14:45.971	utils EURUSD,M15: array[7]=1.13973
0	17:14:45.971	utils EURUSD,M15: array[8]=1.13953
0	17:14:45.971	utils EURUSD,M15: array[9]=1.13941
0	17:14:45.971	utils EURUSD,M15: array[10]=1.13941
0	17:14:45.971	utils EURUSD,M15: array[11]=1.13933
0	17:14:45.971	utils EURUSD,M15: array[12]=1.13924
0	17:14:45.971	utils EURUSD,M15: array[13]=1.13921
0	17:14:45.971	utils EURUSD,M15: array[14]=1.13917
0	17:14:45.971	utils EURUSD,M15: array[15]=1.13918
0	17:14:45.971	utils EURUSD,M15: array[16]=1.13924
0	17:14:45.971	utils EURUSD,M15: array[17]=1.13925
0	17:14:45.971	utils EURUSD,M15: array[18]=1.13928
0	17:14:45.971	utils EURUSD,M15: array[19]=1.13928
0	17:14:45.971	utils EURUSD,M15: Alert: 123.0
0	17:14:45.971	utils EURUSD,M15: uninit reason 0
0	17:14:45.983	Script utils EURUSD,M15: removed
0	17:15:08.774	Script my\utils EURUSD,M15: loaded successfully
0	17:15:08.774	utils EURUSD,M15 inputs: orderMagic=123456; moveStopLost=100; startMoveStopLost=0; startSaveProfit=100; 
0	17:15:08.832	utils EURUSD,M15: initialized
0	17:15:08.832	utils EURUSD,M15: Alert: 2018.10.29 11:00:00EURUSD15
0	17:15:08.837	utils EURUSD,M15: array[0]=1.13877
0	17:15:08.837	utils EURUSD,M15: array[1]=1.13924
0	17:15:08.837	utils EURUSD,M15: array[2]=1.1398
0	17:15:08.837	utils EURUSD,M15: array[3]=1.14005
0	17:15:08.837	utils EURUSD,M15: array[4]=1.14009
0	17:15:08.837	utils EURUSD,M15: array[5]=1.14023
0	17:15:08.837	utils EURUSD,M15: array[6]=1.14008
0	17:15:08.837	utils EURUSD,M15: array[7]=1.13984
0	17:15:08.837	utils EURUSD,M15: array[8]=1.13973
0	17:15:08.837	utils EURUSD,M15: array[9]=1.13953
0	17:15:08.837	utils EURUSD,M15: array[10]=1.13941
0	17:15:08.837	utils EURUSD,M15: array[11]=1.13941
0	17:15:08.837	utils EURUSD,M15: array[12]=1.13933
0	17:15:08.837	utils EURUSD,M15: array[13]=1.13924
0	17:15:08.837	utils EURUSD,M15: array[14]=1.13921
0	17:15:08.837	utils EURUSD,M15: array[15]=1.13917
0	17:15:08.837	utils EURUSD,M15: array[16]=1.13918
0	17:15:08.837	utils EURUSD,M15: array[17]=1.13924
0	17:15:08.837	utils EURUSD,M15: array[18]=1.13925
0	17:15:08.837	utils EURUSD,M15: array[19]=1.13928
0	17:15:08.837	utils EURUSD,M15: Alert: 123.0
0	17:15:08.838	utils EURUSD,M15: uninit reason 0
0	17:15:08.848	Script utils EURUSD,M15: removed
0	17:48:54.769	Script my\utils EURUSD,M15: loaded successfully
0	17:48:54.769	utils EURUSD,M15 inputs: orderMagic=123456; moveStopLost=100; startMoveStopLost=0; startSaveProfit=100; 
0	17:48:54.817	utils EURUSD,M15: initialized
0	17:48:54.817	utils EURUSD,M15: Alert: 2018.10.29 11:30:00EURUSD15
0	17:48:54.821	utils EURUSD,M15: 标准差=0.0005
0	17:48:54.821	utils EURUSD,M15: Alert: 0.0005
0	17:48:54.821	utils EURUSD,M15: uninit reason 0
0	17:48:54.831	Script utils EURUSD,M15: removed
0	20:01:22.645	Script my\utils EURUSD,M15: loaded successfully
0	20:01:22.645	utils EURUSD,M15 inputs: orderMagic=123456; moveStopLost=100; startMoveStopLost=0; startSaveProfit=100; 
0	20:01:22.666	utils EURUSD,M15: initialized
0	20:01:22.667	utils EURUSD,M15: Alert: 2018.10.29 13:45:00EURUSD15
0	20:01:22.708	utils EURUSD,M15: 标准差=0.00071
0	20:01:22.714	utils EURUSD,M15: Alert: 0.00071
0	20:01:22.714	utils EURUSD,M15: uninit reason 0
0	20:01:22.759	Script utils EURUSD,M15: removed
0	20:02:11.012	Script my\utils EURUSD,M15: loaded successfully
0	20:02:11.012	utils EURUSD,M15 inputs: orderMagic=123456; moveStopLost=100; startMoveStopLost=0; startSaveProfit=100; 
0	20:02:11.038	utils EURUSD,M15: initialized
0	20:02:11.072	utils EURUSD,M15: Alert: 2018.10.29 13:45:00EURUSD15
0	20:02:11.081	utils EURUSD,M15: 标准差=0.00071
0	20:02:11.083	utils EURUSD,M15: Alert: 0.00071
0	20:02:11.088	utils EURUSD,M15: uninit reason 0
0	20:02:11.091	Script utils EURUSD,M15: removed
0	20:03:14.113	Script my\utils EURUSD,M15: loaded successfully
0	20:03:14.113	utils EURUSD,M15 inputs: orderMagic=123456; moveStopLost=100; startMoveStopLost=0; startSaveProfit=100; 
0	20:03:14.131	utils EURUSD,M15: initialized
0	20:03:14.131	utils EURUSD,M15: Alert: 2018.10.29 13:45:00EURUSD15
0	20:03:14.135	utils EURUSD,M15: 标准差=0.00071
0	20:03:14.149	utils EURUSD,M15: Alert: 0.00071
0	20:03:14.153	utils EURUSD,M15: uninit reason 0
0	20:03:14.156	Script utils EURUSD,M15: removed
0	20:04:00.237	Script my\utils EURUSD,M15: loaded successfully
0	20:04:00.237	utils EURUSD,M15 inputs: orderMagic=123456; moveStopLost=100; startMoveStopLost=0; startSaveProfit=100; 
0	20:04:00.263	utils EURUSD,M15: initialized
0	20:04:00.269	utils EURUSD,M15: Alert: 2018.10.29 13:45:00EURUSD15
0	20:04:00.278	utils EURUSD,M15: 标准差=0.00071
0	20:04:00.282	utils EURUSD,M15: Alert: 0.00071
0	20:04:00.282	utils EURUSD,M15: uninit reason 0
0	20:04:00.292	Script utils EURUSD,M15: removed
0	20:04:15.494	Script my\utils EURUSD,M15: loaded successfully
0	20:04:15.494	utils EURUSD,M15 inputs: orderMagic=123456; moveStopLost=100; startMoveStopLost=0; startSaveProfit=100; 
0	20:04:15.508	utils EURUSD,M15: initialized
0	20:04:15.512	utils EURUSD,M15: Alert: 2018.10.29 13:45:00EURUSD15
0	20:04:15.534	utils EURUSD,M15: 标准差=0.00071
0	20:04:15.540	utils EURUSD,M15: Alert: 0.00071
0	20:04:15.540	utils EURUSD,M15: uninit reason 0
0	20:04:15.543	Script utils EURUSD,M15: removed
0	20:04:20.759	Script my\utils EURUSD,M15: loaded successfully
0	20:04:20.759	utils EURUSD,M15 inputs: orderMagic=123456; moveStopLost=100; startMoveStopLost=0; startSaveProfit=100; 
0	20:04:20.773	utils EURUSD,M15: initialized
0	20:04:20.778	utils EURUSD,M15: Alert: 2018.10.29 13:45:00EURUSD15
0	20:04:20.789	utils EURUSD,M15: 标准差=0.00071
0	20:04:20.793	utils EURUSD,M15: Alert: 0.00071
0	20:04:20.793	utils EURUSD,M15: uninit reason 0
0	20:04:20.795	Script utils EURUSD,M15: removed
0	20:06:58.483	Script my\utils EURUSD,M15: loaded successfully
0	20:06:58.483	utils EURUSD,M15 inputs: orderMagic=123456; moveStopLost=100; startMoveStopLost=0; startSaveProfit=100; 
0	20:06:58.505	utils EURUSD,M15: initialized
0	20:06:58.506	utils EURUSD,M15: Alert: 2018.10.29 13:45:00EURUSD15
0	20:06:58.508	utils EURUSD,M15: array[0]=1.14016
0	20:06:58.508	utils EURUSD,M15: array[1]=1.14045
0	20:06:58.508	utils EURUSD,M15: array[2]=1.14058
0	20:06:58.508	utils EURUSD,M15: array[3]=1.14029
0	20:06:58.508	utils EURUSD,M15: array[4]=1.14001
0	20:06:58.508	utils EURUSD,M15: array[5]=1.13946
0	20:06:58.508	utils EURUSD,M15: array[6]=1.13908
0	20:06:58.508	utils EURUSD,M15: array[7]=1.13876
0	20:06:58.508	utils EURUSD,M15: array[8]=1.13839
0	20:06:58.508	utils EURUSD,M15: array[9]=1.13817
0	20:06:58.508	utils EURUSD,M15: array[10]=1.13859
0	20:06:58.508	utils EURUSD,M15: array[11]=1.13886
0	20:06:58.508	utils EURUSD,M15: array[12]=1.13924
0	20:06:58.508	utils EURUSD,M15: array[13]=1.1398
0	20:06:58.508	utils EURUSD,M15: array[14]=1.14005
0	20:06:58.508	utils EURUSD,M15: array[15]=1.14009
0	20:06:58.508	utils EURUSD,M15: array[16]=1.14023
0	20:06:58.508	utils EURUSD,M15: array[17]=1.14008
0	20:06:58.508	utils EURUSD,M15: array[18]=1.13984
0	20:06:58.508	utils EURUSD,M15: array[19]=1.13973
0	20:06:58.508	utils EURUSD,M15: 标准差=0.00071
0	20:06:58.508	utils EURUSD,M15: Alert: 0.00071
0	20:06:58.508	utils EURUSD,M15: uninit reason 0
0	20:06:58.511	Script utils EURUSD,M15: removed
0	20:07:23.527	Script my\utils EURUSD,M15: loaded successfully
0	20:07:23.527	utils EURUSD,M15 inputs: orderMagic=123456; moveStopLost=100; startMoveStopLost=0; startSaveProfit=100; 
0	20:07:23.541	utils EURUSD,M15: initialized
0	20:07:23.542	utils EURUSD,M15: Alert: 2018.10.29 13:45:00EURUSD15
0	20:07:23.544	utils EURUSD,M15: array[0]=1.14017
0	20:07:23.544	utils EURUSD,M15: array[1]=1.14045
0	20:07:23.544	utils EURUSD,M15: array[2]=1.14058
0	20:07:23.544	utils EURUSD,M15: array[3]=1.14029
0	20:07:23.544	utils EURUSD,M15: array[4]=1.14001
0	20:07:23.544	utils EURUSD,M15: array[5]=1.13946
0	20:07:23.544	utils EURUSD,M15: array[6]=1.13908
0	20:07:23.544	utils EURUSD,M15: array[7]=1.13876
0	20:07:23.544	utils EURUSD,M15: array[8]=1.13839
0	20:07:23.544	utils EURUSD,M15: array[9]=1.13817
0	20:07:23.544	utils EURUSD,M15: array[10]=1.13859
0	20:07:23.544	utils EURUSD,M15: array[11]=1.13886
0	20:07:23.544	utils EURUSD,M15: array[12]=1.13924
0	20:07:23.544	utils EURUSD,M15: array[13]=1.1398
0	20:07:23.544	utils EURUSD,M15: array[14]=1.14005
0	20:07:23.544	utils EURUSD,M15: array[15]=1.14009
0	20:07:23.544	utils EURUSD,M15: array[16]=1.14023
0	20:07:23.544	utils EURUSD,M15: array[17]=1.14008
0	20:07:23.544	utils EURUSD,M15: array[18]=1.13984
0	20:07:23.544	utils EURUSD,M15: array[19]=1.13973
0	20:07:23.544	utils EURUSD,M15: 标准差=0.00071
0	20:07:23.544	utils EURUSD,M15: Alert: 0.00071
0	20:07:23.544	utils EURUSD,M15: uninit reason 0
0	20:07:23.547	Script utils EURUSD,M15: removed
0	20:12:32.151	Script my\utils EURUSD,M15: loaded successfully
0	20:12:32.151	utils EURUSD,M15 inputs: orderMagic=123456; moveStopLost=100; startMoveStopLost=0; startSaveProfit=100; 
0	20:12:32.213	utils EURUSD,M15: initialized
0	20:12:32.213	utils EURUSD,M15: Alert: 2018.10.29 13:45:00EURUSD15
0	20:12:32.229	utils EURUSD,M15: 1.14012,1.14045,1.14058,1.14029,1.14001,1.13946,1.13908,1.13876,1.13839,1.13817,1.13859,1.13886,1.13924,1.1398,1.14005,1.14009,1.14023,1.14008,1.13984,1.13973,
0	20:12:32.229	utils EURUSD,M15: 标准差=0.00071
0	20:12:32.229	utils EURUSD,M15: =======计算方差=====0.00071
0	20:12:32.229	utils EURUSD,M15: uninit reason 0
0	20:12:32.244	Script utils EURUSD,M15: removed
0	20:13:21.318	Script my\utils EURUSD,M15: loaded successfully
0	20:13:21.318	utils EURUSD,M15 inputs: orderMagic=123456; moveStopLost=100; startMoveStopLost=0; startSaveProfit=100; 
0	20:13:21.380	utils EURUSD,M15: initialized
0	20:13:21.380	utils EURUSD,M15: Alert: 2018.10.29 13:45:00EURUSD15
0	20:13:21.380	utils EURUSD,M15: 1.1401,1.14045,1.14058,1.14029,1.14001,1.13946,1.13908,1.13876,1.13839,1.13817,1.13859,1.13886,1.13924,1.1398,1.14005,1.14009,1.14023,1.14008,1.13984,1.13973,
0	20:13:21.380	utils EURUSD,M15: 标准差=0.00071
0	20:13:21.380	utils EURUSD,M15: =======计算方差=====0.00071
0	20:13:21.380	utils EURUSD,M15: uninit reason 0
0	20:13:21.396	Script utils EURUSD,M15: removed
0	20:17:13.677	Script my\utils EURUSD,M15: loaded successfully
0	20:17:13.677	utils EURUSD,M15 inputs: orderMagic=123456; moveStopLost=100; startMoveStopLost=0; startSaveProfit=100; 
0	20:17:13.734	utils EURUSD,M15: initialized
0	20:17:13.739	utils EURUSD,M15: 1.13982,1.1401,1.14045,1.14058,1.14029,1.14001,1.13946,1.13908,1.13876,1.13839,1.13817,1.13859,1.13886,1.13924,1.1398,1.14005,1.14009,1.14023,1.14008,1.13984,
0	20:17:13.739	utils EURUSD,M15: 标准差=0.00071
0	20:17:13.739	utils EURUSD,M15: =======计算方差=====0.00071
0	20:17:13.739	utils EURUSD,M15: uninit reason 0
0	20:17:13.744	Script utils EURUSD,M15: removed
0	20:19:59.827	Script my\utils EURUSD,M15: loaded successfully
0	20:19:59.827	utils EURUSD,M15 inputs: orderMagic=123456; moveStopLost=100; startMoveStopLost=0; startSaveProfit=100; 
0	20:19:59.860	utils EURUSD,M15: initialized
0	20:19:59.863	utils EURUSD,M15: 113970.5714286,114009.7142857,114045,114058.1428571,114028.8571429,114000.5714286,113946,113908.2857143,113875.8571429,113839.2857143,113816.7142857,113858.5714286,113885.5714286,113924,113980,114005,114009.2857143,114022.5714286,114007.8571429,113983.8571429,
0	20:19:59.863	utils EURUSD,M15: 标准差=70.57031000000001
0	20:19:59.863	utils EURUSD,M15: =======计算方差=====70.57031000000001
0	20:19:59.863	utils EURUSD,M15: uninit reason 0
0	20:19:59.868	Script utils EURUSD,M15: removed
0	20:20:57.006	Script my\utils EURUSD,M15: loaded successfully
0	20:20:57.006	utils EURUSD,M15 inputs: orderMagic=123456; moveStopLost=100; startMoveStopLost=0; startSaveProfit=100; 
0	20:20:57.036	utils EURUSD,M15: initialized
0	20:20:57.039	utils EURUSD,M15: 113974.86,114009.71,114045,114058.14,114028.86,114000.57,113946,113908.29,113875.86,113839.29,113816.71,113858.57,113885.57,113924,113980,114005,114009.29,114022.57,114007.86,113983.86,
0	20:20:57.039	utils EURUSD,M15: 标准差=70.6122
0	20:20:57.039	utils EURUSD,M15: =======计算方差=====70.6122
0	20:20:57.039	utils EURUSD,M15: uninit reason 0
0	20:20:57.042	Script utils EURUSD,M15: removed
0	20:22:33.115	Script my\utils EURUSD,M15: loaded successfully
0	20:22:33.115	utils EURUSD,M15 inputs: orderMagic=123456; moveStopLost=100; startMoveStopLost=0; startSaveProfit=100; 
0	20:22:33.206	utils EURUSD,M15: initialized
0	20:22:33.215	utils EURUSD,M15: 113976.29,114009.71,114045,114058.14,114028.86,114000.57,113946,113908.29,113875.86,113839.29,113816.71,113858.57,113885.57,113924,113980,114005,114009.29,114022.57,114007.86,113983.86,
0	20:22:33.216	utils EURUSD,M15: 标准差=70.63
0	20:22:33.216	utils EURUSD,M15: =======计算方差=====70.63
0	20:22:33.216	utils EURUSD,M15: uninit reason 0
0	20:22:33.226	Script utils EURUSD,M15: removed
0	20:23:11.235	Script my\utils EURUSD,M15: loaded successfully
0	20:23:11.235	utils EURUSD,M15 inputs: orderMagic=123456; moveStopLost=100; startMoveStopLost=0; startSaveProfit=100; 
0	20:23:11.264	utils EURUSD,M15: initialized
0	20:23:11.266	utils EURUSD,M15: 113977,114010,114045,114058,114029,114001,113946,113908,113876,113839,113817,113859,113886,113924,113980,114005,114009,114023,114008,113984,
0	20:23:11.266	utils EURUSD,M15: 标准差=71
0	20:23:11.266	utils EURUSD,M15: =======计算方差=====71
0	20:23:11.266	utils EURUSD,M15: uninit reason 0
0	20:23:11.269	Script utils EURUSD,M15: removed
0	20:23:42.290	Script my\utils EURUSD,H1: loaded successfully
0	20:23:42.290	utils EURUSD,H1 inputs: orderMagic=123456; moveStopLost=100; startMoveStopLost=0; startSaveProfit=100; 
0	20:23:42.321	utils EURUSD,H1: initialized
0	20:23:42.323	utils EURUSD,H1: 0,113921,113929,113939,113955,113973,113999,114004,114012,113999,113952,113889,113800,113695,113630,113573,113561,113570,113582,113610,
0	20:23:42.323	utils EURUSD,H1: 标准差=24807
0	20:23:42.323	utils EURUSD,H1: =======计算方差=====24807
0	20:23:42.323	utils EURUSD,H1: uninit reason 0
0	20:23:42.370	Script utils EURUSD,H1: removed
0	20:23:56.894	Script my\utils EURUSD,M15: loaded successfully
0	20:23:56.894	utils EURUSD,M15 inputs: orderMagic=123456; moveStopLost=100; startMoveStopLost=0; startSaveProfit=100; 
0	20:23:56.948	utils EURUSD,M15: initialized
0	20:23:56.953	utils EURUSD,M15: 0,114010,114045,114058,114029,114001,113946,113908,113876,113839,113817,113859,113886,113924,113980,114005,114009,114023,114008,113984,
0	20:23:56.953	utils EURUSD,M15: 标准差=24837
0	20:23:56.953	utils EURUSD,M15: =======计算方差=====24837
0	20:23:56.953	utils EURUSD,M15: uninit reason 0
0	20:23:56.961	Script utils EURUSD,M15: removed
0	20:25:46.628	Script my\utils EURUSD,M15: loaded successfully
0	20:25:46.628	utils EURUSD,M15 inputs: orderMagic=123456; moveStopLost=100; startMoveStopLost=0; startSaveProfit=100; 
0	20:25:46.689	utils EURUSD,M15: initialized
0	20:25:46.694	utils EURUSD,M15: 114010,114045,114058,114029,114001,113946,113908,113876,113839,113817,113859,113886,113924,113980,114005,114009,114023,114008,113984,113973,
0	20:25:46.694	utils EURUSD,M15: 标准差=71
0	20:25:46.694	utils EURUSD,M15: =======计算方差=====71
0	20:25:46.694	utils EURUSD,M15: uninit reason 0
0	20:25:46.705	Script utils EURUSD,M15: removed
0	20:27:52.726	Script my\utils EURUSD,M15: loaded successfully
0	20:27:52.726	utils EURUSD,M15 inputs: orderMagic=123456; moveStopLost=100; startMoveStopLost=0; startSaveProfit=100; 
0	20:27:52.784	utils EURUSD,M15: initialized
0	20:27:52.789	utils EURUSD,M15: 114009.71,114045,114058.14,114028.86,114000.57,113946,113908.29,113875.86,113839.29,113816.71,113858.57,113885.57,113924,113980,114005,114009.29,114022.57,114007.86,113983.86,113973.29,
0	20:27:52.789	utils EURUSD,M15: 标准差=70.59999999999999
0	20:27:52.789	utils EURUSD,M15: =======计算方差=====70.59999999999999
0	20:27:52.789	utils EURUSD,M15: uninit reason 0
0	20:27:52.799	Script utils EURUSD,M15: removed
0	20:28:30.448	Script my\utils EURUSD,M15: loaded successfully
0	20:28:30.448	utils EURUSD,M15 inputs: orderMagic=123456; moveStopLost=100; startMoveStopLost=0; startSaveProfit=100; 
0	20:28:30.506	utils EURUSD,M15: initialized
0	20:28:30.511	utils EURUSD,M15: 114009.71,114045,114058.14,114028.86,114000.57,113946,113908.29,113875.86,113839.29,113816.71,113858.57,113885.57,113924,113980,114005,114009.29,114022.57,114007.86,113983.86,113973.29,
0	20:28:30.511	utils EURUSD,M15: 标准差=70.59999999999999
0	20:28:30.511	utils EURUSD,M15: =======计算方差=====70.59999999999999
0	20:28:30.511	utils EURUSD,M15: uninit reason 0
0	20:28:30.521	Script utils EURUSD,M15: removed
0	20:29:05.497	Script my\utils EURUSD,M15: loaded successfully
0	20:29:05.497	utils EURUSD,M15 inputs: orderMagic=123456; moveStopLost=100; startMoveStopLost=0; startSaveProfit=100; 
0	20:29:05.617	utils EURUSD,M15: initialized
0	20:29:05.621	utils EURUSD,M15: 114009.71,114045,114058.14,114028.86,114000.57,113946,113908.29,113875.86,113839.29,113816.71,113858.57,113885.57,113924,113980,114005,114009.29,114022.57,114007.86,113983.86,113973.29,
0	20:29:05.621	utils EURUSD,M15: 标准差=70.59999999999999
0	20:29:05.621	utils EURUSD,M15: =======计算方差=====70.59999999999999
0	20:29:05.621	utils EURUSD,M15: uninit reason 0
0	20:29:05.632	Script utils EURUSD,M15: removed
0	20:29:14.959	Script my\utils EURUSD,M15: loaded successfully
0	20:29:14.959	utils EURUSD,M15 inputs: orderMagic=123456; moveStopLost=100; startMoveStopLost=0; startSaveProfit=100; 
0	20:29:14.998	utils EURUSD,M15: initialized
0	20:29:15.003	utils EURUSD,M15: 114009.71,114045,114058.14,114028.86,114000.57,113946,113908.29,113875.86,113839.29,113816.71,113858.57,113885.57,113924,113980,114005,114009.29,114022.57,114007.86,113983.86,113973.29,
0	20:29:15.003	utils EURUSD,M15: 标准差=70.59999999999999
0	20:29:15.003	utils EURUSD,M15: =======计算方差=====70.59999999999999
0	20:29:15.003	utils EURUSD,M15: uninit reason 0
0	20:29:15.010	Script utils EURUSD,M15: removed
0	20:30:51.319	Script my\utils EURUSD,M15: loaded successfully
0	20:30:51.319	utils EURUSD,M15 inputs: orderMagic=123456; moveStopLost=100; startMoveStopLost=0; startSaveProfit=100; 
0	20:30:51.392	utils EURUSD,M15: initialized
0	20:30:51.396	utils EURUSD,M15: 113986,114009.71,114045,114058.14,114028.86,114000.57,113946,113908.29,113875.86,113839.29,113816.71,113858.57,113885.57,113924,113980,114005,114009.29,114022.57,114007.86,113983.86,
0	20:30:51.396	utils EURUSD,M15: 标准差=70.8
0	20:30:51.396	utils EURUSD,M15: =======计算方差=====70.78
0	20:30:51.396	utils EURUSD,M15: uninit reason 0
0	20:30:51.438	Script utils EURUSD,M15: removed
0	20:31:27.905	Script my\utils EURUSD,M15: loaded successfully
0	20:31:27.905	utils EURUSD,M15 inputs: orderMagic=123456; moveStopLost=100; startMoveStopLost=0; startSaveProfit=100; 
0	20:31:27.927	utils EURUSD,M15: initialized
0	20:31:27.930	utils EURUSD,M15: 113978.14,113986,114009.71,114045,114058.14,114028.86,114000.57,113946,113908.29,113875.86,113839.29,113816.71,113858.57,113885.57,113924,113980,114005,114009.29,114022.57,114007.86,
0	20:31:27.930	utils EURUSD,M15: 标准差=70.7
0	20:31:27.930	utils EURUSD,M15: =======计算方差=====70.69
0	20:31:27.930	utils EURUSD,M15: uninit reason 0
0	20:31:27.935	Script utils EURUSD,M15: removed
0	20:32:41.398	Script my\utils EURUSD,M15: loaded successfully
0	20:32:41.398	utils EURUSD,M15 inputs: orderMagic=123456; moveStopLost=100; startMoveStopLost=0; startSaveProfit=100; 
0	20:32:41.486	utils EURUSD,M15: initialized
0	20:32:41.491	utils EURUSD,M15: 113973.29,113986,114009.71,114045,114058.14,114028.86,114000.57,113946,113908.29,113875.86,113839.29,113816.71,113858.57,113885.57,113924,113980,114005,114009.29,114022.57,114007.86,
0	20:32:41.491	utils EURUSD,M15: =======计算方差=====70.63
0	20:32:41.491	utils EURUSD,M15: uninit reason 0
0	20:32:41.535	Script utils EURUSD,M15: removed
0	20:32:51.009	Script my\utils EURUSD,M15: loaded successfully
0	20:32:51.009	utils EURUSD,M15 inputs: orderMagic=123456; moveStopLost=100; startMoveStopLost=0; startSaveProfit=100; 
0	20:32:51.074	utils EURUSD,M15: initialized
0	20:32:51.078	utils EURUSD,M15: 113973.29,113986,114009.71,114045,114058.14,114028.86,114000.57,113946,113908.29,113875.86,113839.29,113816.71,113858.57,113885.57,113924,113980,114005,114009.29,114022.57,114007.86,
0	20:32:51.078	utils EURUSD,M15: =======计算方差=====70.63
0	20:32:51.078	utils EURUSD,M15: uninit reason 0
0	20:32:51.083	Script utils EURUSD,M15: removed
0	20:34:21.629	Script my\utils EURUSD,M15: loaded successfully
0	20:34:21.629	utils EURUSD,M15 inputs: orderMagic=123456; moveStopLost=100; startMoveStopLost=0; startSaveProfit=100; 
0	20:34:21.678	utils EURUSD,M15: initialized
0	20:34:21.681	utils EURUSD,M15: =======计算方差=====70.66
0	20:34:21.681	utils EURUSD,M15: =======计算方差=====70.78
0	20:34:21.681	utils EURUSD,M15: =======计算方差=====70.59999999999999
0	20:34:21.681	utils EURUSD,M15: =======计算方差=====69.63
0	20:34:21.681	utils EURUSD,M15: =======计算方差=====66.61
0	20:34:21.681	utils EURUSD,M15: =======计算方差=====61.91
0	20:34:21.681	utils EURUSD,M15: =======计算方差=====58.87
0	20:34:21.681	utils EURUSD,M15: =======计算方差=====57.29
0	20:34:21.681	utils EURUSD,M15: =======计算方差=====57.34
0	20:34:21.681	utils EURUSD,M15: =======计算方差=====57.16
0	20:34:21.681	utils EURUSD,M15: =======计算方差=====55.68
0	20:34:21.681	utils EURUSD,M15: =======计算方差=====51.07
0	20:34:21.681	utils EURUSD,M15: =======计算方差=====42.53
0	20:34:21.681	utils EURUSD,M15: =======计算方差=====37.71
0	20:34:21.682	utils EURUSD,M15: =======计算方差=====35.07
0	20:34:21.682	utils EURUSD,M15: =======计算方差=====34.81
0	20:34:21.682	utils EURUSD,M15: =======计算方差=====34.61
0	20:34:21.682	utils EURUSD,M15: =======计算方差=====32.66
0	20:34:21.682	utils EURUSD,M15: =======计算方差=====29.9
0	20:34:21.682	utils EURUSD,M15: =======计算方差=====24.3
0	20:34:21.682	utils EURUSD,M15: =======计算方差=====18.98
0	20:34:21.682	utils EURUSD,M15: =======计算方差=====15.93
0	20:34:21.682	utils EURUSD,M15: =======计算方差=====13.31
0	20:34:21.682	utils EURUSD,M15: =======计算方差=====12.43
0	20:34:21.682	utils EURUSD,M15: =======计算方差=====12.02
0	20:34:21.682	utils EURUSD,M15: =======计算方差=====11
0	20:34:21.682	utils EURUSD,M15: =======计算方差=====10.61
0	20:34:21.682	utils EURUSD,M15: =======计算方差=====11.98
0	20:34:21.682	utils EURUSD,M15: =======计算方差=====15.31
0	20:34:21.682	utils EURUSD,M15: =======计算方差=====20.11
0	20:34:21.682	utils EURUSD,M15: =======计算方差=====25.33
0	20:34:21.682	utils EURUSD,M15: =======计算方差=====30.25
0	20:34:21.682	utils EURUSD,M15: =======计算方差=====34.45
0	20:34:21.682	utils EURUSD,M15: =======计算方差=====38.25
0	20:34:21.682	utils EURUSD,M15: =======计算方差=====41.45
0	20:34:21.682	utils EURUSD,M15: =======计算方差=====43.89
0	20:34:21.682	utils EURUSD,M15: =======计算方差=====46.05
0	20:34:21.682	utils EURUSD,M15: =======计算方差=====48.41
0	20:34:21.683	utils EURUSD,M15: =======计算方差=====50.43
0	20:34:21.683	utils EURUSD,M15: =======计算方差=====52.42
0	20:34:21.683	utils EURUSD,M15: =======计算方差=====54.39
0	20:34:21.683	utils EURUSD,M15: =======计算方差=====55.03
0	20:34:21.683	utils EURUSD,M15: =======计算方差=====55.14
0	20:34:21.683	utils EURUSD,M15: =======计算方差=====53.84
0	20:34:21.683	utils EURUSD,M15: =======计算方差=====50.89
0	20:34:21.683	utils EURUSD,M15: =======计算方差=====46.97
0	20:34:21.683	utils EURUSD,M15: =======计算方差=====41.78
0	20:34:21.683	utils EURUSD,M15: =======计算方差=====36.75
0	20:34:21.683	utils EURUSD,M15: =======计算方差=====33.18
0	20:34:21.683	utils EURUSD,M15: =======计算方差=====32.36
0	20:34:21.683	utils EURUSD,M15: uninit reason 0
0	20:34:21.688	Script utils EURUSD,M15: removed
0	20:36:20.619	Script my\utils EURUSD,M15: loaded successfully
0	20:36:20.619	utils EURUSD,M15 inputs: orderMagic=123456; moveStopLost=100; startMoveStopLost=0; startSaveProfit=100; 
0	20:36:20.638	utils EURUSD,M15: initialized
0	20:36:20.641	utils EURUSD,M15: =======计算方差=====70.64
0	20:36:20.641	utils EURUSD,M15: uninit reason 0
0	20:36:20.644	Script utils EURUSD,M15: removed
0	20:36:45.829	Script my\utils EURUSD,M15: loaded successfully
0	20:36:45.829	utils EURUSD,M15 inputs: orderMagic=123456; moveStopLost=100; startMoveStopLost=0; startSaveProfit=100; 
0	20:36:45.899	utils EURUSD,M15: initialized
0	20:36:45.906	utils EURUSD,M15: =======计算方差=====70.63
0	20:36:45.906	utils EURUSD,M15: uninit reason 0
0	20:36:45.917	Script utils EURUSD,M15: removed
0	20:37:07.876	Script my\utils EURUSD,M15: loaded successfully
0	20:37:07.876	utils EURUSD,M15 inputs: orderMagic=123456; moveStopLost=100; startMoveStopLost=0; startSaveProfit=100; 
0	20:37:07.947	utils EURUSD,M15: initialized
0	20:37:07.977	utils EURUSD,M15: =======计算方差=====55.83
0	20:37:07.977	utils EURUSD,M15: uninit reason 0
0	20:37:07.984	Script utils EURUSD,M15: removed
0	20:37:20.952	Script my\utils EURUSD,M15: loaded successfully
0	20:37:20.952	utils EURUSD,M15 inputs: orderMagic=123456; moveStopLost=100; startMoveStopLost=0; startSaveProfit=100; 
0	20:37:21.130	utils EURUSD,M15: initialized
0	20:37:21.142	utils EURUSD,M15: =======计算方差=====55.83
0	20:37:21.142	utils EURUSD,M15: =======计算方差=====70.68000000000001
0	20:37:21.142	utils EURUSD,M15: =======计算方差=====83.81999999999999
0	20:37:21.143	utils EURUSD,M15: =======计算方差=====85.8
0	20:37:21.143	utils EURUSD,M15: =======计算方差=====78.93000000000001
0	20:37:21.143	utils EURUSD,M15: =======计算方差=====64.73999999999999
0	20:37:21.143	utils EURUSD,M15: =======计算方差=====56.82
0	20:37:21.143	utils EURUSD,M15: =======计算方差=====57.59
0	20:37:21.143	utils EURUSD,M15: =======计算方差=====64.88
0	20:37:21.143	utils EURUSD,M15: =======计算方差=====73.06999999999999
0	20:37:21.143	utils EURUSD,M15: =======计算方差=====75.48
0	20:37:21.143	utils EURUSD,M15: =======计算方差=====69.39
0	20:37:21.143	utils EURUSD,M15: =======计算方差=====53.55
0	20:37:21.143	utils EURUSD,M15: =======计算方差=====40.74
0	20:37:21.143	utils EURUSD,M15: =======计算方差=====30.82
0	20:37:21.143	utils EURUSD,M15: =======计算方差=====28.09
0	20:37:21.143	utils EURUSD,M15: =======计算方差=====31.62
0	20:37:21.143	utils EURUSD,M15: =======计算方差=====33.7
0	20:37:21.143	utils EURUSD,M15: =======计算方差=====33.5
0	20:37:21.143	utils EURUSD,M15: =======计算方差=====28.41
0	20:37:21.143	utils EURUSD,M15: =======计算方差=====22.06
0	20:37:21.143	utils EURUSD,M15: =======计算方差=====17.08
0	20:37:21.143	utils EURUSD,M15: =======计算方差=====11.29
0	20:37:21.143	utils EURUSD,M15: =======计算方差=====8.15
0	20:37:21.143	utils EURUSD,M15: =======计算方差=====6.74
0	20:37:21.143	utils EURUSD,M15: =======计算方差=====5.08
0	20:37:21.143	utils EURUSD,M15: =======计算方差=====4.55
0	20:37:21.143	utils EURUSD,M15: =======计算方差=====4.56
0	20:37:21.144	utils EURUSD,M15: =======计算方差=====4.97
0	20:37:21.144	utils EURUSD,M15: =======计算方差=====6.19
0	20:37:21.144	utils EURUSD,M15: =======计算方差=====8.25
0	20:37:21.144	utils EURUSD,M15: =======计算方差=====10.53
0	20:37:21.144	utils EURUSD,M15: =======计算方差=====12.25
0	20:37:21.144	utils EURUSD,M15: =======计算方差=====12.77
0	20:37:21.144	utils EURUSD,M15: =======计算方差=====12.21
0	20:37:21.144	utils EURUSD,M15: =======计算方差=====10.5
0	20:37:21.144	utils EURUSD,M15: =======计算方差=====9.99
0	20:37:21.144	utils EURUSD,M15: =======计算方差=====13.56
0	20:37:21.144	utils EURUSD,M15: =======计算方差=====20.3
0	20:37:21.144	utils EURUSD,M15: =======计算方差=====27.75
0	20:37:21.144	utils EURUSD,M15: =======计算方差=====34.14
0	20:37:21.144	utils EURUSD,M15: =======计算方差=====38.28
0	20:37:21.144	utils EURUSD,M15: =======计算方差=====39.57
0	20:37:21.144	utils EURUSD,M15: =======计算方差=====38.68
0	20:37:21.144	utils EURUSD,M15: =======计算方差=====35.38
0	20:37:21.144	utils EURUSD,M15: =======计算方差=====29.97
0	20:37:21.144	utils EURUSD,M15: =======计算方差=====23.71
0	20:37:21.144	utils EURUSD,M15: =======计算方差=====18.38
0	20:37:21.144	utils EURUSD,M15: =======计算方差=====15.06
0	20:37:21.144	utils EURUSD,M15: =======计算方差=====16.06
0	20:37:21.144	utils EURUSD,M15: uninit reason 0
0	20:37:21.154	Script utils EURUSD,M15: removed
0	20:41:02.320	Script my\utils EURUSD,M15: loaded successfully
0	20:41:02.320	utils EURUSD,M15 inputs: orderMagic=123456; moveStopLost=100; startMoveStopLost=0; startSaveProfit=100; 
0	20:41:02.362	utils EURUSD,M15: initialized
0	20:41:02.366	utils EURUSD,M15: =======计算方差=====56.06
0	20:41:02.366	utils EURUSD,M15: =======计算方差=====70.68000000000001
0	20:41:02.366	utils EURUSD,M15: =======计算方差=====83.81999999999999
0	20:41:02.366	utils EURUSD,M15: =======计算方差=====85.8
0	20:41:02.366	utils EURUSD,M15: =======计算方差=====78.93000000000001
0	20:41:02.366	utils EURUSD,M15: =======计算方差=====64.73999999999999
0	20:41:02.366	utils EURUSD,M15: =======计算方差=====56.82
0	20:41:02.366	utils EURUSD,M15: =======计算方差=====57.59
0	20:41:02.366	utils EURUSD,M15: =======计算方差=====64.88
0	20:41:02.366	utils EURUSD,M15: =======计算方差=====73.06999999999999
0	20:41:02.366	utils EURUSD,M15: =======计算方差=====75.48
0	20:41:02.366	utils EURUSD,M15: =======计算方差=====69.39
0	20:41:02.366	utils EURUSD,M15: =======计算方差=====53.55
0	20:41:02.366	utils EURUSD,M15: =======计算方差=====40.74
0	20:41:02.366	utils EURUSD,M15: =======计算方差=====30.82
0	20:41:02.366	utils EURUSD,M15: =======计算方差=====28.09
0	20:41:02.366	utils EURUSD,M15: =======计算方差=====31.62
0	20:41:02.366	utils EURUSD,M15: =======计算方差=====33.7
0	20:41:02.366	utils EURUSD,M15: =======计算方差=====33.5
0	20:41:02.366	utils EURUSD,M15: =======计算方差=====28.41
0	20:41:02.366	utils EURUSD,M15: =======计算方差=====22.06
0	20:41:02.366	utils EURUSD,M15: =======计算方差=====17.08
0	20:41:02.366	utils EURUSD,M15: =======计算方差=====11.29
0	20:41:02.366	utils EURUSD,M15: =======计算方差=====8.15
0	20:41:02.366	utils EURUSD,M15: =======计算方差=====6.74
0	20:41:02.366	utils EURUSD,M15: =======计算方差=====5.08
0	20:41:02.366	utils EURUSD,M15: =======计算方差=====4.55
0	20:41:02.366	utils EURUSD,M15: =======计算方差=====4.56
0	20:41:02.366	utils EURUSD,M15: =======计算方差=====4.97
0	20:41:02.366	utils EURUSD,M15: =======计算方差=====6.19
0	20:41:02.366	utils EURUSD,M15: =======计算方差=====8.25
0	20:41:02.366	utils EURUSD,M15: =======计算方差=====10.53
0	20:41:02.366	utils EURUSD,M15: =======计算方差=====12.25
0	20:41:02.366	utils EURUSD,M15: =======计算方差=====12.77
0	20:41:02.366	utils EURUSD,M15: =======计算方差=====12.21
0	20:41:02.366	utils EURUSD,M15: =======计算方差=====10.5
0	20:41:02.366	utils EURUSD,M15: =======计算方差=====9.99
0	20:41:02.366	utils EURUSD,M15: =======计算方差=====13.56
0	20:41:02.366	utils EURUSD,M15: =======计算方差=====20.3
0	20:41:02.366	utils EURUSD,M15: =======计算方差=====27.75
0	20:41:02.366	utils EURUSD,M15: =======计算方差=====34.14
0	20:41:02.366	utils EURUSD,M15: =======计算方差=====38.28
0	20:41:02.366	utils EURUSD,M15: =======计算方差=====39.57
0	20:41:02.367	utils EURUSD,M15: =======计算方差=====38.68
0	20:41:02.367	utils EURUSD,M15: =======计算方差=====35.38
0	20:41:02.367	utils EURUSD,M15: =======计算方差=====29.97
0	20:41:02.367	utils EURUSD,M15: =======计算方差=====23.71
0	20:41:02.367	utils EURUSD,M15: =======计算方差=====18.38
0	20:41:02.367	utils EURUSD,M15: =======计算方差=====15.06
0	20:41:02.367	utils EURUSD,M15: =======计算方差=====16.06
0	20:41:02.367	utils EURUSD,M15: uninit reason 0
0	20:41:02.370	Script utils EURUSD,M15: removed
0	20:41:15.535	Script my\utils EURUSD,M15: loaded successfully
0	20:41:15.535	utils EURUSD,M15 inputs: orderMagic=123456; moveStopLost=100; startMoveStopLost=0; startSaveProfit=100; 
0	20:41:15.570	utils EURUSD,M15: initialized
0	20:41:15.573	utils EURUSD,M15: 113965.57,113986,114009.71,114045,114058.14,114028.86,114000.57,113946,113908.29,113875.86,
0	20:41:15.573	utils EURUSD,M15: =======计算方差=====55.99
0	20:41:15.573	utils EURUSD,M15: uninit reason 0
0	20:41:15.575	Script utils EURUSD,M15: removed
0	20:45:27.320	Compiling 'my\MaVariance'
0	20:45:31.230	Compiling 'my\utils'
0	20:45:33.961	myMACD EURUSD,M15: uninit reason 2
0	20:45:33.963	Custom indicator myMACD EURUSD,M15: removed
0	20:45:33.974	Custom indicator myMACD EURUSD,M15: loaded successfully
0	20:45:33.982	myMACD EURUSD,M15: initialized
2	21:00:02.644	MyEA EURUSD,M15: open #85820770 sell 1.00 EURUSD at 1.13857 sl: 1.14057 tp: 1.13557 ok
2	21:02:40.782	MyEA EURUSD,M15: modify #85820770 sell 1.00 EURUSD at 1.13857 sl: 1.13847 tp: 1.13557 ok
2	22:45:02.528	MyEA EURUSD,M15: close #85820770 sell 1.00 EURUSD at 1.13857 sl: 1.13847 tp: 1.13557 at price 1.13798
